/opt/homebrew/Caskroom/miniforge/base/envs/reasoning/lib/python3.10/site-packages/torch/__init__.py:1264: UserWarning: torch.set_default_tensor_type() is deprecated as of PyTorch 2.1, please use torch.set_default_dtype() and torch.set_default_device() as alternatives. (Triggered internally at /Users/runner/work/pytorch/pytorch/pytorch/torch/csrc/tensor/python_tensor.cpp:436.)
  _C._set_default_tensor_type(t)
Using edge list dataloader
json_conf: {"checkpoint": "/Users/jayding/Desktop/DUKE/Research/BioStats_Lynn/diseaseembedding/results/disease90/disease90_embeddings_hybrid.pth", "dset": "/Users/jayding/Desktop/DUKE/Research/BioStats_Lynn/diseaseembedding/results/disease90/disease90_relations_hybrid.csv", "dim": 10, "manifold": "poincare", "model": "distance", "lr": 0.3, "epochs": 300, "batchsize": 64, "negs": 50, "burnin": 20, "dampening": 0.75, "ndproc": 4, "eval_each": 5, "fresh": true, "debug": false, "gpu": -1, "sym": false, "maxnorm": 500000, "sparse": true, "burnin_multiplier": 0.01, "neg_multiplier": 1.0, "quiet": false, "lr_type": "constant", "train_threads": 1, "margin": 0.1, "eval": "reconstruction"}
Burn in negs=50, lr=0.003

  0%|          | 0/15 [00:00<?, ?it/s]/Users/jayding/Desktop/DUKE/Research/BioStats_Lynn/diseaseembedding/poincare_reference/hype/manifolds/poincare.py:49: UserWarning: torch.sparse.SparseTensor(indices, values, shape, *, device=) is deprecated.  Please use torch.sparse_coo_tensor(indices, values, shape, dtype=, device=). (Triggered internally at /Users/runner/work/pytorch/pytorch/pytorch/torch/csrc/utils/tensor_new.cpp:655.)
  d_p = th.sparse.DoubleTensor(d_p._indices(), n_vals, d_p.size())

100%|██████████| 15/15 [00:00<00:00, 239.97it/s]
json_stats: {"epoch": 0, "elapsed": 0.06266462500207126, "loss": 3.9317724451797105, }
Burn in negs=50, lr=0.003

  0%|          | 0/15 [00:00<?, ?it/s]
 47%|████▋     | 7/15 [00:00<00:00, 67.84it/s]
100%|██████████| 15/15 [00:00<00:00, 114.16it/s]
json_stats: {"epoch": 1, "elapsed": 0.12840787501772866, "loss": 3.9316912615954474, }
Burn in negs=50, lr=0.003

  0%|          | 0/15 [00:00<?, ?it/s]
100%|██████████| 15/15 [00:00<00:00, 155.97it/s]
json_stats: {"epoch": 2, "elapsed": 0.09376537497155368, "loss": 3.9316081787518717, }
Burn in negs=50, lr=0.003

  0%|          | 0/15 [00:00<?, ?it/s]
100%|██████████| 15/15 [00:00<00:00, 184.69it/s]
json_stats: {"epoch": 3, "elapsed": 0.07980091602075845, "loss": 3.9315206099178863, }
Burn in negs=50, lr=0.003

  0%|          | 0/15 [00:00<?, ?it/s]
100%|██████████| 15/15 [00:00<00:00, 181.20it/s]
Burn in negs=50, lr=0.003

  0%|          | 0/15 [00:00<?, ?it/s]
100%|██████████| 15/15 [00:00<00:00, 180.32it/s]
json_stats: {"epoch": 5, "elapsed": 0.0821247500134632, "loss": 3.9313400905669673, }
Burn in negs=50, lr=0.003

  0%|          | 0/15 [00:00<?, ?it/s]
100%|██████████| 15/15 [00:00<00:00, 177.14it/s]
json_stats: {"epoch": 6, "elapsed": 0.08367058302974328, "loss": 3.9312453342964604, }
Burn in negs=50, lr=0.003

  0%|          | 0/15 [00:00<?, ?it/s]
100%|██████████| 15/15 [00:00<00:00, 175.68it/s]
json_stats: {"epoch": 7, "elapsed": 0.08432495797751471, "loss": 3.9311535408112843, }
Burn in negs=50, lr=0.003

  0%|          | 0/15 [00:00<?, ?it/s]
100%|██████████| 15/15 [00:00<00:00, 176.17it/s]
json_stats: {"epoch": 8, "elapsed": 0.08413604204542935, "loss": 3.9310602626873004, }
Burn in negs=50, lr=0.003

  0%|          | 0/15 [00:00<?, ?it/s]
100%|██████████| 15/15 [00:00<00:00, 184.47it/s]
Burn in negs=50, lr=0.003

  0%|          | 0/15 [00:00<?, ?it/s]
100%|██████████| 15/15 [00:00<00:00, 181.52it/s]
json_stats: {"epoch": 10, "elapsed": 0.08157841698266566, "loss": 3.9308705266464563, }
Burn in negs=50, lr=0.003

  0%|          | 0/15 [00:00<?, ?it/s]
100%|██████████| 15/15 [00:00<00:00, 179.73it/s]
json_stats: {"epoch": 11, "elapsed": 0.08245341700967401, "loss": 3.930774731065559, }
Burn in negs=50, lr=0.003

  0%|          | 0/15 [00:00<?, ?it/s]
100%|██████████| 15/15 [00:00<00:00, 180.60it/s]
json_stats: {"epoch": 12, "elapsed": 0.08202733297366649, "loss": 3.9306775011926116, }
Burn in negs=50, lr=0.003

  0%|          | 0/15 [00:00<?, ?it/s]
100%|██████████| 15/15 [00:00<00:00, 204.37it/s]
json_stats: {"epoch": 13, "elapsed": 0.07246308302273974, "loss": 3.930581453917368, }
Burn in negs=50, lr=0.003

  0%|          | 0/15 [00:00<?, ?it/s]
100%|██████████| 15/15 [00:00<00:00, 202.63it/s]
json_stats: {"epoch": 9, "elapsed": 0.08013137499801815, "loss": 3.930966055469702, "sqnorm_min": 5.16660074936226e-05, "sqnorm_avg": 0.0004016671155113727, "sqnorm_max": 0.0014952507335692644, "mean_rank": 200.42291666666668, "map_rank": 0.026814711584695096, "best": true}
Burn in negs=50, lr=0.003

  0%|          | 0/15 [00:00<?, ?it/s]
100%|██████████| 15/15 [00:00<00:00, 185.57it/s]
json_stats: {"epoch": 15, "elapsed": 0.0797882080078125, "loss": 3.9303850439614285, }
Burn in negs=50, lr=0.003

  0%|          | 0/15 [00:00<?, ?it/s]
100%|██████████| 15/15 [00:00<00:00, 197.11it/s]
json_stats: {"epoch": 16, "elapsed": 0.07500762498239055, "loss": 3.9302849419715113, }
Burn in negs=50, lr=0.003

  0%|          | 0/15 [00:00<?, ?it/s]
100%|██████████| 15/15 [00:00<00:00, 203.16it/s]
json_stats: {"epoch": 17, "elapsed": 0.0727352499961853, "loss": 3.9301828340167106, }
Burn in negs=50, lr=0.003

  0%|          | 0/15 [00:00<?, ?it/s]
100%|██████████| 15/15 [00:00<00:00, 200.83it/s]
json_stats: {"epoch": 18, "elapsed": 0.0734201250015758, "loss": 3.930080743070669, }
Burn in negs=50, lr=0.003

  0%|          | 0/15 [00:00<?, ?it/s]
100%|██████████| 15/15 [00:00<00:00, 198.97it/s]
json_stats: {"epoch": 14, "elapsed": 0.0729855410172604, "loss": 3.9304826022507013, "sqnorm_min": 8.362819789908826e-05, "sqnorm_avg": 0.0005746997776441276, "sqnorm_max": 0.0021958756260573864, "mean_rank": 184.41666666666666, "map_rank": 0.04051656254148808, "best": true}

  0%|          | 0/15 [00:00<?, ?it/s]
100%|██████████| 15/15 [00:00<00:00, 253.12it/s]
json_stats: {"epoch": 20, "elapsed": 0.05791362497257069, "loss": 3.9326936973642286, }

  0%|          | 0/15 [00:00<?, ?it/s]
100%|██████████| 15/15 [00:00<00:00, 274.92it/s]
json_stats: {"epoch": 21, "elapsed": 0.05341500003123656, "loss": 3.9230396692417977, }

  0%|          | 0/15 [00:00<?, ?it/s]
100%|██████████| 15/15 [00:00<00:00, 277.36it/s]
json_stats: {"epoch": 22, "elapsed": 0.05294754198985174, "loss": 3.912558386356838, }

  0%|          | 0/15 [00:00<?, ?it/s]
100%|██████████| 15/15 [00:00<00:00, 283.03it/s]
json_stats: {"epoch": 23, "elapsed": 0.051807125040795654, "loss": 3.9013205554524157, }

  0%|          | 0/15 [00:00<?, ?it/s]
100%|██████████| 15/15 [00:00<00:00, 285.04it/s]
json_stats: {"epoch": 19, "elapsed": 0.07414208399131894, "loss": 3.9299761095213026, "sqnorm_min": 0.0001264442253159359, "sqnorm_avg": 0.0007593993796035647, "sqnorm_max": 0.0028925221413373947, "mean_rank": 171.28645833333334, "map_rank": 0.047805575595619695, "best": true}

  0%|          | 0/15 [00:00<?, ?it/s]
100%|██████████| 15/15 [00:00<00:00, 256.60it/s]
json_stats: {"epoch": 25, "elapsed": 0.057274999970104545, "loss": 3.877176666219058, }

  0%|          | 0/15 [00:00<?, ?it/s]
100%|██████████| 15/15 [00:00<00:00, 241.93it/s]
json_stats: {"epoch": 26, "elapsed": 0.06091529200784862, "loss": 3.865022157853567, }

  0%|          | 0/15 [00:00<?, ?it/s]
100%|██████████| 15/15 [00:00<00:00, 292.94it/s]
json_stats: {"epoch": 27, "elapsed": 0.05007241596467793, "loss": 3.8529459251543545, }

  0%|          | 0/15 [00:00<?, ?it/s]
100%|██████████| 15/15 [00:00<00:00, 285.92it/s]
json_stats: {"epoch": 28, "elapsed": 0.05129391700029373, "loss": 3.840605422700322, }

  0%|          | 0/15 [00:00<?, ?it/s]
100%|██████████| 15/15 [00:00<00:00, 288.61it/s]
json_stats: {"epoch": 24, "elapsed": 0.05137066601309925, "loss": 3.8895760799803005, "sqnorm_min": 0.004634389188140631, "sqnorm_avg": 0.02469635009765625, "sqnorm_max": 0.03420669957995415, "mean_rank": 16.372916666666665, "map_rank": 0.2470104804388339, "best": true}

  0%|          | 0/15 [00:00<?, ?it/s]
100%|██████████| 15/15 [00:00<00:00, 261.07it/s]
json_stats: {"epoch": 30, "elapsed": 0.05618499999400228, "loss": 3.816687734351638, }

  0%|          | 0/15 [00:00<?, ?it/s]
100%|██████████| 15/15 [00:00<00:00, 262.97it/s]
json_stats: {"epoch": 31, "elapsed": 0.05583395902067423, "loss": 3.8045069480883966, }

  0%|          | 0/15 [00:00<?, ?it/s]
100%|██████████| 15/15 [00:00<00:00, 287.14it/s]
json_stats: {"epoch": 32, "elapsed": 0.051054209005087614, "loss": 3.79217922962234, }

  0%|          | 0/15 [00:00<?, ?it/s]
100%|██████████| 15/15 [00:00<00:00, 304.51it/s]
json_stats: {"epoch": 33, "elapsed": 0.048103875014930964, "loss": 3.780334525498185, }

  0%|          | 0/15 [00:00<?, ?it/s]
100%|██████████| 15/15 [00:00<00:00, 284.00it/s]
json_stats: {"epoch": 29, "elapsed": 0.05089987500105053, "loss": 3.8281325973593576, "sqnorm_min": 0.008048595860600471, "sqnorm_avg": 0.05003250017762184, "sqnorm_max": 0.0665399357676506, "mean_rank": 22.022916666666667, "map_rank": 0.18067012853697192, "best": true}

  0%|          | 0/15 [00:00<?, ?it/s]
100%|██████████| 15/15 [00:00<00:00, 251.09it/s]
json_stats: {"epoch": 35, "elapsed": 0.05861491698306054, "loss": 3.7558736505503467, }

  0%|          | 0/15 [00:00<?, ?it/s]
100%|██████████| 15/15 [00:00<00:00, 273.30it/s]
json_stats: {"epoch": 36, "elapsed": 0.05375058302888647, "loss": 3.744242562869285, }

  0%|          | 0/15 [00:00<?, ?it/s]
100%|██████████| 15/15 [00:00<00:00, 290.60it/s]
json_stats: {"epoch": 37, "elapsed": 0.05043291597394273, "loss": 3.7327320178210917, }

  0%|          | 0/15 [00:00<?, ?it/s]
100%|██████████| 15/15 [00:00<00:00, 315.09it/s]
json_stats: {"epoch": 38, "elapsed": 0.04618750000372529, "loss": 3.7203632457656255, }

  0%|          | 0/15 [00:00<?, ?it/s]
100%|██████████| 15/15 [00:00<00:00, 287.43it/s]
json_stats: {"epoch": 34, "elapsed": 0.051741041999775916, "loss": 3.76835519625597, "sqnorm_min": 0.006635153666138649, "sqnorm_avg": 0.07568340003490448, "sqnorm_max": 0.09829817712306976, "mean_rank": 23.6, "map_rank": 0.17020792925344053, "best": true}

  0%|          | 0/15 [00:00<?, ?it/s]
100%|██████████| 15/15 [00:00<00:00, 271.01it/s]
json_stats: {"epoch": 40, "elapsed": 0.0541803750093095, "loss": 3.698027775237219, }

  0%|          | 0/15 [00:00<?, ?it/s]
100%|██████████| 15/15 [00:00<00:00, 263.39it/s]
json_stats: {"epoch": 41, "elapsed": 0.05566658399766311, "loss": 3.685560711932113, }

  0%|          | 0/15 [00:00<?, ?it/s]
100%|██████████| 15/15 [00:00<00:00, 285.24it/s]
json_stats: {"epoch": 42, "elapsed": 0.051408082945272326, "loss": 3.6739331179289887, }

  0%|          | 0/15 [00:00<?, ?it/s]
100%|██████████| 15/15 [00:00<00:00, 317.80it/s]
json_stats: {"epoch": 43, "elapsed": 0.045997834007721394, "loss": 3.6619630699458754, }

  0%|          | 0/15 [00:00<?, ?it/s]
100%|██████████| 15/15 [00:00<00:00, 306.77it/s]
json_stats: {"epoch": 39, "elapsed": 0.05110804195282981, "loss": 3.708943781713439, "sqnorm_min": 0.013301566243171692, "sqnorm_avg": 0.10119059681892395, "sqnorm_max": 0.12972982227802277, "mean_rank": 24.805208333333333, "map_rank": 0.16058738109368648, "best": true}

  0%|          | 0/15 [00:00<?, ?it/s]
100%|██████████| 15/15 [00:00<00:00, 266.42it/s]
json_stats: {"epoch": 45, "elapsed": 0.05514108296483755, "loss": 3.638235048987612, }

  0%|          | 0/15 [00:00<?, ?it/s]
100%|██████████| 15/15 [00:00<00:00, 284.53it/s]
json_stats: {"epoch": 46, "elapsed": 0.05163649999303743, "loss": 3.627127975970136, }

  0%|          | 0/15 [00:00<?, ?it/s]
100%|██████████| 15/15 [00:00<00:00, 292.47it/s]
json_stats: {"epoch": 47, "elapsed": 0.0501259159645997, "loss": 3.6154324434671423, }

  0%|          | 0/15 [00:00<?, ?it/s]
100%|██████████| 15/15 [00:00<00:00, 302.85it/s]
json_stats: {"epoch": 48, "elapsed": 0.048385749978479, "loss": 3.6038725819816153, }

  0%|          | 0/15 [00:00<?, ?it/s]
100%|██████████| 15/15 [00:00<00:00, 294.59it/s]
json_stats: {"epoch": 44, "elapsed": 0.04742883302969858, "loss": 3.6504966181112564, "sqnorm_min": 0.013204197399318218, "sqnorm_avg": 0.12635576725006104, "sqnorm_max": 0.15956199169158936, "mean_rank": 26.127083333333335, "map_rank": 0.16271615778544157, "best": true}

  0%|          | 0/15 [00:00<?, ?it/s]
100%|██████████| 15/15 [00:00<00:00, 252.86it/s]
json_stats: {"epoch": 50, "elapsed": 0.05815604195231572, "loss": 3.5818575912995243, }

  0%|          | 0/15 [00:00<?, ?it/s]
100%|██████████| 15/15 [00:00<00:00, 268.95it/s]
json_stats: {"epoch": 51, "elapsed": 0.05462591699324548, "loss": 3.569011695791402, }

  0%|          | 0/15 [00:00<?, ?it/s]
100%|██████████| 15/15 [00:00<00:00, 291.42it/s]
json_stats: {"epoch": 52, "elapsed": 0.05027120799059048, "loss": 3.5594703267961676, }

  0%|          | 0/15 [00:00<?, ?it/s]
100%|██████████| 15/15 [00:00<00:00, 285.88it/s]
json_stats: {"epoch": 53, "elapsed": 0.0512565829558298, "loss": 3.547933663096857, }

  0%|          | 0/15 [00:00<?, ?it/s]
100%|██████████| 15/15 [00:00<00:00, 304.21it/s]
json_stats: {"epoch": 49, "elapsed": 0.04967737500555813, "loss": 3.5928275591129677, "sqnorm_min": 0.024184904992580414, "sqnorm_avg": 0.1512417048215866, "sqnorm_max": 0.18949991464614868, "mean_rank": 23.751041666666666, "map_rank": 0.1694123033434209, "best": true}

  0%|          | 0/15 [00:00<?, ?it/s]
100%|██████████| 15/15 [00:00<00:00, 265.50it/s]
json_stats: {"epoch": 55, "elapsed": 0.05535412498284131, "loss": 3.524789609650517, }

  0%|          | 0/15 [00:00<?, ?it/s]
100%|██████████| 15/15 [00:00<00:00, 268.00it/s]
json_stats: {"epoch": 56, "elapsed": 0.05487237503984943, "loss": 3.5135143287783666, }

  0%|          | 0/15 [00:00<?, ?it/s]
100%|██████████| 15/15 [00:00<00:00, 275.65it/s]
json_stats: {"epoch": 57, "elapsed": 0.05327904096338898, "loss": 3.502360728922011, }

  0%|          | 0/15 [00:00<?, ?it/s]
100%|██████████| 15/15 [00:00<00:00, 291.25it/s]
json_stats: {"epoch": 58, "elapsed": 0.05035058403154835, "loss": 3.4914427311979908, }

  0%|          | 0/15 [00:00<?, ?it/s]
100%|██████████| 15/15 [00:00<00:00, 293.84it/s]
json_stats: {"epoch": 54, "elapsed": 0.048176457989029586, "loss": 3.5364097096260765, "sqnorm_min": 0.021240083500742912, "sqnorm_avg": 0.17566579580307007, "sqnorm_max": 0.21888941526412964, "mean_rank": 25.50625, "map_rank": 0.15497141618393714, "best": true}

  0%|          | 0/15 [00:00<?, ?it/s]
100%|██████████| 15/15 [00:00<00:00, 278.84it/s]
json_stats: {"epoch": 60, "elapsed": 0.052639916946645826, "loss": 3.4675765087131234, }

  0%|          | 0/15 [00:00<?, ?it/s]
100%|██████████| 15/15 [00:00<00:00, 289.64it/s]
json_stats: {"epoch": 61, "elapsed": 0.050453333009500057, "loss": 3.458564413075165, }

  0%|          | 0/15 [00:00<?, ?it/s]
100%|██████████| 15/15 [00:00<00:00, 293.85it/s]
json_stats: {"epoch": 62, "elapsed": 0.049989040999207646, "loss": 3.4494874334250483, }

  0%|          | 0/15 [00:00<?, ?it/s]
100%|██████████| 15/15 [00:00<00:00, 313.39it/s]
json_stats: {"epoch": 63, "elapsed": 0.04665024997666478, "loss": 3.4374847216088806, }

  0%|          | 0/15 [00:00<?, ?it/s]
100%|██████████| 15/15 [00:00<00:00, 290.34it/s]
json_stats: {"epoch": 59, "elapsed": 0.04971045901766047, "loss": 3.478912350047771, "sqnorm_min": 0.021553438156843185, "sqnorm_avg": 0.19971954822540283, "sqnorm_max": 0.24793079495429993, "mean_rank": 26.911458333333332, "map_rank": 0.15001835353261792, "best": true}

  0%|          | 0/15 [00:00<?, ?it/s]
100%|██████████| 15/15 [00:00<00:00, 257.15it/s]
json_stats: {"epoch": 65, "elapsed": 0.057063083979301155, "loss": 3.4129036985538344, }

  0%|          | 0/15 [00:00<?, ?it/s]
100%|██████████| 15/15 [00:00<00:00, 273.66it/s]
json_stats: {"epoch": 66, "elapsed": 0.053571624972391874, "loss": 3.403483384618164, }

  0%|          | 0/15 [00:00<?, ?it/s]
100%|██████████| 15/15 [00:00<00:00, 284.26it/s]
json_stats: {"epoch": 67, "elapsed": 0.051560375024564564, "loss": 3.3947117842284458, }

  0%|          | 0/15 [00:00<?, ?it/s]
100%|██████████| 15/15 [00:00<00:00, 302.83it/s]
json_stats: {"epoch": 68, "elapsed": 0.04839899996295571, "loss": 3.3842724021424764, }

  0%|          | 0/15 [00:00<?, ?it/s]
100%|██████████| 15/15 [00:00<00:00, 305.87it/s]
json_stats: {"epoch": 64, "elapsed": 0.050382208020891994, "loss": 3.425535902570897, "sqnorm_min": 0.021369006484746933, "sqnorm_avg": 0.2232961505651474, "sqnorm_max": 0.2771070897579193, "mean_rank": 25.611458333333335, "map_rank": 0.16939385662136242, "best": true}

  0%|          | 0/15 [00:00<?, ?it/s]
100%|██████████| 15/15 [00:00<00:00, 259.87it/s]
json_stats: {"epoch": 70, "elapsed": 0.056538417004048824, "loss": 3.363234316074236, }

  0%|          | 0/15 [00:00<?, ?it/s]
100%|██████████| 15/15 [00:00<00:00, 271.08it/s]
json_stats: {"epoch": 71, "elapsed": 0.05423770897323266, "loss": 3.3507803202527833, }

  0%|          | 0/15 [00:00<?, ?it/s]
100%|██████████| 15/15 [00:00<00:00, 285.77it/s]
json_stats: {"epoch": 72, "elapsed": 0.05113033298403025, "loss": 3.3411978208644864, }

  0%|          | 0/15 [00:00<?, ?it/s]
100%|██████████| 15/15 [00:00<00:00, 298.94it/s]
json_stats: {"epoch": 73, "elapsed": 0.04900612501660362, "loss": 3.3294704178023555, }

  0%|          | 0/15 [00:00<?, ?it/s]
100%|██████████| 15/15 [00:00<00:00, 296.19it/s]
json_stats: {"epoch": 69, "elapsed": 0.048014291969593614, "loss": 3.3751850811050503, "sqnorm_min": 0.023124800994992256, "sqnorm_avg": 0.2463700771331787, "sqnorm_max": 0.30251938104629517, "mean_rank": 26.551041666666666, "map_rank": 0.16501874487003798, "best": true}

  0%|          | 0/15 [00:00<?, ?it/s]
100%|██████████| 15/15 [00:00<00:00, 277.28it/s]
json_stats: {"epoch": 75, "elapsed": 0.05281616601860151, "loss": 3.3085572380927477, }

  0%|          | 0/15 [00:00<?, ?it/s]
100%|██████████| 15/15 [00:00<00:00, 295.72it/s]
json_stats: {"epoch": 76, "elapsed": 0.04943012504372746, "loss": 3.2991339022343324, }

  0%|          | 0/15 [00:00<?, ?it/s]
100%|██████████| 15/15 [00:00<00:00, 278.39it/s]
json_stats: {"epoch": 77, "elapsed": 0.05269333400065079, "loss": 3.2876635360536945, }

  0%|          | 0/15 [00:00<?, ?it/s]
100%|██████████| 15/15 [00:00<00:00, 281.73it/s]
json_stats: {"epoch": 78, "elapsed": 0.052133249992039055, "loss": 3.2790537650237876, }

  0%|          | 0/15 [00:00<?, ?it/s]
100%|██████████| 15/15 [00:00<00:00, 285.43it/s]
json_stats: {"epoch": 74, "elapsed": 0.04943533299956471, "loss": 3.3190829761390765, "sqnorm_min": 0.029968252405524254, "sqnorm_avg": 0.2689853012561798, "sqnorm_max": 0.32876473665237427, "mean_rank": 24.686458333333334, "map_rank": 0.17793742551543282, "best": true}

  0%|          | 0/15 [00:00<?, ?it/s]
100%|██████████| 15/15 [00:00<00:00, 244.95it/s]
json_stats: {"epoch": 80, "elapsed": 0.06014816596871242, "loss": 3.2563638316839505, }

  0%|          | 0/15 [00:00<?, ?it/s]
100%|██████████| 15/15 [00:00<00:00, 265.64it/s]
json_stats: {"epoch": 81, "elapsed": 0.0553212909726426, "loss": 3.2452875149963316, }

  0%|          | 0/15 [00:00<?, ?it/s]
100%|██████████| 15/15 [00:00<00:00, 291.16it/s]
json_stats: {"epoch": 82, "elapsed": 0.0502667500404641, "loss": 3.2372170266281852, }

  0%|          | 0/15 [00:00<?, ?it/s]
100%|██████████| 15/15 [00:00<00:00, 291.86it/s]
json_stats: {"epoch": 83, "elapsed": 0.05029179202392697, "loss": 3.2285761620829345, }

  0%|          | 0/15 [00:00<?, ?it/s]
100%|██████████| 15/15 [00:00<00:00, 298.79it/s]
json_stats: {"epoch": 79, "elapsed": 0.05144004203611985, "loss": 3.2699604215613918, "sqnorm_min": 0.03165225684642792, "sqnorm_avg": 0.2910596430301666, "sqnorm_max": 0.35538384318351746, "mean_rank": 25.484375, "map_rank": 0.17074719885665765, "best": true}

  0%|          | 0/15 [00:00<?, ?it/s]
100%|██████████| 15/15 [00:00<00:00, 265.14it/s]
json_stats: {"epoch": 85, "elapsed": 0.05530850001377985, "loss": 3.2093776870906625, }

  0%|          | 0/15 [00:00<?, ?it/s]
100%|██████████| 15/15 [00:00<00:00, 274.45it/s]
json_stats: {"epoch": 86, "elapsed": 0.05349504202604294, "loss": 3.1972958476769326, }

  0%|          | 0/15 [00:00<?, ?it/s]
100%|██████████| 15/15 [00:00<00:00, 269.95it/s]
json_stats: {"epoch": 87, "elapsed": 0.05414724996080622, "loss": 3.191901538198577, }

  0%|          | 0/15 [00:00<?, ?it/s]
100%|██████████| 15/15 [00:00<00:00, 285.99it/s]
json_stats: {"epoch": 88, "elapsed": 0.05140975001268089, "loss": 3.1828869103469772, }

  0%|          | 0/15 [00:00<?, ?it/s]
100%|██████████| 15/15 [00:00<00:00, 303.64it/s]
json_stats: {"epoch": 84, "elapsed": 0.0490971669787541, "loss": 3.217155729825193, "sqnorm_min": 0.03405972570180893, "sqnorm_avg": 0.3126439154148102, "sqnorm_max": 0.37997379899024963, "mean_rank": 21.616666666666667, "map_rank": 0.17801333877093353, "best": true}

  0%|          | 0/15 [00:00<?, ?it/s]
100%|██████████| 15/15 [00:00<00:00, 260.67it/s]
json_stats: {"epoch": 90, "elapsed": 0.05633058300008997, "loss": 3.1595324829962097, }

  0%|          | 0/15 [00:00<?, ?it/s]
100%|██████████| 15/15 [00:00<00:00, 263.97it/s]
json_stats: {"epoch": 91, "elapsed": 0.05564970802515745, "loss": 3.1491848184330054, }

  0%|          | 0/15 [00:00<?, ?it/s]
100%|██████████| 15/15 [00:00<00:00, 302.92it/s]
json_stats: {"epoch": 92, "elapsed": 0.04826749995118007, "loss": 3.1360485261905495, }

  0%|          | 0/15 [00:00<?, ?it/s]
100%|██████████| 15/15 [00:00<00:00, 292.15it/s]
json_stats: {"epoch": 93, "elapsed": 0.050127541995607316, "loss": 3.1324627640984986, }

  0%|          | 0/15 [00:00<?, ?it/s]
100%|██████████| 15/15 [00:00<00:00, 283.59it/s]
json_stats: {"epoch": 89, "elapsed": 0.048296541965100914, "loss": 3.172220911767726, "sqnorm_min": 0.03326308727264404, "sqnorm_avg": 0.3335241675376892, "sqnorm_max": 0.40487557649612427, "mean_rank": 24.305208333333333, "map_rank": 0.1692388215986285, "best": true}

  0%|          | 0/15 [00:00<?, ?it/s]
100%|██████████| 15/15 [00:00<00:00, 261.54it/s]
json_stats: {"epoch": 95, "elapsed": 0.05606333300238475, "loss": 3.1123587517535243, }

  0%|          | 0/15 [00:00<?, ?it/s]
100%|██████████| 15/15 [00:00<00:00, 265.98it/s]
json_stats: {"epoch": 96, "elapsed": 0.0551479589776136, "loss": 3.0989911112327375, }

  0%|          | 0/15 [00:00<?, ?it/s]
100%|██████████| 15/15 [00:00<00:00, 281.20it/s]
json_stats: {"epoch": 97, "elapsed": 0.05220908299088478, "loss": 3.0959523917415788, }

  0%|          | 0/15 [00:00<?, ?it/s]
100%|██████████| 15/15 [00:00<00:00, 289.77it/s]
json_stats: {"epoch": 98, "elapsed": 0.05059391702525318, "loss": 3.08215365865926, }

  0%|          | 0/15 [00:00<?, ?it/s]
100%|██████████| 15/15 [00:00<00:00, 288.58it/s]
json_stats: {"epoch": 94, "elapsed": 0.051573958015069366, "loss": 3.116841590916004, "sqnorm_min": 0.035246506333351135, "sqnorm_avg": 0.3539693355560303, "sqnorm_max": 0.428180992603302, "mean_rank": 21.357291666666665, "map_rank": 0.18084502986886086, "best": true}

  0%|          | 0/15 [00:00<?, ?it/s]
100%|██████████| 15/15 [00:00<00:00, 265.42it/s]
json_stats: {"epoch": 100, "elapsed": 0.055164333956781775, "loss": 3.063619929577331, }

  0%|          | 0/15 [00:00<?, ?it/s]
100%|██████████| 15/15 [00:00<00:00, 268.42it/s]
json_stats: {"epoch": 101, "elapsed": 0.054750541981775314, "loss": 3.0572575670674333, }

  0%|          | 0/15 [00:00<?, ?it/s]
100%|██████████| 15/15 [00:00<00:00, 292.07it/s]
json_stats: {"epoch": 102, "elapsed": 0.05030566599452868, "loss": 3.046135475843227, }

  0%|          | 0/15 [00:00<?, ?it/s]
100%|██████████| 15/15 [00:00<00:00, 278.55it/s]
json_stats: {"epoch": 103, "elapsed": 0.052628375007770956, "loss": 3.034983112362816, }

  0%|          | 0/15 [00:00<?, ?it/s]
100%|██████████| 15/15 [00:00<00:00, 293.08it/s]
json_stats: {"epoch": 99, "elapsed": 0.0508177499868907, "loss": 3.070263690006123, "sqnorm_min": 0.03529387339949608, "sqnorm_avg": 0.37381237745285034, "sqnorm_max": 0.4517376124858856, "mean_rank": 21.130208333333332, "map_rank": 0.19538307126086465, "best": true}

  0%|          | 0/15 [00:00<?, ?it/s]
100%|██████████| 15/15 [00:00<00:00, 263.16it/s]
json_stats: {"epoch": 105, "elapsed": 0.055862041015643626, "loss": 3.0191965953539963, }

  0%|          | 0/15 [00:00<?, ?it/s]
100%|██████████| 15/15 [00:00<00:00, 286.17it/s]
json_stats: {"epoch": 106, "elapsed": 0.051295624987687916, "loss": 3.008806874244247, }

  0%|          | 0/15 [00:00<?, ?it/s]
100%|██████████| 15/15 [00:00<00:00, 261.08it/s]
json_stats: {"epoch": 107, "elapsed": 0.05625766597222537, "loss": 2.9988598111504237, }

  0%|          | 0/15 [00:00<?, ?it/s]
100%|██████████| 15/15 [00:00<00:00, 288.92it/s]
json_stats: {"epoch": 108, "elapsed": 0.05083874997217208, "loss": 2.9945983433935766, }

  0%|          | 0/15 [00:00<?, ?it/s]
100%|██████████| 15/15 [00:00<00:00, 284.41it/s]
json_stats: {"epoch": 104, "elapsed": 0.04990675003500655, "loss": 3.029374956838946, "sqnorm_min": 0.03637674078345299, "sqnorm_avg": 0.39303088188171387, "sqnorm_max": 0.4724136292934418, "mean_rank": 20.201041666666665, "map_rank": 0.2082447121516286, "best": true}

  0%|          | 0/15 [00:00<?, ?it/s]
100%|██████████| 15/15 [00:00<00:00, 268.59it/s]
json_stats: {"epoch": 110, "elapsed": 0.05463383300229907, "loss": 2.968929874080991, }

  0%|          | 0/15 [00:00<?, ?it/s]
100%|██████████| 15/15 [00:00<00:00, 275.02it/s]
json_stats: {"epoch": 111, "elapsed": 0.053320958046242595, "loss": 2.9619485986876324, }

  0%|          | 0/15 [00:00<?, ?it/s]
100%|██████████| 15/15 [00:00<00:00, 290.59it/s]
json_stats: {"epoch": 112, "elapsed": 0.05043625005055219, "loss": 2.9547660910695557, }

  0%|          | 0/15 [00:00<?, ?it/s]
100%|██████████| 15/15 [00:00<00:00, 293.28it/s]
json_stats: {"epoch": 113, "elapsed": 0.050102082954254, "loss": 2.9468878207919085, }

  0%|          | 0/15 [00:00<?, ?it/s]
100%|██████████| 15/15 [00:00<00:00, 300.97it/s]
json_stats: {"epoch": 109, "elapsed": 0.051537874969653785, "loss": 2.9835250315215447, "sqnorm_min": 0.03750312700867653, "sqnorm_avg": 0.4116622805595398, "sqnorm_max": 0.4939723014831543, "mean_rank": 19.1, "map_rank": 0.20121519439127522, "best": true}

  0%|          | 0/15 [00:00<?, ?it/s]
100%|██████████| 15/15 [00:00<00:00, 252.56it/s]
json_stats: {"epoch": 115, "elapsed": 0.058075000008102506, "loss": 2.924506556149805, }

  0%|          | 0/15 [00:00<?, ?it/s]
100%|██████████| 15/15 [00:00<00:00, 269.77it/s]
json_stats: {"epoch": 116, "elapsed": 0.05445049999980256, "loss": 2.9203943904375347, }

  0%|          | 0/15 [00:00<?, ?it/s]
100%|██████████| 15/15 [00:00<00:00, 285.46it/s]
json_stats: {"epoch": 117, "elapsed": 0.051505332987289876, "loss": 2.9065898878387757, }

  0%|          | 0/15 [00:00<?, ?it/s]
100%|██████████| 15/15 [00:00<00:00, 290.41it/s]
json_stats: {"epoch": 118, "elapsed": 0.05057779100025073, "loss": 2.9048071581823725, }

  0%|          | 0/15 [00:00<?, ?it/s]
100%|██████████| 15/15 [00:00<00:00, 292.06it/s]
json_stats: {"epoch": 114, "elapsed": 0.048701625026296824, "loss": 2.9360352040278834, "sqnorm_min": 0.04145001247525215, "sqnorm_avg": 0.4297814965248108, "sqnorm_max": 0.5140455365180969, "mean_rank": 21.280208333333334, "map_rank": 0.18039876835206306, "best": true}

  0%|          | 0/15 [00:00<?, ?it/s]
100%|██████████| 15/15 [00:00<00:00, 265.06it/s]
json_stats: {"epoch": 120, "elapsed": 0.0552506250096485, "loss": 2.8889395950079906, }

  0%|          | 0/15 [00:00<?, ?it/s]
100%|██████████| 15/15 [00:00<00:00, 279.28it/s]
json_stats: {"epoch": 121, "elapsed": 0.05256999999983236, "loss": 2.881251159692216, }

  0%|          | 0/15 [00:00<?, ?it/s]
100%|██████████| 15/15 [00:00<00:00, 293.64it/s]
json_stats: {"epoch": 122, "elapsed": 0.04983716597780585, "loss": 2.8662629074804324, }

  0%|          | 0/15 [00:00<?, ?it/s]
100%|██████████| 15/15 [00:00<00:00, 302.86it/s]
json_stats: {"epoch": 123, "elapsed": 0.04830666596535593, "loss": 2.8653416650547454, }

  0%|          | 0/15 [00:00<?, ?it/s]
100%|██████████| 15/15 [00:00<00:00, 299.82it/s]
json_stats: {"epoch": 119, "elapsed": 0.05018112499965355, "loss": 2.8945408754794526, "sqnorm_min": 0.039703961461782455, "sqnorm_avg": 0.44730958342552185, "sqnorm_max": 0.5332438349723816, "mean_rank": 19.1, "map_rank": 0.20421270406473177, "best": true}

  0%|          | 0/15 [00:00<?, ?it/s]
100%|██████████| 15/15 [00:00<00:00, 254.14it/s]
json_stats: {"epoch": 125, "elapsed": 0.05788637499790639, "loss": 2.8428804795732376, }

  0%|          | 0/15 [00:00<?, ?it/s]
100%|██████████| 15/15 [00:00<00:00, 276.81it/s]
json_stats: {"epoch": 126, "elapsed": 0.053000957996118814, "loss": 2.8350635571862823, }

  0%|          | 0/15 [00:00<?, ?it/s]
100%|██████████| 15/15 [00:00<00:00, 275.91it/s]
json_stats: {"epoch": 127, "elapsed": 0.05316904099890962, "loss": 2.8294187453741215, }

  0%|          | 0/15 [00:00<?, ?it/s]
100%|██████████| 15/15 [00:00<00:00, 285.17it/s]
json_stats: {"epoch": 128, "elapsed": 0.051426125050056726, "loss": 2.8235256173899246, }

  0%|          | 0/15 [00:00<?, ?it/s]
100%|██████████| 15/15 [00:00<00:00, 305.34it/s]
json_stats: {"epoch": 124, "elapsed": 0.049004208005499095, "loss": 2.8501853051045996, "sqnorm_min": 0.04099853336811066, "sqnorm_avg": 0.46417298913002014, "sqnorm_max": 0.5514821410179138, "mean_rank": 19.469791666666666, "map_rank": 0.19553649354233785, "best": true}

  0%|          | 0/15 [00:00<?, ?it/s]
100%|██████████| 15/15 [00:00<00:00, 258.81it/s]
json_stats: {"epoch": 130, "elapsed": 0.05669545801356435, "loss": 2.803300620138189, }

  0%|          | 0/15 [00:00<?, ?it/s]
100%|██████████| 15/15 [00:00<00:00, 276.47it/s]
json_stats: {"epoch": 131, "elapsed": 0.05315695801982656, "loss": 2.7927243729175113, }

  0%|          | 0/15 [00:00<?, ?it/s]
100%|██████████| 15/15 [00:00<00:00, 291.37it/s]
json_stats: {"epoch": 132, "elapsed": 0.05033083300804719, "loss": 2.786648654171567, }

  0%|          | 0/15 [00:00<?, ?it/s]
100%|██████████| 15/15 [00:00<00:00, 287.84it/s]
json_stats: {"epoch": 133, "elapsed": 0.050965166999958456, "loss": 2.78316786517013, }

  0%|          | 0/15 [00:00<?, ?it/s]
100%|██████████| 15/15 [00:00<00:00, 293.47it/s]
json_stats: {"epoch": 129, "elapsed": 0.04791487497277558, "loss": 2.8093806934202012, "sqnorm_min": 0.04156873747706413, "sqnorm_avg": 0.48048338294029236, "sqnorm_max": 0.5681964755058289, "mean_rank": 18.277083333333334, "map_rank": 0.20769341720371484, "best": true}

  0%|          | 0/15 [00:00<?, ?it/s]
100%|██████████| 15/15 [00:00<00:00, 265.26it/s]
json_stats: {"epoch": 135, "elapsed": 0.05538591701770201, "loss": 2.7695774007976413, }

  0%|          | 0/15 [00:00<?, ?it/s]
100%|██████████| 15/15 [00:00<00:00, 268.93it/s]
json_stats: {"epoch": 136, "elapsed": 0.054649500001687557, "loss": 2.756978231468142, }

  0%|          | 0/15 [00:00<?, ?it/s]
100%|██████████| 15/15 [00:00<00:00, 278.33it/s]
json_stats: {"epoch": 137, "elapsed": 0.052586000005248934, "loss": 2.7487078507461975, }

  0%|          | 0/15 [00:00<?, ?it/s]
100%|██████████| 15/15 [00:00<00:00, 288.57it/s]
json_stats: {"epoch": 138, "elapsed": 0.050775500014424324, "loss": 2.740095248460591, }

  0%|          | 0/15 [00:00<?, ?it/s]
100%|██████████| 15/15 [00:00<00:00, 307.11it/s]
json_stats: {"epoch": 134, "elapsed": 0.04997050005476922, "loss": 2.7755215898038994, "sqnorm_min": 0.045102398842573166, "sqnorm_avg": 0.4962212145328522, "sqnorm_max": 0.5858278274536133, "mean_rank": 18.082291666666666, "map_rank": 0.21659028907806743, "best": true}

  0%|          | 0/15 [00:00<?, ?it/s]
100%|██████████| 15/15 [00:00<00:00, 252.87it/s]
json_stats: {"epoch": 140, "elapsed": 0.0581108340411447, "loss": 2.7273613324247927, }

  0%|          | 0/15 [00:00<?, ?it/s]
100%|██████████| 15/15 [00:00<00:00, 265.77it/s]
json_stats: {"epoch": 141, "elapsed": 0.055339250015094876, "loss": 2.722151984265338, }

  0%|          | 0/15 [00:00<?, ?it/s]
100%|██████████| 15/15 [00:00<00:00, 308.29it/s]
json_stats: {"epoch": 142, "elapsed": 0.0474304580129683, "loss": 2.709218045952329, }

  0%|          | 0/15 [00:00<?, ?it/s]
100%|██████████| 15/15 [00:00<00:00, 292.56it/s]
json_stats: {"epoch": 143, "elapsed": 0.05002820800291374, "loss": 2.700200193693692, }

  0%|          | 0/15 [00:00<?, ?it/s]
100%|██████████| 15/15 [00:00<00:00, 294.18it/s]
json_stats: {"epoch": 139, "elapsed": 0.04765958298230544, "loss": 2.7292601427121657, "sqnorm_min": 0.04370753839612007, "sqnorm_avg": 0.5114082098007202, "sqnorm_max": 0.6017897129058838, "mean_rank": 17.188541666666666, "map_rank": 0.22366503248702987, "best": true}

  0%|          | 0/15 [00:00<?, ?it/s]
100%|██████████| 15/15 [00:00<00:00, 261.23it/s]
json_stats: {"epoch": 145, "elapsed": 0.0563039580010809, "loss": 2.685236379245621, }

  0%|          | 0/15 [00:00<?, ?it/s]
100%|██████████| 15/15 [00:00<00:00, 272.41it/s]
json_stats: {"epoch": 146, "elapsed": 0.05387020803755149, "loss": 2.683877378620733, }

  0%|          | 0/15 [00:00<?, ?it/s]
100%|██████████| 15/15 [00:00<00:00, 283.78it/s]
json_stats: {"epoch": 147, "elapsed": 0.05163979105418548, "loss": 2.6714342013065018, }

  0%|          | 0/15 [00:00<?, ?it/s]
100%|██████████| 15/15 [00:00<00:00, 294.64it/s]
json_stats: {"epoch": 148, "elapsed": 0.04973229195456952, "loss": 2.6694654457796188, }

  0%|          | 0/15 [00:00<?, ?it/s]
100%|██████████| 15/15 [00:00<00:00, 301.59it/s]
json_stats: {"epoch": 144, "elapsed": 0.04982508299872279, "loss": 2.697542465114886, "sqnorm_min": 0.04494491592049599, "sqnorm_avg": 0.5260275602340698, "sqnorm_max": 0.6171102523803711, "mean_rank": 18.086458333333333, "map_rank": 0.22186412422539056, "best": true}

  0%|          | 0/15 [00:00<?, ?it/s]
100%|██████████| 15/15 [00:00<00:00, 250.95it/s]
json_stats: {"epoch": 150, "elapsed": 0.05863679200410843, "loss": 2.6496796995525966, }

  0%|          | 0/15 [00:00<?, ?it/s]
100%|██████████| 15/15 [00:00<00:00, 287.59it/s]
json_stats: {"epoch": 151, "elapsed": 0.0509699170361273, "loss": 2.6432138624625745, }

  0%|          | 0/15 [00:00<?, ?it/s]
100%|██████████| 15/15 [00:00<00:00, 294.22it/s]
json_stats: {"epoch": 152, "elapsed": 0.04978212498826906, "loss": 2.640807298705527, }

  0%|          | 0/15 [00:00<?, ?it/s]
100%|██████████| 15/15 [00:00<00:00, 289.20it/s]
json_stats: {"epoch": 153, "elapsed": 0.05068566702539101, "loss": 2.62981106890025, }

  0%|          | 0/15 [00:00<?, ?it/s]
100%|██████████| 15/15 [00:00<00:00, 300.24it/s]
json_stats: {"epoch": 149, "elapsed": 0.048584749980363995, "loss": 2.662949566746178, "sqnorm_min": 0.04340467229485512, "sqnorm_avg": 0.5401163697242737, "sqnorm_max": 0.6319851279258728, "mean_rank": 17.473958333333332, "map_rank": 0.2197656726605078, "best": true}

  0%|          | 0/15 [00:00<?, ?it/s]
100%|██████████| 15/15 [00:00<00:00, 253.52it/s]
json_stats: {"epoch": 155, "elapsed": 0.057978416967671365, "loss": 2.622411222493905, }

  0%|          | 0/15 [00:00<?, ?it/s]
100%|██████████| 15/15 [00:00<00:00, 265.16it/s]
json_stats: {"epoch": 156, "elapsed": 0.05543579196091741, "loss": 2.617779046467978, }

  0%|          | 0/15 [00:00<?, ?it/s]
100%|██████████| 15/15 [00:00<00:00, 294.01it/s]
json_stats: {"epoch": 157, "elapsed": 0.04987158300355077, "loss": 2.604807227424813, }

  0%|          | 0/15 [00:00<?, ?it/s]
100%|██████████| 15/15 [00:00<00:00, 287.99it/s]
json_stats: {"epoch": 158, "elapsed": 0.05096537503413856, "loss": 2.601356385452552, }

  0%|          | 0/15 [00:00<?, ?it/s]
100%|██████████| 15/15 [00:00<00:00, 294.15it/s]
json_stats: {"epoch": 154, "elapsed": 0.04872837499715388, "loss": 2.6240450136771623, "sqnorm_min": 0.042995601892471313, "sqnorm_avg": 0.5536788105964661, "sqnorm_max": 0.645819365978241, "mean_rank": 17.422916666666666, "map_rank": 0.21108468686064327, "best": true}

  0%|          | 0/15 [00:00<?, ?it/s]
100%|██████████| 15/15 [00:00<00:00, 267.87it/s]
json_stats: {"epoch": 160, "elapsed": 0.05488233402138576, "loss": 2.5922232390423163, }

  0%|          | 0/15 [00:00<?, ?it/s]
100%|██████████| 15/15 [00:00<00:00, 270.59it/s]
json_stats: {"epoch": 161, "elapsed": 0.054323459044098854, "loss": 2.5797843798350057, }

  0%|          | 0/15 [00:00<?, ?it/s]
100%|██████████| 15/15 [00:00<00:00, 294.28it/s]
json_stats: {"epoch": 162, "elapsed": 0.049913583032321185, "loss": 2.5753005073716815, }

  0%|          | 0/15 [00:00<?, ?it/s]
100%|██████████| 15/15 [00:00<00:00, 305.89it/s]
json_stats: {"epoch": 163, "elapsed": 0.04767399997217581, "loss": 2.56585881771818, }

  0%|          | 0/15 [00:00<?, ?it/s]
100%|██████████| 15/15 [00:00<00:00, 296.27it/s]
json_stats: {"epoch": 159, "elapsed": 0.049953042005654424, "loss": 2.5933647825070314, "sqnorm_min": 0.040029168128967285, "sqnorm_avg": 0.5666550993919373, "sqnorm_max": 0.6587480306625366, "mean_rank": 16.95, "map_rank": 0.21448482952381295, "best": true}

  0%|          | 0/15 [00:00<?, ?it/s]
100%|██████████| 15/15 [00:00<00:00, 251.79it/s]
json_stats: {"epoch": 165, "elapsed": 0.05832929100142792, "loss": 2.5537231078869356, }

  0%|          | 0/15 [00:00<?, ?it/s]
100%|██████████| 15/15 [00:00<00:00, 274.50it/s]
json_stats: {"epoch": 166, "elapsed": 0.053433457971550524, "loss": 2.5454819354327527, }

  0%|          | 0/15 [00:00<?, ?it/s]
100%|██████████| 15/15 [00:00<00:00, 281.64it/s]
json_stats: {"epoch": 167, "elapsed": 0.05222050001611933, "loss": 2.544594428454636, }

  0%|          | 0/15 [00:00<?, ?it/s]
100%|██████████| 15/15 [00:00<00:00, 284.14it/s]
json_stats: {"epoch": 168, "elapsed": 0.0516465840046294, "loss": 2.533118216478913, }

  0%|          | 0/15 [00:00<?, ?it/s]
100%|██████████| 15/15 [00:00<00:00, 286.63it/s]
json_stats: {"epoch": 164, "elapsed": 0.04948008304927498, "loss": 2.5667460842911747, "sqnorm_min": 0.04276396334171295, "sqnorm_avg": 0.5791274309158325, "sqnorm_max": 0.671471893787384, "mean_rank": 16.194791666666667, "map_rank": 0.2349010309693042, "best": true}

  0%|          | 0/15 [00:00<?, ?it/s]
100%|██████████| 15/15 [00:00<00:00, 263.23it/s]
json_stats: {"epoch": 170, "elapsed": 0.055815958010498434, "loss": 2.527278145109803, }

  0%|          | 0/15 [00:00<?, ?it/s]
100%|██████████| 15/15 [00:00<00:00, 270.02it/s]
json_stats: {"epoch": 171, "elapsed": 0.05438874999526888, "loss": 2.5184441049801505, }

  0%|          | 0/15 [00:00<?, ?it/s]
100%|██████████| 15/15 [00:00<00:00, 304.85it/s]
json_stats: {"epoch": 172, "elapsed": 0.047926415980327874, "loss": 2.5177733334683197, }

  0%|          | 0/15 [00:00<?, ?it/s]
100%|██████████| 15/15 [00:00<00:00, 286.46it/s]
json_stats: {"epoch": 173, "elapsed": 0.05122249998385087, "loss": 2.5015102069699235, }

  0%|          | 0/15 [00:00<?, ?it/s]
100%|██████████| 15/15 [00:00<00:00, 305.84it/s]
json_stats: {"epoch": 169, "elapsed": 0.05123687500599772, "loss": 2.5232218133960314, "sqnorm_min": 0.04383760690689087, "sqnorm_avg": 0.5911670327186584, "sqnorm_max": 0.6829573512077332, "mean_rank": 16.534375, "map_rank": 0.23161366822187313, "best": true}

  0%|          | 0/15 [00:00<?, ?it/s]
100%|██████████| 15/15 [00:00<00:00, 255.07it/s]
json_stats: {"epoch": 175, "elapsed": 0.057657667028252035, "loss": 2.4863148365406205, }

  0%|          | 0/15 [00:00<?, ?it/s]
100%|██████████| 15/15 [00:00<00:00, 280.25it/s]
json_stats: {"epoch": 176, "elapsed": 0.05234404100337997, "loss": 2.4806094503569147, }

  0%|          | 0/15 [00:00<?, ?it/s]
100%|██████████| 15/15 [00:00<00:00, 283.33it/s]
json_stats: {"epoch": 177, "elapsed": 0.05173820798518136, "loss": 2.4749459478439055, }

  0%|          | 0/15 [00:00<?, ?it/s]
100%|██████████| 15/15 [00:00<00:00, 291.05it/s]
json_stats: {"epoch": 178, "elapsed": 0.05036766600096598, "loss": 2.468539989608096, }

  0%|          | 0/15 [00:00<?, ?it/s]
100%|██████████| 15/15 [00:00<00:00, 289.14it/s]
json_stats: {"epoch": 174, "elapsed": 0.04795966699020937, "loss": 2.50102380050145, "sqnorm_min": 0.045854602009058, "sqnorm_avg": 0.6026904582977295, "sqnorm_max": 0.6944239139556885, "mean_rank": 16.24375, "map_rank": 0.23471784827369513, "best": true}

  0%|          | 0/15 [00:00<?, ?it/s]
100%|██████████| 15/15 [00:00<00:00, 253.82it/s]
json_stats: {"epoch": 180, "elapsed": 0.057852040976285934, "loss": 2.455632384495779, }

  0%|          | 0/15 [00:00<?, ?it/s]
100%|██████████| 15/15 [00:00<00:00, 271.74it/s]
json_stats: {"epoch": 181, "elapsed": 0.054033458000048995, "loss": 2.4581862294764734, }

  0%|          | 0/15 [00:00<?, ?it/s]
100%|██████████| 15/15 [00:00<00:00, 291.75it/s]
json_stats: {"epoch": 182, "elapsed": 0.050149791000876576, "loss": 2.44542788621218, }

  0%|          | 0/15 [00:00<?, ?it/s]
100%|██████████| 15/15 [00:00<00:00, 281.71it/s]
json_stats: {"epoch": 183, "elapsed": 0.052077499974984676, "loss": 2.4358303913386767, }

  0%|          | 0/15 [00:00<?, ?it/s]
100%|██████████| 15/15 [00:00<00:00, 284.00it/s]
json_stats: {"epoch": 179, "elapsed": 0.05076583300251514, "loss": 2.468466943016955, "sqnorm_min": 0.044450726360082626, "sqnorm_avg": 0.6138744950294495, "sqnorm_max": 0.7053459882736206, "mean_rank": 16.496875, "map_rank": 0.2315074130197031, "best": true}

  0%|          | 0/15 [00:00<?, ?it/s]
100%|██████████| 15/15 [00:00<00:00, 244.25it/s]
json_stats: {"epoch": 185, "elapsed": 0.06022704200586304, "loss": 2.43078535031686, }

  0%|          | 0/15 [00:00<?, ?it/s]
100%|██████████| 15/15 [00:00<00:00, 293.79it/s]
json_stats: {"epoch": 186, "elapsed": 0.04991458303993568, "loss": 2.428537774045183, }

  0%|          | 0/15 [00:00<?, ?it/s]
100%|██████████| 15/15 [00:00<00:00, 291.86it/s]
json_stats: {"epoch": 187, "elapsed": 0.050198208016809076, "loss": 2.410994463986292, }

  0%|          | 0/15 [00:00<?, ?it/s]
100%|██████████| 15/15 [00:00<00:00, 299.17it/s]
json_stats: {"epoch": 188, "elapsed": 0.04903399996692315, "loss": 2.415887042845435, }

  0%|          | 0/15 [00:00<?, ?it/s]
100%|██████████| 15/15 [00:00<00:00, 296.72it/s]
json_stats: {"epoch": 184, "elapsed": 0.051681374956388026, "loss": 2.419506988365862, "sqnorm_min": 0.045920778065919876, "sqnorm_avg": 0.6246792674064636, "sqnorm_max": 0.7157953977584839, "mean_rank": 15.744791666666666, "map_rank": 0.23279532375031706, "best": true}

  0%|          | 0/15 [00:00<?, ?it/s]
100%|██████████| 15/15 [00:00<00:00, 267.03it/s]
json_stats: {"epoch": 190, "elapsed": 0.055011791992001235, "loss": 2.3954465136611787, }

  0%|          | 0/15 [00:00<?, ?it/s]
100%|██████████| 15/15 [00:00<00:00, 267.22it/s]
json_stats: {"epoch": 191, "elapsed": 0.0550016249762848, "loss": 2.3991795185475366, }

  0%|          | 0/15 [00:00<?, ?it/s]
100%|██████████| 15/15 [00:00<00:00, 280.25it/s]
json_stats: {"epoch": 192, "elapsed": 0.05234270798973739, "loss": 2.398073709324033, }

  0%|          | 0/15 [00:00<?, ?it/s]
100%|██████████| 15/15 [00:00<00:00, 283.57it/s]
json_stats: {"epoch": 193, "elapsed": 0.05148191703483462, "loss": 2.3794696777269513, }

  0%|          | 0/15 [00:00<?, ?it/s]
100%|██████████| 15/15 [00:00<00:00, 291.02it/s]
json_stats: {"epoch": 189, "elapsed": 0.04925774998264387, "loss": 2.3968929992370835, "sqnorm_min": 0.04489023983478546, "sqnorm_avg": 0.6350306272506714, "sqnorm_max": 0.7248560190200806, "mean_rank": 15.832291666666666, "map_rank": 0.23312188140895448, "best": true}

  0%|          | 0/15 [00:00<?, ?it/s]
100%|██████████| 15/15 [00:00<00:00, 258.71it/s]
json_stats: {"epoch": 195, "elapsed": 0.056804874970111996, "loss": 2.3813659643781304, }

  0%|          | 0/15 [00:00<?, ?it/s]
100%|██████████| 15/15 [00:00<00:00, 265.67it/s]
json_stats: {"epoch": 196, "elapsed": 0.0552307500038296, "loss": 2.3663813915470415, }

  0%|          | 0/15 [00:00<?, ?it/s]
100%|██████████| 15/15 [00:00<00:00, 294.10it/s]
json_stats: {"epoch": 197, "elapsed": 0.049814875004813075, "loss": 2.374381296872653, }

  0%|          | 0/15 [00:00<?, ?it/s]
100%|██████████| 15/15 [00:00<00:00, 255.68it/s]
json_stats: {"epoch": 198, "elapsed": 0.05723891599336639, "loss": 2.3607935392798773, }

  0%|          | 0/15 [00:00<?, ?it/s]
100%|██████████| 15/15 [00:00<00:00, 235.64it/s]
json_stats: {"epoch": 194, "elapsed": 0.05040825001196936, "loss": 2.3747699507598705, "sqnorm_min": 0.044050946831703186, "sqnorm_avg": 0.6449604630470276, "sqnorm_max": 0.7339839935302734, "mean_rank": 15.279166666666667, "map_rank": 0.24796802859320655, "best": true}

  0%|          | 0/15 [00:00<?, ?it/s]
100%|██████████| 15/15 [00:00<00:00, 256.58it/s]
json_stats: {"epoch": 200, "elapsed": 0.05736641597468406, "loss": 2.341299478931676, }

  0%|          | 0/15 [00:00<?, ?it/s]
100%|██████████| 15/15 [00:00<00:00, 277.40it/s]
json_stats: {"epoch": 201, "elapsed": 0.052661791967693716, "loss": 2.3384353216432365, }

  0%|          | 0/15 [00:00<?, ?it/s]
100%|██████████| 15/15 [00:00<00:00, 269.18it/s]
json_stats: {"epoch": 202, "elapsed": 0.05458950001047924, "loss": 2.343335422158821, }

  0%|          | 0/15 [00:00<?, ?it/s]
100%|██████████| 15/15 [00:00<00:00, 270.36it/s]
json_stats: {"epoch": 203, "elapsed": 0.05430420802440494, "loss": 2.3191552076032753, }

  0%|          | 0/15 [00:00<?, ?it/s]
100%|██████████| 15/15 [00:00<00:00, 283.74it/s]
json_stats: {"epoch": 199, "elapsed": 0.06248570798197761, "loss": 2.3418662486903346, "sqnorm_min": 0.04322662577033043, "sqnorm_avg": 0.6544994711875916, "sqnorm_max": 0.7428305745124817, "mean_rank": 15.445833333333333, "map_rank": 0.2385889946558017, "best": true}

  0%|          | 0/15 [00:00<?, ?it/s]
100%|██████████| 15/15 [00:00<00:00, 233.71it/s]
json_stats: {"epoch": 205, "elapsed": 0.062919249990955, "loss": 2.312526443274502, }

  0%|          | 0/15 [00:00<?, ?it/s]
100%|██████████| 15/15 [00:00<00:00, 254.91it/s]
json_stats: {"epoch": 206, "elapsed": 0.05743287497898564, "loss": 2.310950618449028, }

  0%|          | 0/15 [00:00<?, ?it/s]
100%|██████████| 15/15 [00:00<00:00, 284.08it/s]
json_stats: {"epoch": 207, "elapsed": 0.05160729103954509, "loss": 2.2991021011600035, }

  0%|          | 0/15 [00:00<?, ?it/s]
100%|██████████| 15/15 [00:00<00:00, 265.09it/s]
json_stats: {"epoch": 208, "elapsed": 0.055367166991345584, "loss": 2.2891132838417847, }

  0%|          | 0/15 [00:00<?, ?it/s]
100%|██████████| 15/15 [00:00<00:00, 261.30it/s]
json_stats: {"epoch": 204, "elapsed": 0.051711958018131554, "loss": 2.321655482341538, "sqnorm_min": 0.04610860347747803, "sqnorm_avg": 0.663750410079956, "sqnorm_max": 0.7510647177696228, "mean_rank": 15.063541666666667, "map_rank": 0.23595594017542013, "best": true}

  0%|          | 0/15 [00:00<?, ?it/s]
100%|██████████| 15/15 [00:00<00:00, 252.74it/s]
json_stats: {"epoch": 210, "elapsed": 0.05810820800252259, "loss": 2.2891199645423805, }

  0%|          | 0/15 [00:00<?, ?it/s]
100%|██████████| 15/15 [00:00<00:00, 272.16it/s]
json_stats: {"epoch": 211, "elapsed": 0.05388629203662276, "loss": 2.2941241483249675, }

  0%|          | 0/15 [00:00<?, ?it/s]
100%|██████████| 15/15 [00:00<00:00, 284.47it/s]
json_stats: {"epoch": 212, "elapsed": 0.05156916700070724, "loss": 2.274289132094326, }

  0%|          | 0/15 [00:00<?, ?it/s]
100%|██████████| 15/15 [00:00<00:00, 292.93it/s]
json_stats: {"epoch": 213, "elapsed": 0.0500749169732444, "loss": 2.2686564709214867, }

  0%|          | 0/15 [00:00<?, ?it/s]
100%|██████████| 15/15 [00:00<00:00, 282.11it/s]
json_stats: {"epoch": 209, "elapsed": 0.056263792037498206, "loss": 2.3047906834512446, "sqnorm_min": 0.046791866421699524, "sqnorm_avg": 0.6726946830749512, "sqnorm_max": 0.7592498064041138, "mean_rank": 14.74375, "map_rank": 0.26588679753500394, "best": true}

  0%|          | 0/15 [00:00<?, ?it/s]
100%|██████████| 15/15 [00:00<00:00, 245.07it/s]
json_stats: {"epoch": 215, "elapsed": 0.059945166984107345, "loss": 2.2695414800860374, }

  0%|          | 0/15 [00:00<?, ?it/s]
100%|██████████| 15/15 [00:00<00:00, 280.54it/s]
json_stats: {"epoch": 216, "elapsed": 0.052300541021395475, "loss": 2.2558541412495403, }

  0%|          | 0/15 [00:00<?, ?it/s]
100%|██████████| 15/15 [00:00<00:00, 269.61it/s]
json_stats: {"epoch": 217, "elapsed": 0.05442933301674202, "loss": 2.250602927400644, }

  0%|          | 0/15 [00:00<?, ?it/s]
100%|██████████| 15/15 [00:00<00:00, 290.37it/s]
json_stats: {"epoch": 218, "elapsed": 0.05037587502738461, "loss": 2.255362955984567, }

  0%|          | 0/15 [00:00<?, ?it/s]
100%|██████████| 15/15 [00:00<00:00, 298.17it/s]
json_stats: {"epoch": 214, "elapsed": 0.051952959038317204, "loss": 2.289014973100036, "sqnorm_min": 0.046163588762283325, "sqnorm_avg": 0.6812272667884827, "sqnorm_max": 0.7664263844490051, "mean_rank": 14.770833333333334, "map_rank": 0.23482030853219438, "best": true}

  0%|          | 0/15 [00:00<?, ?it/s]
100%|██████████| 15/15 [00:00<00:00, 269.91it/s]
json_stats: {"epoch": 220, "elapsed": 0.05428933398798108, "loss": 2.233422947545151, }

  0%|          | 0/15 [00:00<?, ?it/s]
100%|██████████| 15/15 [00:00<00:00, 263.72it/s]
json_stats: {"epoch": 221, "elapsed": 0.055655958014540374, "loss": 2.2364362665231727, }

  0%|          | 0/15 [00:00<?, ?it/s]
100%|██████████| 15/15 [00:00<00:00, 286.74it/s]
json_stats: {"epoch": 222, "elapsed": 0.05121195799438283, "loss": 2.2351302178099117, }

  0%|          | 0/15 [00:00<?, ?it/s]
100%|██████████| 15/15 [00:00<00:00, 294.69it/s]
json_stats: {"epoch": 223, "elapsed": 0.049686458020005375, "loss": 2.2308664656684583, }

  0%|          | 0/15 [00:00<?, ?it/s]
100%|██████████| 15/15 [00:00<00:00, 303.55it/s]
json_stats: {"epoch": 219, "elapsed": 0.048966041998937726, "loss": 2.254545653602918, "sqnorm_min": 0.04483652487397194, "sqnorm_avg": 0.6894374489784241, "sqnorm_max": 0.7739825248718262, "mean_rank": 14.189583333333333, "map_rank": 0.2600761655281532, "best": true}

  0%|          | 0/15 [00:00<?, ?it/s]
100%|██████████| 15/15 [00:00<00:00, 261.36it/s]
json_stats: {"epoch": 225, "elapsed": 0.05614233296364546, "loss": 2.216214768804863, }

  0%|          | 0/15 [00:00<?, ?it/s]
100%|██████████| 15/15 [00:00<00:00, 273.68it/s]
json_stats: {"epoch": 226, "elapsed": 0.05358962499303743, "loss": 2.212378552975259, }

  0%|          | 0/15 [00:00<?, ?it/s]
100%|██████████| 15/15 [00:00<00:00, 281.70it/s]
json_stats: {"epoch": 227, "elapsed": 0.05203408404486254, "loss": 2.2046761781694397, }

  0%|          | 0/15 [00:00<?, ?it/s]
100%|██████████| 15/15 [00:00<00:00, 290.97it/s]
json_stats: {"epoch": 228, "elapsed": 0.05022799997823313, "loss": 2.207849525168073, }

  0%|          | 0/15 [00:00<?, ?it/s]
100%|██████████| 15/15 [00:00<00:00, 298.57it/s]
json_stats: {"epoch": 224, "elapsed": 0.04812566697364673, "loss": 2.228754330228867, "sqnorm_min": 0.0425281748175621, "sqnorm_avg": 0.6973716020584106, "sqnorm_max": 0.7821832299232483, "mean_rank": 13.973958333333334, "map_rank": 0.26776865394717286, "best": true}

  0%|          | 0/15 [00:00<?, ?it/s]
100%|██████████| 15/15 [00:00<00:00, 271.93it/s]
json_stats: {"epoch": 230, "elapsed": 0.053883208020124584, "loss": 2.1982748549929143, }

  0%|          | 0/15 [00:00<?, ?it/s]
100%|██████████| 15/15 [00:00<00:00, 280.85it/s]
json_stats: {"epoch": 231, "elapsed": 0.052107833966147155, "loss": 2.183873336336193, }

  0%|          | 0/15 [00:00<?, ?it/s]
100%|██████████| 15/15 [00:00<00:00, 281.70it/s]
json_stats: {"epoch": 232, "elapsed": 0.05209050001576543, "loss": 2.17607114972153, }

  0%|          | 0/15 [00:00<?, ?it/s]
100%|██████████| 15/15 [00:00<00:00, 298.38it/s]
json_stats: {"epoch": 233, "elapsed": 0.04909983300603926, "loss": 2.17719832429523, }

  0%|          | 0/15 [00:00<?, ?it/s]
100%|██████████| 15/15 [00:00<00:00, 281.54it/s]
json_stats: {"epoch": 229, "elapsed": 0.04886879201512784, "loss": 2.200190699069497, "sqnorm_min": 0.045220665633678436, "sqnorm_avg": 0.7050191164016724, "sqnorm_max": 0.7900686860084534, "mean_rank": 14.219791666666667, "map_rank": 0.24807817477058353, "best": true}

  0%|          | 0/15 [00:00<?, ?it/s]
100%|██████████| 15/15 [00:00<00:00, 242.13it/s]
json_stats: {"epoch": 235, "elapsed": 0.06074416701449081, "loss": 2.1781085692216, }

  0%|          | 0/15 [00:00<?, ?it/s]
100%|██████████| 15/15 [00:00<00:00, 259.73it/s]
json_stats: {"epoch": 236, "elapsed": 0.05658274999586865, "loss": 2.1641922261519775, }

  0%|          | 0/15 [00:00<?, ?it/s]
100%|██████████| 15/15 [00:00<00:00, 289.47it/s]
json_stats: {"epoch": 237, "elapsed": 0.05065433302661404, "loss": 2.1648115296677806, }

  0%|          | 0/15 [00:00<?, ?it/s]
100%|██████████| 15/15 [00:00<00:00, 285.92it/s]
json_stats: {"epoch": 238, "elapsed": 0.051186166994739324, "loss": 2.151137152877261, }

  0%|          | 0/15 [00:00<?, ?it/s]
100%|██████████| 15/15 [00:00<00:00, 287.53it/s]
json_stats: {"epoch": 234, "elapsed": 0.05209287500474602, "loss": 2.1759974346004216, "sqnorm_min": 0.043918006122112274, "sqnorm_avg": 0.7124371528625488, "sqnorm_max": 0.7974226474761963, "mean_rank": 13.852083333333333, "map_rank": 0.24939046475422214, "best": true}

  0%|          | 0/15 [00:00<?, ?it/s]
100%|██████████| 15/15 [00:00<00:00, 251.05it/s]
json_stats: {"epoch": 240, "elapsed": 0.0585637089679949, "loss": 2.137030081807535, }

  0%|          | 0/15 [00:00<?, ?it/s]
100%|██████████| 15/15 [00:00<00:00, 278.26it/s]
json_stats: {"epoch": 241, "elapsed": 0.05274641700088978, "loss": 2.14741269095848, }

  0%|          | 0/15 [00:00<?, ?it/s]
100%|██████████| 15/15 [00:00<00:00, 285.52it/s]
json_stats: {"epoch": 242, "elapsed": 0.051414749992545694, "loss": 2.12678148418359, }

  0%|          | 0/15 [00:00<?, ?it/s]
100%|██████████| 15/15 [00:00<00:00, 303.03it/s]
json_stats: {"epoch": 243, "elapsed": 0.048491999972611666, "loss": 2.14027063063633, }

  0%|          | 0/15 [00:00<?, ?it/s]
100%|██████████| 15/15 [00:00<00:00, 297.53it/s]
json_stats: {"epoch": 239, "elapsed": 0.05097604199545458, "loss": 2.1656456143873006, "sqnorm_min": 0.04513929784297943, "sqnorm_avg": 0.7195429801940918, "sqnorm_max": 0.8037290573120117, "mean_rank": 14.30625, "map_rank": 0.24065868316619637, "best": true}

  0%|          | 0/15 [00:00<?, ?it/s]
100%|██████████| 15/15 [00:00<00:00, 254.11it/s]
json_stats: {"epoch": 245, "elapsed": 0.057764000026509166, "loss": 2.1311507793427866, }

  0%|          | 0/15 [00:00<?, ?it/s]
100%|██████████| 15/15 [00:00<00:00, 279.62it/s]
json_stats: {"epoch": 246, "elapsed": 0.052411791984923184, "loss": 2.1212256611621894, }

  0%|          | 0/15 [00:00<?, ?it/s]
100%|██████████| 15/15 [00:00<00:00, 271.02it/s]
json_stats: {"epoch": 247, "elapsed": 0.05419933400116861, "loss": 2.122938762551317, }

  0%|          | 0/15 [00:00<?, ?it/s]
100%|██████████| 15/15 [00:00<00:00, 282.75it/s]
json_stats: {"epoch": 248, "elapsed": 0.05196145799709484, "loss": 2.123069386435218, }

  0%|          | 0/15 [00:00<?, ?it/s]
100%|██████████| 15/15 [00:00<00:00, 289.77it/s]
json_stats: {"epoch": 244, "elapsed": 0.04914900002768263, "loss": 2.1456610476446523, "sqnorm_min": 0.04893070086836815, "sqnorm_avg": 0.7263916730880737, "sqnorm_max": 0.8112689852714539, "mean_rank": 13.442708333333334, "map_rank": 0.2630296253195248, "best": true}

  0%|          | 0/15 [00:00<?, ?it/s]
100%|██████████| 15/15 [00:00<00:00, 259.35it/s]
json_stats: {"epoch": 250, "elapsed": 0.05660687497584149, "loss": 2.099395740819981, }

  0%|          | 0/15 [00:00<?, ?it/s]
100%|██████████| 15/15 [00:00<00:00, 272.35it/s]
json_stats: {"epoch": 251, "elapsed": 0.05388254101853818, "loss": 2.098431634925, }

  0%|          | 0/15 [00:00<?, ?it/s]
100%|██████████| 15/15 [00:00<00:00, 284.72it/s]
json_stats: {"epoch": 252, "elapsed": 0.051585374982096255, "loss": 2.0896225808496487, }

  0%|          | 0/15 [00:00<?, ?it/s]
100%|██████████| 15/15 [00:00<00:00, 283.18it/s]
json_stats: {"epoch": 253, "elapsed": 0.051859166007488966, "loss": 2.099114463096429, }

  0%|          | 0/15 [00:00<?, ?it/s]
100%|██████████| 15/15 [00:00<00:00, 288.16it/s]
json_stats: {"epoch": 249, "elapsed": 0.05064729100558907, "loss": 2.1068815060536967, "sqnorm_min": 0.046945586800575256, "sqnorm_avg": 0.7329756617546082, "sqnorm_max": 0.8174439668655396, "mean_rank": 13.561458333333333, "map_rank": 0.25991074757586563, "best": true}

  0%|          | 0/15 [00:00<?, ?it/s]
100%|██████████| 15/15 [00:00<00:00, 268.10it/s]
json_stats: {"epoch": 255, "elapsed": 0.05459849996259436, "loss": 2.087824397703252, }

  0%|          | 0/15 [00:00<?, ?it/s]
100%|██████████| 15/15 [00:00<00:00, 273.16it/s]
json_stats: {"epoch": 256, "elapsed": 0.053747290978208184, "loss": 2.083131387709608, }

  0%|          | 0/15 [00:00<?, ?it/s]
100%|██████████| 15/15 [00:00<00:00, 278.45it/s]
json_stats: {"epoch": 257, "elapsed": 0.052640374982729554, "loss": 2.0642412961118004, }

  0%|          | 0/15 [00:00<?, ?it/s]
100%|██████████| 15/15 [00:00<00:00, 285.59it/s]
json_stats: {"epoch": 258, "elapsed": 0.05149554199306294, "loss": 2.078605765065236, }

  0%|          | 0/15 [00:00<?, ?it/s]
100%|██████████| 15/15 [00:00<00:00, 286.58it/s]
json_stats: {"epoch": 254, "elapsed": 0.05088250001426786, "loss": 2.086709339793486, "sqnorm_min": 0.04737623408436775, "sqnorm_avg": 0.7393725514411926, "sqnorm_max": 0.8232167363166809, "mean_rank": 13.275, "map_rank": 0.26379520969274567, "best": true}

  0%|          | 0/15 [00:00<?, ?it/s]
100%|██████████| 15/15 [00:00<00:00, 254.37it/s]
json_stats: {"epoch": 260, "elapsed": 0.057739750016480684, "loss": 2.063826567295013, }

  0%|          | 0/15 [00:00<?, ?it/s]
100%|██████████| 15/15 [00:00<00:00, 264.66it/s]
json_stats: {"epoch": 261, "elapsed": 0.0554708749987185, "loss": 2.068941621717961, }

  0%|          | 0/15 [00:00<?, ?it/s]
100%|██████████| 15/15 [00:00<00:00, 283.15it/s]
json_stats: {"epoch": 262, "elapsed": 0.051725625002291054, "loss": 2.054080106320813, }

  0%|          | 0/15 [00:00<?, ?it/s]
100%|██████████| 15/15 [00:00<00:00, 292.24it/s]
json_stats: {"epoch": 263, "elapsed": 0.0501384999952279, "loss": 2.0503507049127045, }

  0%|          | 0/15 [00:00<?, ?it/s]
100%|██████████| 15/15 [00:00<00:00, 291.85it/s]
json_stats: {"epoch": 259, "elapsed": 0.05118362500797957, "loss": 2.0713142321431217, "sqnorm_min": 0.04671449214220047, "sqnorm_avg": 0.7455266118049622, "sqnorm_max": 0.8299210071563721, "mean_rank": 12.988541666666666, "map_rank": 0.26795674496990346, "best": true}

  0%|          | 0/15 [00:00<?, ?it/s]
100%|██████████| 15/15 [00:00<00:00, 251.27it/s]
json_stats: {"epoch": 265, "elapsed": 0.05856229201890528, "loss": 2.0405091199113476, }

  0%|          | 0/15 [00:00<?, ?it/s]
100%|██████████| 15/15 [00:00<00:00, 268.37it/s]
json_stats: {"epoch": 266, "elapsed": 0.05473575001815334, "loss": 2.045550331692067, }

  0%|          | 0/15 [00:00<?, ?it/s]
100%|██████████| 15/15 [00:00<00:00, 280.41it/s]
json_stats: {"epoch": 267, "elapsed": 0.05225033301394433, "loss": 2.043449925428343, }

  0%|          | 0/15 [00:00<?, ?it/s]
100%|██████████| 15/15 [00:00<00:00, 288.88it/s]
json_stats: {"epoch": 268, "elapsed": 0.050850916013587266, "loss": 2.038329038302377, }

  0%|          | 0/15 [00:00<?, ?it/s]
100%|██████████| 15/15 [00:00<00:00, 294.01it/s]
json_stats: {"epoch": 264, "elapsed": 0.050196416035760194, "loss": 2.044884380564348, "sqnorm_min": 0.04622567817568779, "sqnorm_avg": 0.7514816522598267, "sqnorm_max": 0.8353770971298218, "mean_rank": 12.683333333333334, "map_rank": 0.2663470468338266, "best": true}

  0%|          | 0/15 [00:00<?, ?it/s]
100%|██████████| 15/15 [00:00<00:00, 260.88it/s]
json_stats: {"epoch": 270, "elapsed": 0.056227541994303465, "loss": 2.0156846692187615, }

  0%|          | 0/15 [00:00<?, ?it/s]
100%|██████████| 15/15 [00:00<00:00, 259.89it/s]
json_stats: {"epoch": 271, "elapsed": 0.05659245798597112, "loss": 2.0188565885664067, }

  0%|          | 0/15 [00:00<?, ?it/s]
100%|██████████| 15/15 [00:00<00:00, 288.42it/s]
json_stats: {"epoch": 272, "elapsed": 0.05079937499249354, "loss": 2.01308039316809, }

  0%|          | 0/15 [00:00<?, ?it/s]
100%|██████████| 15/15 [00:00<00:00, 292.35it/s]
json_stats: {"epoch": 273, "elapsed": 0.05011633405229077, "loss": 2.024253486330233, }

  0%|          | 0/15 [00:00<?, ?it/s]
100%|██████████| 15/15 [00:00<00:00, 278.28it/s]
json_stats: {"epoch": 269, "elapsed": 0.049790749966632575, "loss": 2.0232073834068705, "sqnorm_min": 0.04670321196317673, "sqnorm_avg": 0.7572218179702759, "sqnorm_max": 0.8406754732131958, "mean_rank": 12.836458333333333, "map_rank": 0.27501735373171493, "best": true}

  0%|          | 0/15 [00:00<?, ?it/s]
100%|██████████| 15/15 [00:00<00:00, 256.20it/s]
json_stats: {"epoch": 275, "elapsed": 0.0573185840039514, "loss": 2.0039611945665396, }

  0%|          | 0/15 [00:00<?, ?it/s]
100%|██████████| 15/15 [00:00<00:00, 270.46it/s]
json_stats: {"epoch": 276, "elapsed": 0.0542102080071345, "loss": 2.0172999750264986, }

  0%|          | 0/15 [00:00<?, ?it/s]
100%|██████████| 15/15 [00:00<00:00, 276.12it/s]
json_stats: {"epoch": 277, "elapsed": 0.05315308296121657, "loss": 1.9938329281584595, }

  0%|          | 0/15 [00:00<?, ?it/s]
100%|██████████| 15/15 [00:00<00:00, 294.46it/s]
json_stats: {"epoch": 278, "elapsed": 0.049572415999136865, "loss": 1.9868552401518553, }

  0%|          | 0/15 [00:00<?, ?it/s]
100%|██████████| 15/15 [00:00<00:00, 314.29it/s]
json_stats: {"epoch": 274, "elapsed": 0.05272699997294694, "loss": 2.02075025496431, "sqnorm_min": 0.04494922235608101, "sqnorm_avg": 0.7627691626548767, "sqnorm_max": 0.8455885052680969, "mean_rank": 12.5, "map_rank": 0.2796010566227401, "best": true}

  0%|          | 0/15 [00:00<?, ?it/s]
100%|██████████| 15/15 [00:00<00:00, 252.64it/s]
json_stats: {"epoch": 280, "elapsed": 0.05821291700704023, "loss": 1.9894861970620672, }

  0%|          | 0/15 [00:00<?, ?it/s]
100%|██████████| 15/15 [00:00<00:00, 264.72it/s]
json_stats: {"epoch": 281, "elapsed": 0.055247833020985126, "loss": 1.9887477361494812, }

  0%|          | 0/15 [00:00<?, ?it/s]
100%|██████████| 15/15 [00:00<00:00, 280.17it/s]
json_stats: {"epoch": 282, "elapsed": 0.05239091697148979, "loss": 1.9808617010388712, }

  0%|          | 0/15 [00:00<?, ?it/s]
100%|██████████| 15/15 [00:00<00:00, 298.02it/s]
json_stats: {"epoch": 283, "elapsed": 0.049169749952852726, "loss": 1.9780830782059609, }

  0%|          | 0/15 [00:00<?, ?it/s]
100%|██████████| 15/15 [00:00<00:00, 295.19it/s]
json_stats: {"epoch": 279, "elapsed": 0.046415582997724414, "loss": 1.9921176860642518, "sqnorm_min": 0.046648260205984116, "sqnorm_avg": 0.7681257128715515, "sqnorm_max": 0.8496137857437134, "mean_rank": 12.154166666666667, "map_rank": 0.2930906634981948, "best": true}

  0%|          | 0/15 [00:00<?, ?it/s]
100%|██████████| 15/15 [00:00<00:00, 248.74it/s]
json_stats: {"epoch": 285, "elapsed": 0.059127042011823505, "loss": 1.9848668146179833, }

  0%|          | 0/15 [00:00<?, ?it/s]
100%|██████████| 15/15 [00:00<00:00, 267.92it/s]
json_stats: {"epoch": 286, "elapsed": 0.05489654198754579, "loss": 1.9742022256271403, }

  0%|          | 0/15 [00:00<?, ?it/s]
100%|██████████| 15/15 [00:00<00:00, 278.67it/s]
json_stats: {"epoch": 287, "elapsed": 0.05264945898670703, "loss": 1.974677809418183, }

  0%|          | 0/15 [00:00<?, ?it/s]
100%|██████████| 15/15 [00:00<00:00, 289.48it/s]
json_stats: {"epoch": 288, "elapsed": 0.05066429200815037, "loss": 1.966306364427021, }

  0%|          | 0/15 [00:00<?, ?it/s]
100%|██████████| 15/15 [00:00<00:00, 306.67it/s]
json_stats: {"epoch": 284, "elapsed": 0.04963112500263378, "loss": 1.9848575771073536, "sqnorm_min": 0.04470328241586685, "sqnorm_avg": 0.7732505202293396, "sqnorm_max": 0.8544580936431885, "mean_rank": 12.271875, "map_rank": 0.28742982497141023, "best": true}

  0%|          | 0/15 [00:00<?, ?it/s]
100%|██████████| 15/15 [00:00<00:00, 257.87it/s]
json_stats: {"epoch": 290, "elapsed": 0.056832000031135976, "loss": 1.955849711772416, }

  0%|          | 0/15 [00:00<?, ?it/s]
100%|██████████| 15/15 [00:00<00:00, 271.04it/s]
json_stats: {"epoch": 291, "elapsed": 0.0541637500282377, "loss": 1.9505866253276742, }

  0%|          | 0/15 [00:00<?, ?it/s]
100%|██████████| 15/15 [00:00<00:00, 288.52it/s]
json_stats: {"epoch": 292, "elapsed": 0.05083754099905491, "loss": 1.9479197445697454, }

  0%|          | 0/15 [00:00<?, ?it/s]
100%|██████████| 15/15 [00:00<00:00, 303.33it/s]
json_stats: {"epoch": 293, "elapsed": 0.04807712504407391, "loss": 1.9447556843584892, }

  0%|          | 0/15 [00:00<?, ?it/s]
100%|██████████| 15/15 [00:00<00:00, 276.05it/s]
json_stats: {"epoch": 289, "elapsed": 0.047521958011202514, "loss": 1.9635865269082011, "sqnorm_min": 0.04538169875741005, "sqnorm_avg": 0.7781494855880737, "sqnorm_max": 0.8585613369941711, "mean_rank": 12.246875, "map_rank": 0.28879053015432743, "best": true}

  0%|          | 0/15 [00:00<?, ?it/s]
100%|██████████| 15/15 [00:00<00:00, 255.02it/s]
json_stats: {"epoch": 295, "elapsed": 0.057695374998729676, "loss": 1.9324954199294553, }

  0%|          | 0/15 [00:00<?, ?it/s]
100%|██████████| 15/15 [00:00<00:00, 269.48it/s]
json_stats: {"epoch": 296, "elapsed": 0.05433470901334658, "loss": 1.9332291826258454, }

  0%|          | 0/15 [00:00<?, ?it/s]
100%|██████████| 15/15 [00:00<00:00, 284.43it/s]
json_stats: {"epoch": 297, "elapsed": 0.05151049996493384, "loss": 1.9331452591718956, }

  0%|          | 0/15 [00:00<?, ?it/s]
100%|██████████| 15/15 [00:00<00:00, 293.57it/s]
json_stats: {"epoch": 298, "elapsed": 0.04981979099102318, "loss": 1.9357323653506937, }

  0%|          | 0/15 [00:00<?, ?it/s]
100%|██████████| 15/15 [00:00<00:00, 286.36it/s]
json_stats: {"epoch": 294, "elapsed": 0.053198000008706, "loss": 1.9424496614083262, "sqnorm_min": 0.04619612544775009, "sqnorm_avg": 0.7829360365867615, "sqnorm_max": 0.8631801009178162, "mean_rank": 12.094791666666667, "map_rank": 0.28878752588158, "best": true}
json_stats: {"epoch": 299, "elapsed": 0.05124900001101196, "loss": 1.9212072318091076, "sqnorm_min": 0.04757769778370857, "sqnorm_avg": 0.7875717282295227, "sqnorm_max": 0.8665717840194702, "mean_rank": 12.090625, "map_rank": 0.2862430387432912, "best": true}
