json_conf: {"dataset": "/Users/jayding/Desktop/DUKE/Research/BioStats_Lynn/diseaseembedding/experiments/poincare_hypstructure/results/disease90/disease90_relations_direct.csv", "metadata_tsv": "/Users/jayding/Desktop/DUKE/Research/BioStats_Lynn/diseaseembedding/experiments/poincare_hypstructure/metadata/disease90_nodes.tsv", "checkpoint": "/Users/jayding/Desktop/DUKE/Research/BioStats_Lynn/diseaseembedding/experiments/poincare_hypstructure/results/disease90/disease90_embeddings_poincare_hypstructure.pth", "hyperparameters": {"dim": 10, "epochs": 300, "lr": 0.1, "negs": 50, "batchsize": 64, "burnin": 20, "dampening": 0.75, "ndproc": 4, "eval_each": 5, "cpcc_weight": 0.05, "radial_weight": 0.01, "radial_margin": 0.02, "cpcc_min_group_size": 2, "selection_metric": "combined", "gpu": -1}}
json_stats: {"epoch": 0, "elapsed": 0.14999420900130644, "edge_loss": 3.9313991564303103, "cpcc_loss": 0.6702217992039741, "radial_loss": 0.01996572880811951, "total_loss": 3.9651099036785897}
json_stats: {"epoch": 1, "elapsed": 0.12733325001318008, "edge_loss": 3.931299029534293, "cpcc_loss": 0.6451013054771568, "radial_loss": 0.019958191056043358, "total_loss": 3.963753676718712}
json_stats: {"epoch": 2, "elapsed": 0.12661091599147767, "edge_loss": 3.931224948993619, "cpcc_loss": 0.6181581453853788, "radial_loss": 0.019959386244276667, "total_loss": 3.9623324501253308}
json_stats: {"epoch": 3, "elapsed": 0.12516766600310802, "edge_loss": 3.9311557925018654, "cpcc_loss": 0.5531521142638036, "radial_loss": 0.01996306624246616, "total_loss": 3.9590130288774805}
json_stats: {"epoch": 4, "elapsed": 0.1273179590352811, "edge_loss": 3.9311175286315185, "cpcc_loss": 0.5291268808152432, "radial_loss": 0.01997037848431936, "total_loss": 3.9577735764571234, "mean_rank": 24.668041237113403, "map_rank": 0.3930516269879247, "depth_radius_pearson": 0.23640827089129912, "depth_radius_spearman": 0.03023691804210878, "selection_metric": "combined", "selection_score": 0.42328854503003344, "best": true}
json_stats: {"epoch": 5, "elapsed": 0.12674045894527808, "edge_loss": 3.931076182954302, "cpcc_loss": 0.5329544641400654, "radial_loss": 0.01997677314564713, "total_loss": 3.9579236738927612}
json_stats: {"epoch": 6, "elapsed": 0.12386479205451906, "edge_loss": 3.9310342507950313, "cpcc_loss": 0.5282057453930402, "radial_loss": 0.019982461384139637, "total_loss": 3.957644362678525}
json_stats: {"epoch": 7, "elapsed": 0.12610525003401563, "edge_loss": 3.9310060742874184, "cpcc_loss": 0.5272098808635381, "radial_loss": 0.019988082633402335, "total_loss": 3.95756644915693}
json_stats: {"epoch": 8, "elapsed": 0.12671920796856284, "edge_loss": 3.9309667462644935, "cpcc_loss": 0.5262705989155749, "radial_loss": 0.019993764176860048, "total_loss": 3.9574802138520404}
json_stats: {"epoch": 9, "elapsed": 0.16697304201079533, "edge_loss": 3.930938167065536, "cpcc_loss": 0.5251233944850077, "radial_loss": 0.01999767951175048, "total_loss": 3.9573943135849037, "mean_rank": 26.416494845360823, "map_rank": 0.4865327028831585, "depth_radius_pearson": 0.18371208879330522, "depth_radius_spearman": -0.05212158823235674, "selection_metric": "combined", "selection_score": 0.43441111465080173, "best": true}
json_stats: {"epoch": 10, "elapsed": 0.128782834042795, "edge_loss": 3.9309038086831496, "cpcc_loss": 0.523710884748698, "radial_loss": 0.020002209311189657, "total_loss": 3.957289375013697}
json_stats: {"epoch": 11, "elapsed": 0.12444812501780689, "edge_loss": 3.930870384959465, "cpcc_loss": 0.5231176251980161, "radial_loss": 0.02000616627231255, "total_loss": 3.957226327882089}
json_stats: {"epoch": 12, "elapsed": 0.12445008399663493, "edge_loss": 3.9308413641620628, "cpcc_loss": 0.5224927404157431, "radial_loss": 0.020008058603262137, "total_loss": 3.9571660817688823}
json_stats: {"epoch": 13, "elapsed": 0.12481479201233014, "edge_loss": 3.930815822981023, "cpcc_loss": 0.5218106587086997, "radial_loss": 0.020010580464662243, "total_loss": 3.9571064617211045}
json_stats: {"epoch": 14, "elapsed": 0.12455775000853464, "edge_loss": 3.9307847637249944, "cpcc_loss": 0.521031033629297, "radial_loss": 0.0200127760031119, "total_loss": 3.9570364431664906, "mean_rank": 31.841237113402062, "map_rank": 0.4849837704464359, "depth_radius_pearson": 0.13660344248105924, "depth_radius_spearman": -0.09167912092096113, "selection_metric": "combined", "selection_score": 0.3933046495254748, "best": false}
json_stats: {"epoch": 15, "elapsed": 0.1230630410136655, "edge_loss": 3.930752907442024, "cpcc_loss": 0.5199379390846606, "radial_loss": 0.020013694273601376, "total_loss": 3.9569499413389932}
json_stats: {"epoch": 16, "elapsed": 0.12414112500846386, "edge_loss": 3.930713980725825, "cpcc_loss": 0.5169967678795573, "radial_loss": 0.020014594050693453, "total_loss": 3.95676396506031}
json_stats: {"epoch": 17, "elapsed": 0.12389575003180653, "edge_loss": 3.930679792580421, "cpcc_loss": 0.5144456421508798, "radial_loss": 0.020015046427024074, "total_loss": 3.9566022251522353}
json_stats: {"epoch": 18, "elapsed": 0.12471262499457225, "edge_loss": 3.930664017289814, "cpcc_loss": 0.5119081967342514, "radial_loss": 0.020016479836795588, "total_loss": 3.9564595919248946}
json_stats: {"epoch": 19, "elapsed": 0.12752045900560915, "edge_loss": 3.930627420381142, "cpcc_loss": 0.5122252060037572, "radial_loss": 0.02001648984124641, "total_loss": 3.956438845579743, "mean_rank": 33.69072164948454, "map_rank": 0.48259359006309027, "depth_radius_pearson": 0.10324245790806257, "depth_radius_spearman": -0.09618508565943262, "selection_metric": "combined", "selection_score": 0.38640850440365765, "best": false}
json_stats: {"epoch": 20, "elapsed": 0.11953112500486895, "edge_loss": 3.929412506019608, "cpcc_loss": 0.5832601219031145, "radial_loss": 0.01975732457939892, "total_loss": 3.958773085360558}
json_stats: {"epoch": 21, "elapsed": 0.11800104199210182, "edge_loss": 3.9255020563436465, "cpcc_loss": 0.2559968568935157, "radial_loss": 0.01951153960134692, "total_loss": 3.9384970145843354}
json_stats: {"epoch": 22, "elapsed": 0.1182654169970192, "edge_loss": 3.9224834675895486, "cpcc_loss": 0.15561054492906617, "radial_loss": 0.01946898369113098, "total_loss": 3.9304586846729133}
json_stats: {"epoch": 23, "elapsed": 0.13172683300217614, "edge_loss": 3.920057652207757, "cpcc_loss": 0.1384765916314423, "radial_loss": 0.019412409996778568, "total_loss": 3.9271756058892966}
json_stats: {"epoch": 24, "elapsed": 0.11983920895727351, "edge_loss": 3.9175362185642952, "cpcc_loss": 0.1322110665434989, "radial_loss": 0.019350674344331065, "total_loss": 3.9243402786349137, "mean_rank": 7.538144329896907, "map_rank": 0.3111581643183851, "depth_radius_pearson": 0.5692517438793342, "depth_radius_spearman": 0.36325055282085733, "selection_metric": "combined", "selection_score": 0.6744087171392424, "best": true}
json_stats: {"epoch": 25, "elapsed": 0.1182688339613378, "edge_loss": 3.9150033861681117, "cpcc_loss": 0.12854003973854178, "radial_loss": 0.019303435519153925, "total_loss": 3.9216234225102307}
json_stats: {"epoch": 26, "elapsed": 0.11793787498027086, "edge_loss": 3.9125039989108856, "cpcc_loss": 0.12639628895467458, "radial_loss": 0.019200385188355464, "total_loss": 3.9190158172105027}
json_stats: {"epoch": 27, "elapsed": 0.1213712909957394, "edge_loss": 3.909945576129755, "cpcc_loss": 0.12502310612844703, "radial_loss": 0.01924341677589661, "total_loss": 3.916389165603937}
json_stats: {"epoch": 28, "elapsed": 0.12057837500469759, "edge_loss": 3.9073693733147135, "cpcc_loss": 0.12453613138009711, "radial_loss": 0.01921511426215759, "total_loss": 3.91378833102634}
json_stats: {"epoch": 29, "elapsed": 0.11813779099611565, "edge_loss": 3.9048448007068277, "cpcc_loss": 0.12392468920647745, "radial_loss": 0.019154411988616893, "total_loss": 3.911232579287038, "mean_rank": 6.191752577319588, "map_rank": 0.3379926370697323, "depth_radius_pearson": 0.5357748633853695, "depth_radius_spearman": 0.30330384796140464, "selection_metric": "combined", "selection_score": 0.6412964850311369, "best": false}
json_stats: {"epoch": 30, "elapsed": 0.11660433298675343, "edge_loss": 3.902360405057916, "cpcc_loss": 0.12349252290264394, "radial_loss": 0.019130697165875666, "total_loss": 3.9087263381747066}
json_stats: {"epoch": 31, "elapsed": 0.11519695800961927, "edge_loss": 3.8998550613895206, "cpcc_loss": 0.12333123770297957, "radial_loss": 0.01908536998616632, "total_loss": 3.9062124769745314}
json_stats: {"epoch": 32, "elapsed": 0.11672520794672891, "edge_loss": 3.897273008575596, "cpcc_loss": 0.12307578085119576, "radial_loss": 0.019057345552573754, "total_loss": 3.9036173710736817}
json_stats: {"epoch": 33, "elapsed": 0.11758404097054154, "edge_loss": 3.8946723951015976, "cpcc_loss": 0.12303659845400511, "radial_loss": 0.019025561872432248, "total_loss": 3.9010144806430223}
json_stats: {"epoch": 34, "elapsed": 0.12105983396759257, "edge_loss": 3.89208208384729, "cpcc_loss": 0.12297414437055752, "radial_loss": 0.018987227196680376, "total_loss": 3.8984206633377845, "mean_rank": 6.2082474226804125, "map_rank": 0.32667918183629346, "depth_radius_pearson": 0.515219643251256, "depth_radius_spearman": 0.27307029984472764, "selection_metric": "combined", "selection_score": 0.5997494816810212, "best": false}
json_stats: {"epoch": 35, "elapsed": 0.11927737499354407, "edge_loss": 3.889545458007639, "cpcc_loss": 0.12288155652896499, "radial_loss": 0.01891721356176983, "total_loss": 3.895878707969705}
json_stats: {"epoch": 36, "elapsed": 0.11524149996694177, "edge_loss": 3.8872354145474213, "cpcc_loss": 0.12303116070504712, "radial_loss": 0.018852261670076503, "total_loss": 3.893575495199375}
json_stats: {"epoch": 37, "elapsed": 0.12393262499244884, "edge_loss": 3.884507125696273, "cpcc_loss": 0.12298838590507691, "radial_loss": 0.018800897985089764, "total_loss": 3.8908445539713776}
json_stats: {"epoch": 38, "elapsed": 0.11629212502157316, "edge_loss": 3.882016037297766, "cpcc_loss": 0.12304925157878034, "radial_loss": 0.018733676509328126, "total_loss": 3.8883558366417983}
json_stats: {"epoch": 39, "elapsed": 0.1175480000092648, "edge_loss": 3.879418393376321, "cpcc_loss": 0.12313702964191382, "radial_loss": 0.01872539260362884, "total_loss": 3.8857624987844526, "mean_rank": 6.348453608247422, "map_rank": 0.299380216481786, "depth_radius_pearson": 0.500382707076163, "depth_radius_spearman": 0.253205862507226, "selection_metric": "combined", "selection_score": 0.552586078989012, "best": false}
json_stats: {"epoch": 40, "elapsed": 0.12149262498132885, "edge_loss": 3.8770920993083573, "cpcc_loss": 0.12312946678690066, "radial_loss": 0.01875072189271311, "total_loss": 3.8834360798666294}
json_stats: {"epoch": 41, "elapsed": 0.11819033301435411, "edge_loss": 3.8743044723573097, "cpcc_loss": 0.12327332792047047, "radial_loss": 0.01868087731921572, "total_loss": 3.8806549475265255}
json_stats: {"epoch": 42, "elapsed": 0.11856024997541681, "edge_loss": 3.8717173685959017, "cpcc_loss": 0.12335745746337282, "radial_loss": 0.018623052464470144, "total_loss": 3.878071471993715}
json_stats: {"epoch": 43, "elapsed": 0.11826058296719566, "edge_loss": 3.869181366965119, "cpcc_loss": 0.12338635916049236, "radial_loss": 0.018567089954294604, "total_loss": 3.8755363558226863}
json_stats: {"epoch": 44, "elapsed": 0.11940212501212955, "edge_loss": 3.8665494141843757, "cpcc_loss": 0.12350676602202595, "radial_loss": 0.018599774754098145, "total_loss": 3.8729107502330185, "mean_rank": 5.91340206185567, "map_rank": 0.32363764479970897, "depth_radius_pearson": 0.49022227135441615, "depth_radius_spearman": 0.251974641528911, "selection_metric": "combined", "selection_score": 0.5756122863286199, "best": false}
json_stats: {"epoch": 45, "elapsed": 0.119748915953096, "edge_loss": 3.8643025232056996, "cpcc_loss": 0.12353130206177669, "radial_loss": 0.018529147707123106, "total_loss": 3.8706643797858593}
json_stats: {"epoch": 46, "elapsed": 0.11868470901390538, "edge_loss": 3.8615998697349303, "cpcc_loss": 0.12367708511691174, "radial_loss": 0.01846923007129897, "total_loss": 3.867968416291489}
json_stats: {"epoch": 47, "elapsed": 0.11783633404411376, "edge_loss": 3.8593331328182896, "cpcc_loss": 0.1236964895879724, "radial_loss": 0.0184391390910318, "total_loss": 3.8657023486885986}
json_stats: {"epoch": 48, "elapsed": 0.12152762495679781, "edge_loss": 3.8564732875879995, "cpcc_loss": 0.12378991679133068, "radial_loss": 0.01842768048481308, "total_loss": 3.862847060232414}
json_stats: {"epoch": 49, "elapsed": 0.11558100004913285, "edge_loss": 3.8541406383537886, "cpcc_loss": 0.1239213336013829, "radial_loss": 0.018393086095324904, "total_loss": 3.860520635894811, "mean_rank": 6.1360824742268045, "map_rank": 0.3007076639581491, "depth_radius_pearson": 0.48804650225053775, "depth_radius_spearman": 0.25375298862288614, "selection_metric": "combined", "selection_score": 0.5544606525810352, "best": false}
json_stats: {"epoch": 50, "elapsed": 0.11958075000438839, "edge_loss": 3.8515263516108296, "cpcc_loss": 0.12400380966568238, "radial_loss": 0.01833674784262402, "total_loss": 3.85790990957254}
json_stats: {"epoch": 51, "elapsed": 0.12128062499687076, "edge_loss": 3.8489087068510734, "cpcc_loss": 0.12413789391294691, "radial_loss": 0.01835599052856146, "total_loss": 3.8552991614520065}
json_stats: {"epoch": 52, "elapsed": 0.11640529200667515, "edge_loss": 3.846415850944717, "cpcc_loss": 0.12421963424530669, "radial_loss": 0.018311962856391948, "total_loss": 3.852809952285546}
json_stats: {"epoch": 53, "elapsed": 0.12014462501974776, "edge_loss": 3.8438115620334576, "cpcc_loss": 0.12426003977374885, "radial_loss": 0.01825975662278422, "total_loss": 3.850207161588373}
json_stats: {"epoch": 54, "elapsed": 0.13257041695760563, "edge_loss": 3.841033460184187, "cpcc_loss": 0.1243931829124827, "radial_loss": 0.0182726701931597, "total_loss": 3.8474358460317433, "mean_rank": 6.241237113402062, "map_rank": 0.2930481059031758, "depth_radius_pearson": 0.4903258860117281, "depth_radius_spearman": 0.2555676560242929, "selection_metric": "combined", "selection_score": 0.5486157619274687, "best": false}
json_stats: {"epoch": 55, "elapsed": 0.1243224159698002, "edge_loss": 3.838302508785266, "cpcc_loss": 0.12450691076653869, "radial_loss": 0.01821493041980164, "total_loss": 3.844710003627791}
json_stats: {"epoch": 56, "elapsed": 0.13143816601950675, "edge_loss": 3.836188917012874, "cpcc_loss": 0.12460741771304852, "radial_loss": 0.01820577620143788, "total_loss": 3.8426013456605403}
json_stats: {"epoch": 57, "elapsed": 0.12058270903071389, "edge_loss": 3.8337286171447786, "cpcc_loss": 0.12464850296385897, "radial_loss": 0.018237513350525744, "total_loss": 3.8401434174264772}
json_stats: {"epoch": 58, "elapsed": 0.12069179100217298, "edge_loss": 3.830820862017191, "cpcc_loss": 0.12472874558194236, "radial_loss": 0.018149360605796444, "total_loss": 3.8372387929023457}
json_stats: {"epoch": 59, "elapsed": 0.12160845898324624, "edge_loss": 3.8286476003970646, "cpcc_loss": 0.12489547875758901, "radial_loss": 0.018197296078335073, "total_loss": 3.835074347295727, "mean_rank": 5.554639175257732, "map_rank": 0.33866789459127156, "depth_radius_pearson": 0.4810037403693359, "depth_radius_spearman": 0.2450803731933092, "selection_metric": "combined", "selection_score": 0.5837482677845808, "best": false}
json_stats: {"epoch": 60, "elapsed": 0.12117754202336073, "edge_loss": 3.8260032043275793, "cpcc_loss": 0.12492579328762468, "radial_loss": 0.018106269098569622, "total_loss": 3.8324305566829464}
json_stats: {"epoch": 61, "elapsed": 0.11871854198398069, "edge_loss": 3.8230528315524595, "cpcc_loss": 0.125055786027981, "radial_loss": 0.018111751131726986, "total_loss": 3.829486738365176}
json_stats: {"epoch": 62, "elapsed": 0.11493395798606798, "edge_loss": 3.8205706138966473, "cpcc_loss": 0.12517336511493743, "radial_loss": 0.01808103766410497, "total_loss": 3.8270100925290356}
json_stats: {"epoch": 63, "elapsed": 0.12407079100375995, "edge_loss": 3.8183923677262204, "cpcc_loss": 0.12524491905520369, "radial_loss": 0.018081462736661846, "total_loss": 3.824835428306347}
json_stats: {"epoch": 64, "elapsed": 0.11756866599898785, "edge_loss": 3.8153059062539554, "cpcc_loss": 0.12525330298424464, "radial_loss": 0.018055406037143285, "total_loss": 3.8217491254635387, "mean_rank": 6.210309278350516, "map_rank": 0.32399044086480827, "depth_radius_pearson": 0.48177890079556523, "depth_radius_spearman": 0.25299348231779095, "selection_metric": "combined", "selection_score": 0.5769839231825993, "best": false}
json_stats: {"epoch": 65, "elapsed": 0.11914762499509379, "edge_loss": 3.81282876566614, "cpcc_loss": 0.12542276229027033, "radial_loss": 0.018050768390212638, "total_loss": 3.8192804114645553}
json_stats: {"epoch": 66, "elapsed": 0.11660158302402124, "edge_loss": 3.8106950170322023, "cpcc_loss": 0.12548134000800776, "radial_loss": 0.018027683757710543, "total_loss": 3.8171493608701796}
json_stats: {"epoch": 67, "elapsed": 0.11588149995077401, "edge_loss": 3.8079238952221415, "cpcc_loss": 0.1255529849671734, "radial_loss": 0.017988808947522986, "total_loss": 3.8143814325599754}
json_stats: {"epoch": 68, "elapsed": 0.11615979199996218, "edge_loss": 3.8055794088678496, "cpcc_loss": 0.12572706570054293, "radial_loss": 0.018006220540596505, "total_loss": 3.8120458243582824}
json_stats: {"epoch": 69, "elapsed": 0.115701665985398, "edge_loss": 3.8027293755508405, "cpcc_loss": 0.12576492464031644, "radial_loss": 0.017926059874039068, "total_loss": 3.8091968823815963, "mean_rank": 5.837113402061855, "map_rank": 0.3436446691189977, "depth_radius_pearson": 0.478050733061154, "depth_radius_spearman": 0.23670221435923944, "selection_metric": "combined", "selection_score": 0.5803468834782372, "best": false}
json_stats: {"epoch": 70, "elapsed": 0.11907258298015222, "edge_loss": 3.8004469479618743, "cpcc_loss": 0.1258759453903967, "radial_loss": 0.01792204237524688, "total_loss": 3.8069199656551467}
json_stats: {"epoch": 71, "elapsed": 0.11545854096766561, "edge_loss": 3.7978017589390904, "cpcc_loss": 0.12597173208735052, "radial_loss": 0.017903578833492577, "total_loss": 3.804279381331793}
json_stats: {"epoch": 72, "elapsed": 0.11835549998795614, "edge_loss": 3.795467248474197, "cpcc_loss": 0.12603770335973433, "radial_loss": 0.017912409300171475, "total_loss": 3.8019482577351855}
json_stats: {"epoch": 73, "elapsed": 0.12009554199175909, "edge_loss": 3.7928062486870378, "cpcc_loss": 0.12607869000150773, "radial_loss": 0.017928799043606426, "total_loss": 3.7992894711775493}
json_stats: {"epoch": 74, "elapsed": 0.11736645799828693, "edge_loss": 3.790464260668031, "cpcc_loss": 0.12616459102866678, "radial_loss": 0.017890249102372885, "total_loss": 3.796951392710488, "mean_rank": 5.91340206185567, "map_rank": 0.3133665026466445, "depth_radius_pearson": 0.47557041499180147, "depth_radius_spearman": 0.23381733352792589, "selection_metric": "combined", "selection_score": 0.5471838361745704, "best": false}
json_stats: {"epoch": 75, "elapsed": 0.11871750000864267, "edge_loss": 3.7873503597008233, "cpcc_loss": 0.12623714943401332, "radial_loss": 0.01787754879261165, "total_loss": 3.79384099266045}
json_stats: {"epoch": 76, "elapsed": 0.11673274997156113, "edge_loss": 3.784830147445307, "cpcc_loss": 0.12632060570006304, "radial_loss": 0.01787950582705289, "total_loss": 3.7913249727885807}
json_stats: {"epoch": 77, "elapsed": 0.11892974999500439, "edge_loss": 3.782768920551335, "cpcc_loss": 0.1263184880575285, "radial_loss": 0.017884089108463227, "total_loss": 3.789263685845296}
json_stats: {"epoch": 78, "elapsed": 0.11801041598664597, "edge_loss": 3.7798885280189882, "cpcc_loss": 0.1264667434924071, "radial_loss": 0.017795693088302186, "total_loss": 3.786389822124492}
json_stats: {"epoch": 79, "elapsed": 0.1147272500093095, "edge_loss": 3.777410223312451, "cpcc_loss": 0.12654411598520943, "radial_loss": 0.017791349904082376, "total_loss": 3.7839153426107517, "mean_rank": 6.08659793814433, "map_rank": 0.3036525305554718, "depth_radius_pearson": 0.4721802708831192, "depth_radius_spearman": 0.23023794850873489, "selection_metric": "combined", "selection_score": 0.5338904790642067, "best": false}
json_stats: {"epoch": 80, "elapsed": 0.11792154202703387, "edge_loss": 3.774437645752677, "cpcc_loss": 0.12660189932142407, "radial_loss": 0.01779921525983211, "total_loss": 3.7809457328713467}
json_stats: {"epoch": 81, "elapsed": 0.1148884579888545, "edge_loss": 3.772511831404435, "cpcc_loss": 0.12665871225633796, "radial_loss": 0.01777761740915583, "total_loss": 3.779022543191344}
json_stats: {"epoch": 82, "elapsed": 0.1181917919893749, "edge_loss": 3.768837058961646, "cpcc_loss": 0.12673029119918208, "radial_loss": 0.017768025149921013, "total_loss": 3.7753512537731035}
json_stats: {"epoch": 83, "elapsed": 0.11693725001532584, "edge_loss": 3.7676272445170147, "cpcc_loss": 0.12685863628984717, "radial_loss": 0.017730479192927872, "total_loss": 3.7741474811234363}
json_stats: {"epoch": 84, "elapsed": 0.1180875000427477, "edge_loss": 3.7641907776091053, "cpcc_loss": 0.12690710397658916, "radial_loss": 0.0177852755916097, "total_loss": 3.7707139855638507, "mean_rank": 6.0845360824742265, "map_rank": 0.31229884237143674, "depth_radius_pearson": 0.4648919997854555, "depth_radius_spearman": 0.21308090926313883, "selection_metric": "combined", "selection_score": 0.5253797516345755, "best": false}
json_stats: {"epoch": 85, "elapsed": 0.11669225001242012, "edge_loss": 3.7627188908381983, "cpcc_loss": 0.12704428220194264, "radial_loss": 0.01774410351662442, "total_loss": 3.7692485459834617}
json_stats: {"epoch": 86, "elapsed": 0.11785729101393372, "edge_loss": 3.760218504184731, "cpcc_loss": 0.12715555631627928, "radial_loss": 0.017667949390736223, "total_loss": 3.7667529614944524}
json_stats: {"epoch": 87, "elapsed": 0.11722800001734868, "edge_loss": 3.75695867564376, "cpcc_loss": 0.12720659933141687, "radial_loss": 0.0176679679757619, "total_loss": 3.7634956852900885}
json_stats: {"epoch": 88, "elapsed": 0.11478120798710734, "edge_loss": 3.754498531315143, "cpcc_loss": 0.12725603529211504, "radial_loss": 0.017709992836809442, "total_loss": 3.7610384330081166}
json_stats: {"epoch": 89, "elapsed": 0.11629295902093872, "edge_loss": 3.752096597796354, "cpcc_loss": 0.1274585914820474, "radial_loss": 0.017671635061863998, "total_loss": 3.758646243721075, "mean_rank": 6.121649484536082, "map_rank": 0.3227065152022741, "depth_radius_pearson": 0.4686356436207742, "depth_radius_spearman": 0.2263994536674546, "selection_metric": "combined", "selection_score": 0.5491059688697287, "best": false}
json_stats: {"epoch": 90, "elapsed": 0.11945316701894626, "edge_loss": 3.7488848191446627, "cpcc_loss": 0.12748783254461973, "radial_loss": 0.017620720097223076, "total_loss": 3.7554354179728655}
json_stats: {"epoch": 91, "elapsed": 0.11716183397220448, "edge_loss": 3.7472318514507106, "cpcc_loss": 0.12759019780555836, "radial_loss": 0.01765497573130341, "total_loss": 3.7537879110983012}
json_stats: {"epoch": 92, "elapsed": 0.11948100000154227, "edge_loss": 3.744266402922711, "cpcc_loss": 0.12766316593283394, "radial_loss": 0.017598706025241224, "total_loss": 3.7508255482796047}
json_stats: {"epoch": 93, "elapsed": 0.118127541965805, "edge_loss": 3.74170126972525, "cpcc_loss": 0.1277013357501513, "radial_loss": 0.017607406772131805, "total_loss": 3.7482624105804785}
json_stats: {"epoch": 94, "elapsed": 0.117969874991104, "edge_loss": 3.7394274504203358, "cpcc_loss": 0.12781575770391163, "radial_loss": 0.017649605442332027, "total_loss": 3.7459947343599547, "mean_rank": 6.092783505154639, "map_rank": 0.312153884086218, "depth_radius_pearson": 0.46407335951735046, "depth_radius_spearman": 0.2193539880108128, "selection_metric": "combined", "selection_score": 0.5315078720970308, "best": false}
json_stats: {"epoch": 95, "elapsed": 0.11992279096739367, "edge_loss": 3.7371605171369664, "cpcc_loss": 0.12788435048886715, "radial_loss": 0.017516722469806328, "total_loss": 3.7437299018861077}
json_stats: {"epoch": 96, "elapsed": 0.11956391698913649, "edge_loss": 3.7338896126834005, "cpcc_loss": 0.12792240303255487, "radial_loss": 0.01753073382992822, "total_loss": 3.7404610401733276}
json_stats: {"epoch": 97, "elapsed": 0.12003462499706075, "edge_loss": 3.7314788013871487, "cpcc_loss": 0.12800355067311875, "radial_loss": 0.01755457916149815, "total_loss": 3.7380545247124193}
json_stats: {"epoch": 98, "elapsed": 0.11901104199932888, "edge_loss": 3.7289462432634264, "cpcc_loss": 0.12810509289441702, "radial_loss": 0.017552966355537512, "total_loss": 3.7355270275717025}
json_stats: {"epoch": 99, "elapsed": 0.11894479201873764, "edge_loss": 3.72674686935057, "cpcc_loss": 0.12810783918073776, "radial_loss": 0.01746524112945462, "total_loss": 3.7333269137209015, "mean_rank": 6.331958762886598, "map_rank": 0.28259359434280334, "depth_radius_pearson": 0.46412926467794047, "depth_radius_spearman": 0.21624526924359608, "selection_metric": "combined", "selection_score": 0.4988388635863994, "best": false}
json_stats: {"epoch": 100, "elapsed": 0.11853258294286206, "edge_loss": 3.7248884014249826, "cpcc_loss": 0.1282318401923181, "radial_loss": 0.017490838935411236, "total_loss": 3.731474901823953}
json_stats: {"epoch": 101, "elapsed": 0.11614179197931662, "edge_loss": 3.7213161547095166, "cpcc_loss": 0.1282711576944111, "radial_loss": 0.017480760799938922, "total_loss": 3.7279045202022365}
json_stats: {"epoch": 102, "elapsed": 0.11640800000168383, "edge_loss": 3.7186064878688985, "cpcc_loss": 0.12837592112422275, "radial_loss": 0.017459876539351632, "total_loss": 3.7251998826905033}
json_stats: {"epoch": 103, "elapsed": 0.11866004200419411, "edge_loss": 3.7159798127785946, "cpcc_loss": 0.12840206158086637, "radial_loss": 0.017435765263805005, "total_loss": 3.7225742735102756}
json_stats: {"epoch": 104, "elapsed": 0.12159604200860485, "edge_loss": 3.713258033985445, "cpcc_loss": 0.12849093125952032, "radial_loss": 0.017414863999108313, "total_loss": 3.719856729188412, "mean_rank": 5.979381443298969, "map_rank": 0.3139967359455573, "depth_radius_pearson": 0.4648938912423088, "depth_radius_spearman": 0.22233704600303938, "selection_metric": "combined", "selection_score": 0.5363337819485967, "best": false}
json_stats: {"epoch": 105, "elapsed": 0.1221974579966627, "edge_loss": 3.710528352528291, "cpcc_loss": 0.12856593716998416, "radial_loss": 0.017441477833982734, "total_loss": 3.7171310641651303}
json_stats: {"epoch": 106, "elapsed": 0.11984608398051932, "edge_loss": 3.708554175481795, "cpcc_loss": 0.12864577171586605, "radial_loss": 0.017376503570524553, "total_loss": 3.7151602291032937}
json_stats: {"epoch": 107, "elapsed": 0.11792424996383488, "edge_loss": 3.7060160156186734, "cpcc_loss": 0.1286453891987892, "radial_loss": 0.01738873208524748, "total_loss": 3.7126221723994655}
json_stats: {"epoch": 108, "elapsed": 0.11474674998316914, "edge_loss": 3.7028318067638297, "cpcc_loss": 0.12874793288088762, "radial_loss": 0.017347095644109405, "total_loss": 3.7094426743643156}
json_stats: {"epoch": 109, "elapsed": 0.11780058301519603, "edge_loss": 3.70155785467493, "cpcc_loss": 0.12879504482844217, "radial_loss": 0.017363957869852398, "total_loss": 3.7081712464950507, "mean_rank": 5.752577319587629, "map_rank": 0.3323702643350162, "depth_radius_pearson": 0.46321146704216326, "depth_radius_spearman": 0.21991017548152292, "selection_metric": "combined", "selection_score": 0.5522804398165391, "best": false}
json_stats: {"epoch": 110, "elapsed": 0.1184447500272654, "edge_loss": 3.698778115174821, "cpcc_loss": 0.128847850521416, "radial_loss": 0.017375172998130378, "total_loss": 3.7053942594308733}
json_stats: {"epoch": 111, "elapsed": 0.11960237502353266, "edge_loss": 3.6967139354999787, "cpcc_loss": 0.12888615777197593, "radial_loss": 0.017343496783662187, "total_loss": 3.7033316783564136}
json_stats: {"epoch": 112, "elapsed": 0.11853224999504164, "edge_loss": 3.6929087284951265, "cpcc_loss": 0.12896140355664615, "radial_loss": 0.017286688650303996, "total_loss": 3.699529665559462}
json_stats: {"epoch": 113, "elapsed": 0.11729766702046618, "edge_loss": 3.6913936406728967, "cpcc_loss": 0.12907643661675838, "radial_loss": 0.017298067327787957, "total_loss": 3.698020443177013}
json_stats: {"epoch": 114, "elapsed": 0.11958116700407118, "edge_loss": 3.6878602696212557, "cpcc_loss": 0.12910430438014833, "radial_loss": 0.017318069396495092, "total_loss": 3.6944886655342275, "mean_rank": 6.088659793814433, "map_rank": 0.308563663713175, "depth_radius_pearson": 0.4638238779761427, "depth_radius_spearman": 0.22407517865352838, "selection_metric": "combined", "selection_score": 0.5326388423667034, "best": false}
json_stats: {"epoch": 115, "elapsed": 0.11687112500658259, "edge_loss": 3.6860531664965777, "cpcc_loss": 0.12921001563741602, "radial_loss": 0.01727882664467052, "total_loss": 3.6926864555448957}
json_stats: {"epoch": 116, "elapsed": 0.11753099999623373, "edge_loss": 3.6833232988452265, "cpcc_loss": 0.12923179792662912, "radial_loss": 0.01729588036143, "total_loss": 3.689957847545172}
json_stats: {"epoch": 117, "elapsed": 0.11862495797686279, "edge_loss": 3.6803578632772758, "cpcc_loss": 0.12936371645546238, "radial_loss": 0.017280652518930736, "total_loss": 3.686998855625238}
json_stats: {"epoch": 118, "elapsed": 0.1172469169832766, "edge_loss": 3.6781590882604354, "cpcc_loss": 0.1293583192037412, "radial_loss": 0.01729716200898049, "total_loss": 3.6847999758407117}
json_stats: {"epoch": 119, "elapsed": 0.11692887498065829, "edge_loss": 3.6754171424780346, "cpcc_loss": 0.12943786595598944, "radial_loss": 0.01722143111125142, "total_loss": 3.6820612500869467, "mean_rank": 6.222680412371134, "map_rank": 0.2988201618714434, "depth_radius_pearson": 0.4617012454062881, "depth_radius_spearman": 0.22042075662805605, "selection_metric": "combined", "selection_score": 0.5192409184994995, "best": false}
json_stats: {"epoch": 120, "elapsed": 0.12185512500582263, "edge_loss": 3.6733683037279263, "cpcc_loss": 0.12949045617324295, "radial_loss": 0.01721293907094021, "total_loss": 3.680014955927298}
json_stats: {"epoch": 121, "elapsed": 0.13347279198933393, "edge_loss": 3.6709669846202395, "cpcc_loss": 0.12956057802108417, "radial_loss": 0.017220842311562134, "total_loss": 3.677617221944409}
json_stats: {"epoch": 122, "elapsed": 0.13256858300883323, "edge_loss": 3.6682662907877743, "cpcc_loss": 0.12967764188607217, "radial_loss": 0.01719748869935543, "total_loss": 3.6749221477690712}
json_stats: {"epoch": 123, "elapsed": 0.1292090829811059, "edge_loss": 3.6664064815319035, "cpcc_loss": 0.12963499692729752, "radial_loss": 0.017174903042946485, "total_loss": 3.6730599804086976}
json_stats: {"epoch": 124, "elapsed": 0.12480858399067074, "edge_loss": 3.6632444882177357, "cpcc_loss": 0.1297244934382677, "radial_loss": 0.01715457226253147, "total_loss": 3.6699022586122743, "mean_rank": 6.098969072164948, "map_rank": 0.2969056080251753, "depth_radius_pearson": 0.461959246895168, "depth_radius_spearman": 0.22127754144728246, "selection_metric": "combined", "selection_score": 0.5181831494724578, "best": false}
json_stats: {"epoch": 125, "elapsed": 0.12182066700188443, "edge_loss": 3.660892070488211, "cpcc_loss": 0.1298162994575658, "radial_loss": 0.01721481546212534, "total_loss": 3.667555033615711}
json_stats: {"epoch": 126, "elapsed": 0.1282002079533413, "edge_loss": 3.6592646567195692, "cpcc_loss": 0.12984659579544416, "radial_loss": 0.017151052775603588, "total_loss": 3.6659284970370978}
json_stats: {"epoch": 127, "elapsed": 0.1276011670124717, "edge_loss": 3.655414011479632, "cpcc_loss": 0.12989585012400034, "radial_loss": 0.01717487072887531, "total_loss": 3.6620805526931206}
json_stats: {"epoch": 128, "elapsed": 0.1308945000055246, "edge_loss": 3.653005899473797, "cpcc_loss": 0.12994759706696205, "radial_loss": 0.017141264862784958, "total_loss": 3.6596746919757726}
json_stats: {"epoch": 129, "elapsed": 0.1327285830047913, "edge_loss": 3.6500618245760954, "cpcc_loss": 0.13001976359736972, "radial_loss": 0.01707432591173184, "total_loss": 3.656733556015081, "mean_rank": 6.074226804123711, "map_rank": 0.3159888957882053, "depth_radius_pearson": 0.46223979685714217, "depth_radius_spearman": 0.22104104756920212, "selection_metric": "combined", "selection_score": 0.5370299433574075, "best": false}
json_stats: {"epoch": 130, "elapsed": 0.1355818749871105, "edge_loss": 3.648298052194754, "cpcc_loss": 0.13005673035657977, "radial_loss": 0.017065493405278655, "total_loss": 3.654971543646636}
json_stats: {"epoch": 131, "elapsed": 0.13835225004004315, "edge_loss": 3.6467292765191317, "cpcc_loss": 0.13013379312510073, "radial_loss": 0.017099927191245146, "total_loss": 3.653406965447299}
json_stats: {"epoch": 132, "elapsed": 0.13133716699667275, "edge_loss": 3.6436181270458095, "cpcc_loss": 0.13021583325449673, "radial_loss": 0.01707922224417425, "total_loss": 3.650299710930976}
json_stats: {"epoch": 133, "elapsed": 0.13424479099921882, "edge_loss": 3.6412269506912462, "cpcc_loss": 0.13023993477784046, "radial_loss": 0.01705488124682594, "total_loss": 3.6479094962426064}
json_stats: {"epoch": 134, "elapsed": 0.1279699580045417, "edge_loss": 3.6376741955280183, "cpcc_loss": 0.13026925030537395, "radial_loss": 0.017027694652381548, "total_loss": 3.6443579349898103, "mean_rank": 5.7195876288659795, "map_rank": 0.3252947695777839, "depth_radius_pearson": 0.46101967973545377, "depth_radius_spearman": 0.2198901805906276, "selection_metric": "combined", "selection_score": 0.5451849501684115, "best": false}
json_stats: {"epoch": 135, "elapsed": 0.12491862499155104, "edge_loss": 3.634847988476375, "cpcc_loss": 0.13034788667775843, "radial_loss": 0.01698815619007638, "total_loss": 3.6415352643721643}
json_stats: {"epoch": 136, "elapsed": 0.12350475002313033, "edge_loss": 3.6330810926781725, "cpcc_loss": 0.1304177414295906, "radial_loss": 0.017003470418296203, "total_loss": 3.6397720144538352}
json_stats: {"epoch": 137, "elapsed": 0.11989079194609076, "edge_loss": 3.629885786750237, "cpcc_loss": 0.13047207884687761, "radial_loss": 0.017004331804662154, "total_loss": 3.6365794340106277}
json_stats: {"epoch": 138, "elapsed": 0.1724343750393018, "edge_loss": 3.628005815133461, "cpcc_loss": 0.1305276316041436, "radial_loss": 0.016966493690789914, "total_loss": 3.6347018616505764}
json_stats: {"epoch": 139, "elapsed": 0.13131983403582126, "edge_loss": 3.625589473789335, "cpcc_loss": 0.130627341918983, "radial_loss": 0.016971913234816137, "total_loss": 3.632290560017632, "mean_rank": 6.282474226804124, "map_rank": 0.2999579391941563, "depth_radius_pearson": 0.46177675821438424, "depth_radius_spearman": 0.22282351346092721, "selection_metric": "combined", "selection_score": 0.5227814526550836, "best": false}
json_stats: {"epoch": 140, "elapsed": 0.1225523340399377, "edge_loss": 3.623893435241813, "cpcc_loss": 0.13067053515499277, "radial_loss": 0.016915237902411322, "total_loss": 3.630596114378587}
json_stats: {"epoch": 141, "elapsed": 0.12738616700517014, "edge_loss": 3.6204109263175446, "cpcc_loss": 0.13065517310774927, "radial_loss": 0.01694274927439256, "total_loss": 3.627113112465676}
json_stats: {"epoch": 142, "elapsed": 0.12731379101751372, "edge_loss": 3.6179585707939443, "cpcc_loss": 0.13073968158552784, "radial_loss": 0.01692482711998892, "total_loss": 3.6246648031444204}
json_stats: {"epoch": 143, "elapsed": 0.12171916698571295, "edge_loss": 3.6151591584255978, "cpcc_loss": 0.13078681270444342, "radial_loss": 0.016908388705673863, "total_loss": 3.6218675829478766}
json_stats: {"epoch": 144, "elapsed": 0.1326566250063479, "edge_loss": 3.612156276950064, "cpcc_loss": 0.13082565782322247, "radial_loss": 0.016934604116991662, "total_loss": 3.618866905882395, "mean_rank": 5.960824742268041, "map_rank": 0.3111662585755192, "depth_radius_pearson": 0.46035034775047595, "depth_radius_spearman": 0.21858122666568586, "selection_metric": "combined", "selection_score": 0.5297474852412051, "best": false}
json_stats: {"epoch": 145, "elapsed": 0.13222983398009092, "edge_loss": 3.609398554489454, "cpcc_loss": 0.1308762229043714, "radial_loss": 0.016929035104035456, "total_loss": 3.616111655985713}
json_stats: {"epoch": 146, "elapsed": 0.13135475001763552, "edge_loss": 3.6067954053293203, "cpcc_loss": 0.13090506482763098, "radial_loss": 0.016876740398870695, "total_loss": 3.6135094259746907}
json_stats: {"epoch": 147, "elapsed": 0.12810383300529793, "edge_loss": 3.6033318527178775, "cpcc_loss": 0.1309463716833085, "radial_loss": 0.01688597268947663, "total_loss": 3.6100480310289385}
json_stats: {"epoch": 148, "elapsed": 0.1235192499589175, "edge_loss": 3.6015719339905026, "cpcc_loss": 0.13104641986959079, "radial_loss": 0.01693497247774391, "total_loss": 3.60829360470876}
json_stats: {"epoch": 149, "elapsed": 0.1240926249884069, "edge_loss": 3.599423817047134, "cpcc_loss": 0.1310681613832113, "radial_loss": 0.016878235229472578, "total_loss": 3.606146007468589, "mean_rank": 6.08041237113402, "map_rank": 0.3147978919858108, "depth_radius_pearson": 0.46178036117736826, "depth_radius_spearman": 0.2224364962468933, "selection_metric": "combined", "selection_score": 0.5372343882327041, "best": false}
json_stats: {"epoch": 150, "elapsed": 0.1268835419905372, "edge_loss": 3.5980984190533114, "cpcc_loss": 0.1311107333236129, "radial_loss": 0.016868908259941463, "total_loss": 3.604822644802092}
json_stats: {"epoch": 151, "elapsed": 0.1227310830145143, "edge_loss": 3.594625632799736, "cpcc_loss": 0.13119480465764677, "radial_loss": 0.016866624592758152, "total_loss": 3.601354039278546}
json_stats: {"epoch": 152, "elapsed": 0.12259345798520371, "edge_loss": 3.5936038916253805, "cpcc_loss": 0.13122715349414948, "radial_loss": 0.016852241460707157, "total_loss": 3.6003337717146957}
json_stats: {"epoch": 153, "elapsed": 0.12289695802610368, "edge_loss": 3.590608757310884, "cpcc_loss": 0.1312451267932869, "radial_loss": 0.016843882305230456, "total_loss": 3.5973394524736}
json_stats: {"epoch": 154, "elapsed": 0.133714624971617, "edge_loss": 3.5884058280868936, "cpcc_loss": 0.13130049243477507, "radial_loss": 0.016860173545792372, "total_loss": 3.59513945444409, "mean_rank": 6.17319587628866, "map_rank": 0.3022486687626878, "depth_radius_pearson": 0.4616693510259662, "depth_radius_spearman": 0.22448698354129398, "selection_metric": "combined", "selection_score": 0.5267356523039818, "best": false}
json_stats: {"epoch": 155, "elapsed": 0.12590454198652878, "edge_loss": 3.58440504318565, "cpcc_loss": 0.13134878958548207, "radial_loss": 0.01678988927731671, "total_loss": 3.5911403815576977}
json_stats: {"epoch": 156, "elapsed": 0.13343737501418218, "edge_loss": 3.582020706504382, "cpcc_loss": 0.13138139697405096, "radial_loss": 0.01678555595073402, "total_loss": 3.588757631912592}
json_stats: {"epoch": 157, "elapsed": 0.13237020903034136, "edge_loss": 3.578702851228848, "cpcc_loss": 0.1314569851470279, "radial_loss": 0.016830680551961255, "total_loss": 3.585444007291719}
json_stats: {"epoch": 158, "elapsed": 0.12784779199864715, "edge_loss": 3.5779923517304346, "cpcc_loss": 0.1314687870264629, "radial_loss": 0.01678516547594571, "total_loss": 3.5847336427365173}
json_stats: {"epoch": 159, "elapsed": 0.1331437500193715, "edge_loss": 3.575013099634372, "cpcc_loss": 0.1315120185249541, "radial_loss": 0.01678961635301541, "total_loss": 3.58175659672415, "mean_rank": 6.076288659793814, "map_rank": 0.3033877476168565, "depth_radius_pearson": 0.46153676288676243, "depth_radius_spearman": 0.22484501939661444, "selection_metric": "combined", "selection_score": 0.528232767013471, "best": false}
json_stats: {"epoch": 160, "elapsed": 0.1230392919969745, "edge_loss": 3.570492318622124, "cpcc_loss": 0.13155570099056535, "radial_loss": 0.016757765022375422, "total_loss": 3.577237681321876}
json_stats: {"epoch": 161, "elapsed": 0.13077933399472386, "edge_loss": 3.5695690006537446, "cpcc_loss": 0.13158790401101483, "radial_loss": 0.016774853243354735, "total_loss": 3.576316144386729}
json_stats: {"epoch": 162, "elapsed": 0.12949479196686298, "edge_loss": 3.5673089376465184, "cpcc_loss": 0.13163899710573534, "radial_loss": 0.016773680932186636, "total_loss": 3.5740586243111268}
json_stats: {"epoch": 163, "elapsed": 0.13052725000306964, "edge_loss": 3.564235247565285, "cpcc_loss": 0.13165965942175473, "radial_loss": 0.01677321719820883, "total_loss": 3.570985962708355}
json_stats: {"epoch": 164, "elapsed": 0.12583758297841996, "edge_loss": 3.5622538288381485, "cpcc_loss": 0.13167294060418983, "radial_loss": 0.01672613350782013, "total_loss": 3.5690047372034357, "mean_rank": 6.154639175257732, "map_rank": 0.3069645389710957, "depth_radius_pearson": 0.4609899974759177, "depth_radius_spearman": 0.22359417796356326, "selection_metric": "combined", "selection_score": 0.530558716934659, "best": false}
json_stats: {"epoch": 165, "elapsed": 0.1330964159569703, "edge_loss": 3.5595279367142707, "cpcc_loss": 0.13170599553976226, "radial_loss": 0.016784811825808196, "total_loss": 3.5662810846095168}
json_stats: {"epoch": 166, "elapsed": 0.12362333299824968, "edge_loss": 3.557245419212556, "cpcc_loss": 0.1317101466356508, "radial_loss": 0.016714759209458134, "total_loss": 3.5639980741364328}
json_stats: {"epoch": 167, "elapsed": 0.12497529096435755, "edge_loss": 3.553772208240565, "cpcc_loss": 0.13174478571243126, "radial_loss": 0.01670634664413426, "total_loss": 3.560526510992628}
json_stats: {"epoch": 168, "elapsed": 0.12460908299544826, "edge_loss": 3.5527626434364104, "cpcc_loss": 0.13182766798516043, "radial_loss": 0.016763464131640003, "total_loss": 3.559521661476985}
json_stats: {"epoch": 169, "elapsed": 0.12586491700494662, "edge_loss": 3.5478131155273527, "cpcc_loss": 0.13180682818490064, "radial_loss": 0.01671734069545757, "total_loss": 3.5545706303435525, "mean_rank": 5.748453608247423, "map_rank": 0.32597975042417365, "depth_radius_pearson": 0.4607903694607626, "depth_radius_spearman": 0.22426778861376354, "selection_metric": "combined", "selection_score": 0.5502475390379372, "best": false}
json_stats: {"epoch": 170, "elapsed": 0.12384737498359755, "edge_loss": 3.545538968160961, "cpcc_loss": 0.13181571783662419, "radial_loss": 0.01671414526026626, "total_loss": 3.552296895505395}
json_stats: {"epoch": 171, "elapsed": 0.1321190419839695, "edge_loss": 3.543340947546395, "cpcc_loss": 0.13187022210846708, "radial_loss": 0.016700127597246827, "total_loss": 3.5501014599277907}
json_stats: {"epoch": 172, "elapsed": 0.12770120799541473, "edge_loss": 3.5409853431114406, "cpcc_loss": 0.13190128045140187, "radial_loss": 0.016705619864888166, "total_loss": 3.5477474633326596}
json_stats: {"epoch": 173, "elapsed": 0.1262994590215385, "edge_loss": 3.5388672802419197, "cpcc_loss": 0.1319475874779567, "radial_loss": 0.016730783008506642, "total_loss": 3.5456319674459023}
json_stats: {"epoch": 174, "elapsed": 0.1371379590127617, "edge_loss": 3.5352642143103314, "cpcc_loss": 0.13197401288939736, "radial_loss": 0.016755186740381175, "total_loss": 3.542030466822205, "mean_rank": 6.216494845360825, "map_rank": 0.2938887761445407, "depth_radius_pearson": 0.46064817589393653, "depth_radius_spearman": 0.22459571980189327, "selection_metric": "combined", "selection_score": 0.518484495946434, "best": false}
json_stats: {"epoch": 175, "elapsed": 0.1264254580019042, "edge_loss": 3.534571411037933, "cpcc_loss": 0.13205894072282268, "radial_loss": 0.016689932288669853, "total_loss": 3.5413412573969607}
json_stats: {"epoch": 176, "elapsed": 0.1360957910073921, "edge_loss": 3.5319449861489476, "cpcc_loss": 0.1320899761666326, "radial_loss": 0.01669108413605252, "total_loss": 3.538716395798639}
json_stats: {"epoch": 177, "elapsed": 0.13495679199695587, "edge_loss": 3.530715563039528, "cpcc_loss": 0.13211245573331631, "radial_loss": 0.016657588847175553, "total_loss": 3.537487761714666}
json_stats: {"epoch": 178, "elapsed": 0.13230066595133394, "edge_loss": 3.52657771922847, "cpcc_loss": 0.13212729447778904, "radial_loss": 0.01665771323434998, "total_loss": 3.5333506610847034}
json_stats: {"epoch": 179, "elapsed": 0.1339832919766195, "edge_loss": 3.523032654117115, "cpcc_loss": 0.13221277969685843, "radial_loss": 0.016649291564725204, "total_loss": 3.5298097860176045, "mean_rank": 6.278350515463917, "map_rank": 0.30216904755994894, "depth_radius_pearson": 0.46210381283954155, "depth_radius_spearman": 0.22760626140819698, "selection_metric": "combined", "selection_score": 0.529775308968146, "best": false}
json_stats: {"epoch": 180, "elapsed": 0.13078150001820177, "edge_loss": 3.5214088134915844, "cpcc_loss": 0.1322243293950512, "radial_loss": 0.016666780871260528, "total_loss": 3.5281866977700496}
json_stats: {"epoch": 181, "elapsed": 0.12916904198937118, "edge_loss": 3.5178252144177757, "cpcc_loss": 0.13226623167635573, "radial_loss": 0.016656651324124094, "total_loss": 3.524605092514835}
json_stats: {"epoch": 182, "elapsed": 0.13022699998691678, "edge_loss": 3.5177887557378265, "cpcc_loss": 0.13231630624323165, "radial_loss": 0.016609437948520545, "total_loss": 3.5245706654294735}
json_stats: {"epoch": 183, "elapsed": 0.12453016598010436, "edge_loss": 3.513118623422442, "cpcc_loss": 0.13233728968758274, "radial_loss": 0.016645336696510582, "total_loss": 3.5199019412737864}
json_stats: {"epoch": 184, "elapsed": 0.1257747079944238, "edge_loss": 3.510709135920626, "cpcc_loss": 0.13236966049564336, "radial_loss": 0.01660757680564936, "total_loss": 3.5174936947134645, "mean_rank": 5.921649484536083, "map_rank": 0.3212658489152457, "depth_radius_pearson": 0.4608774880864287, "depth_radius_spearman": 0.22818723655263876, "selection_metric": "combined", "selection_score": 0.5494530854678844, "best": false}
json_stats: {"epoch": 185, "elapsed": 0.12179599999217317, "edge_loss": 3.5077549057844086, "cpcc_loss": 0.13242035348268222, "radial_loss": 0.016639035428492877, "total_loss": 3.514542313812827}
json_stats: {"epoch": 186, "elapsed": 0.1227298749727197, "edge_loss": 3.5053919298168994, "cpcc_loss": 0.13242705130341265, "radial_loss": 0.01662348128406104, "total_loss": 3.512179517194911}
json_stats: {"epoch": 187, "elapsed": 0.12555900000734255, "edge_loss": 3.502943931050069, "cpcc_loss": 0.13245783766803293, "radial_loss": 0.01664312414964942, "total_loss": 3.509733254174968}
json_stats: {"epoch": 188, "elapsed": 0.12242391594918445, "edge_loss": 3.4995549254779608, "cpcc_loss": 0.13245904484074061, "radial_loss": 0.01654983852373231, "total_loss": 3.506343376105235}
json_stats: {"epoch": 189, "elapsed": 0.12303575000260025, "edge_loss": 3.4994005005997844, "cpcc_loss": 0.13249127515858428, "radial_loss": 0.016612164466648004, "total_loss": 3.50619118600238, "mean_rank": 6.239175257731959, "map_rank": 0.30139947212624946, "depth_radius_pearson": 0.46121917741652996, "depth_radius_spearman": 0.22744495431086162, "selection_metric": "combined", "selection_score": 0.528844426437111, "best": false}
json_stats: {"epoch": 190, "elapsed": 0.13246554200304672, "edge_loss": 3.4951760945561707, "cpcc_loss": 0.1325253115416668, "radial_loss": 0.01656396053013188, "total_loss": 3.501967999738555}
json_stats: {"epoch": 191, "elapsed": 0.12259066704427823, "edge_loss": 3.4944827658409245, "cpcc_loss": 0.1325944154557, "radial_loss": 0.016625740527108593, "total_loss": 3.5012787440189808}
json_stats: {"epoch": 192, "elapsed": 0.12648529198486358, "edge_loss": 3.490721961983187, "cpcc_loss": 0.13261391577528886, "radial_loss": 0.016601155385822738, "total_loss": 3.4975186693258093}
json_stats: {"epoch": 193, "elapsed": 0.12430925003718585, "edge_loss": 3.488534818692859, "cpcc_loss": 0.13265174374847516, "radial_loss": 0.01660452751713474, "total_loss": 3.495333451155454}
json_stats: {"epoch": 194, "elapsed": 0.12232762499479577, "edge_loss": 3.486724616331011, "cpcc_loss": 0.13269466640287406, "radial_loss": 0.016613699388182034, "total_loss": 3.4935254866450363, "mean_rank": 5.882474226804124, "map_rank": 0.3073191071155871, "depth_radius_pearson": 0.461381598825833, "depth_radius_spearman": 0.2275852180960562, "selection_metric": "combined", "selection_score": 0.5349043252116432, "best": false}
json_stats: {"epoch": 195, "elapsed": 0.12480125000001863, "edge_loss": 3.482506528609173, "cpcc_loss": 0.13273148542324223, "radial_loss": 0.016588188201107763, "total_loss": 3.489308984762346}
json_stats: {"epoch": 196, "elapsed": 0.12337666697567329, "edge_loss": 3.483331814509032, "cpcc_loss": 0.13271092546593322, "radial_loss": 0.016600953941940166, "total_loss": 3.4901333703217485}
json_stats: {"epoch": 197, "elapsed": 0.12289483402855694, "edge_loss": 3.4782503209010502, "cpcc_loss": 0.13275983968116928, "radial_loss": 0.016603297381412925, "total_loss": 3.4850543458589227}
json_stats: {"epoch": 198, "elapsed": 0.12527066702023149, "edge_loss": 3.4761312245388543, "cpcc_loss": 0.13276442309414663, "radial_loss": 0.016596668873949602, "total_loss": 3.482935412382301}
json_stats: {"epoch": 199, "elapsed": 0.12565833400003612, "edge_loss": 3.473722603575547, "cpcc_loss": 0.1327875731652602, "radial_loss": 0.01657337368045565, "total_loss": 3.4805277159706147, "mean_rank": 6.152577319587629, "map_rank": 0.3178066736432817, "depth_radius_pearson": 0.4615081038438109, "depth_radius_spearman": 0.23054034315081479, "selection_metric": "combined", "selection_score": 0.5483470167940965, "best": false}
json_stats: {"epoch": 200, "elapsed": 0.1261159999994561, "edge_loss": 3.4718162004885125, "cpcc_loss": 0.1328219988778751, "radial_loss": 0.016571341410306015, "total_loss": 3.478623013846509}
json_stats: {"epoch": 201, "elapsed": 0.1231845419970341, "edge_loss": 3.4680216464187543, "cpcc_loss": 0.13284854261728613, "radial_loss": 0.016613789214138766, "total_loss": 3.47483021144176}
json_stats: {"epoch": 202, "elapsed": 0.12335100001655519, "edge_loss": 3.4681679357231965, "cpcc_loss": 0.1328751951607986, "radial_loss": 0.016595295576557464, "total_loss": 3.474977648437002}
json_stats: {"epoch": 203, "elapsed": 0.12154104100773111, "edge_loss": 3.463437373314121, "cpcc_loss": 0.13292192597791208, "radial_loss": 0.016617556872514344, "total_loss": 3.4702496451817413}
json_stats: {"epoch": 204, "elapsed": 0.1191482080030255, "edge_loss": 3.461178290822572, "cpcc_loss": 0.1329035355481099, "radial_loss": 0.016565431326610456, "total_loss": 3.4679891219132437, "mean_rank": 5.74020618556701, "map_rank": 0.3193949440395904, "depth_radius_pearson": 0.46083252154953486, "depth_radius_spearman": 0.230421122677761, "selection_metric": "combined", "selection_score": 0.5498160667173514, "best": false}
json_stats: {"epoch": 205, "elapsed": 0.12706075003370643, "edge_loss": 3.458748858887561, "cpcc_loss": 0.13296199642090567, "radial_loss": 0.016583504146220507, "total_loss": 3.4655627937500686}
json_stats: {"epoch": 206, "elapsed": 0.12724404101027176, "edge_loss": 3.4560352507103955, "cpcc_loss": 0.1329945061161812, "radial_loss": 0.016554320219175453, "total_loss": 3.4628505192183963}
json_stats: {"epoch": 207, "elapsed": 0.12455645797308534, "edge_loss": 3.450801563085051, "cpcc_loss": 0.1330338464487236, "radial_loss": 0.016525869556657517, "total_loss": 3.4576185141030535}
json_stats: {"epoch": 208, "elapsed": 0.1245833330322057, "edge_loss": 3.4515885461481486, "cpcc_loss": 0.13301253653658063, "radial_loss": 0.016547408085743478, "total_loss": 3.458404647055835}
json_stats: {"epoch": 209, "elapsed": 0.1239762079785578, "edge_loss": 3.4465846952039008, "cpcc_loss": 0.13304708710591612, "radial_loss": 0.016554188329097663, "total_loss": 3.4534025914424875, "mean_rank": 5.855670103092783, "map_rank": 0.3303557423814596, "depth_radius_pearson": 0.4614523099745841, "depth_radius_spearman": 0.229730961949329, "selection_metric": "combined", "selection_score": 0.5600867043307886, "best": false}
json_stats: {"epoch": 210, "elapsed": 0.12580774998059496, "edge_loss": 3.443306577686581, "cpcc_loss": 0.13306304368898855, "radial_loss": 0.016526644494114586, "total_loss": 3.450124996315972}
json_stats: {"epoch": 211, "elapsed": 0.12375520903151482, "edge_loss": 3.4423377583259755, "cpcc_loss": 0.13305158788333257, "radial_loss": 0.01659781990987892, "total_loss": 3.449156315919241}
json_stats: {"epoch": 212, "elapsed": 0.124487167049665, "edge_loss": 3.4400904303814617, "cpcc_loss": 0.1330711553476119, "radial_loss": 0.016588338849126208, "total_loss": 3.4469098715373336}
json_stats: {"epoch": 213, "elapsed": 0.12256179196992889, "edge_loss": 3.43547214754617, "cpcc_loss": 0.13308592189456853, "radial_loss": 0.01652669862680807, "total_loss": 3.4422917106271664}
json_stats: {"epoch": 214, "elapsed": 0.12659570801770315, "edge_loss": 3.435632086946975, "cpcc_loss": 0.13312907068157998, "radial_loss": 0.016577337081114453, "total_loss": 3.4424543138518646, "mean_rank": 5.956701030927835, "map_rank": 0.3263964296543857, "depth_radius_pearson": 0.4606033484086817, "depth_radius_spearman": 0.22994311747706855, "selection_metric": "combined", "selection_score": 0.5563395471314543, "best": false}
json_stats: {"epoch": 215, "elapsed": 0.12231058301404119, "edge_loss": 3.431894099350231, "cpcc_loss": 0.13313329130398938, "radial_loss": 0.01653289351672592, "total_loss": 3.4387160928505978}
json_stats: {"epoch": 216, "elapsed": 0.12456320802448317, "edge_loss": 3.4300902527319668, "cpcc_loss": 0.13318182186323718, "radial_loss": 0.016602363881191594, "total_loss": 3.43691536746394}
json_stats: {"epoch": 217, "elapsed": 0.12305758299771696, "edge_loss": 3.42758142735081, "cpcc_loss": 0.13318972125007264, "radial_loss": 0.016515515596404143, "total_loss": 3.4344060685692774}
json_stats: {"epoch": 218, "elapsed": 0.12547045800602064, "edge_loss": 3.426394679106087, "cpcc_loss": 0.13315359992014714, "radial_loss": 0.01652391419688151, "total_loss": 3.433217598244063}
json_stats: {"epoch": 219, "elapsed": 0.12445100001059473, "edge_loss": 3.4241436920557566, "cpcc_loss": 0.13315948220755802, "radial_loss": 0.01651931894493086, "total_loss": 3.4309668593555838, "mean_rank": 6.115463917525773, "map_rank": 0.3146176100663735, "depth_radius_pearson": 0.46148254381251375, "depth_radius_spearman": 0.22912939281613734, "selection_metric": "combined", "selection_score": 0.5437470028825109, "best": false}
json_stats: {"epoch": 220, "elapsed": 0.1251898339833133, "edge_loss": 3.4179286405113904, "cpcc_loss": 0.13317128660314748, "radial_loss": 0.01650255729373816, "total_loss": 3.424752230414485}
json_stats: {"epoch": 221, "elapsed": 0.12524375005159527, "edge_loss": 3.4162709297662874, "cpcc_loss": 0.13316790154646657, "radial_loss": 0.016569889133632415, "total_loss": 3.423095023734947}
json_stats: {"epoch": 222, "elapsed": 0.1227573329815641, "edge_loss": 3.4168814931565015, "cpcc_loss": 0.13319287806654187, "radial_loss": 0.01652139716042081, "total_loss": 3.4237063510314325}
json_stats: {"epoch": 223, "elapsed": 0.12536120897857472, "edge_loss": 3.4115357233965713, "cpcc_loss": 0.13319598471276234, "radial_loss": 0.016524330084786033, "total_loss": 3.4183607659330573}
json_stats: {"epoch": 224, "elapsed": 0.12190254195593297, "edge_loss": 3.4081378325789773, "cpcc_loss": 0.13318063528769714, "radial_loss": 0.01648978251560773, "total_loss": 3.4149617621685184, "mean_rank": 6.006185567010309, "map_rank": 0.3081097061023497, "depth_radius_pearson": 0.46235711698261134, "depth_radius_spearman": 0.23125738839546933, "selection_metric": "combined", "selection_score": 0.539367094497819, "best": false}
json_stats: {"epoch": 225, "elapsed": 0.12959916598629206, "edge_loss": 3.407119614340613, "cpcc_loss": 0.13321905813194437, "radial_loss": 0.016494144606513828, "total_loss": 3.413945508693275}
json_stats: {"epoch": 226, "elapsed": 0.12415408401284367, "edge_loss": 3.4032652663761795, "cpcc_loss": 0.13324116698765476, "radial_loss": 0.016525449353811582, "total_loss": 3.4100925792191}
json_stats: {"epoch": 227, "elapsed": 0.1259920839802362, "edge_loss": 3.404501267982001, "cpcc_loss": 0.13322207495252808, "radial_loss": 0.01652925350072959, "total_loss": 3.4113276642646344}
json_stats: {"epoch": 228, "elapsed": 0.12571541697252542, "edge_loss": 3.3996273919600557, "cpcc_loss": 0.13323235014134321, "radial_loss": 0.01653461215224819, "total_loss": 3.4064543555886453}
json_stats: {"epoch": 229, "elapsed": 0.12148766696918756, "edge_loss": 3.3959259064316787, "cpcc_loss": 0.1332617619174734, "radial_loss": 0.016530693203367135, "total_loss": 3.402754301459586, "mean_rank": 6.152577319587629, "map_rank": 0.3023555897222982, "depth_radius_pearson": 0.46228631346267385, "depth_radius_spearman": 0.23063208000979146, "selection_metric": "combined", "selection_score": 0.5329876697320897, "best": false}
json_stats: {"epoch": 230, "elapsed": 0.12629812501836568, "edge_loss": 3.3958197434462027, "cpcc_loss": 0.1332949269415642, "radial_loss": 0.01651333777127184, "total_loss": 3.4026496231709937}
json_stats: {"epoch": 231, "elapsed": 0.12494295800570399, "edge_loss": 3.391692464669208, "cpcc_loss": 0.1333284848148829, "radial_loss": 0.016549264464349046, "total_loss": 3.398524381554596}
json_stats: {"epoch": 232, "elapsed": 0.12133574998006225, "edge_loss": 3.3899949872895476, "cpcc_loss": 0.13331090936723655, "radial_loss": 0.016534508010013813, "total_loss": 3.39682587783801}
json_stats: {"epoch": 233, "elapsed": 0.12139029201352969, "edge_loss": 3.385265721331004, "cpcc_loss": 0.1333292447446786, "radial_loss": 0.016532211632945486, "total_loss": 3.3920975056845672}
json_stats: {"epoch": 234, "elapsed": 0.1241877909633331, "edge_loss": 3.383532991573361, "cpcc_loss": 0.13333723617309773, "radial_loss": 0.01648129083884401, "total_loss": 3.390364666290404, "mean_rank": 6.11340206185567, "map_rank": 0.319023946704532, "depth_radius_pearson": 0.4616274201539874, "depth_radius_spearman": 0.2303678029687068, "selection_metric": "combined", "selection_score": 0.5493917496732388, "best": false}
json_stats: {"epoch": 235, "elapsed": 0.12736162496730685, "edge_loss": 3.3812648739156304, "cpcc_loss": 0.13333240858934947, "radial_loss": 0.016499774415844784, "total_loss": 3.388096492089256}
json_stats: {"epoch": 236, "elapsed": 0.13202000001911074, "edge_loss": 3.378432027002446, "cpcc_loss": 0.13334366066300374, "radial_loss": 0.016501101630312917, "total_loss": 3.3852642210518993}
json_stats: {"epoch": 237, "elapsed": 0.1312912919675, "edge_loss": 3.3732712581618634, "cpcc_loss": 0.13333473167671472, "radial_loss": 0.0165187464385977, "total_loss": 3.3801031822100853}
json_stats: {"epoch": 238, "elapsed": 0.12659408303443342, "edge_loss": 3.374858218650221, "cpcc_loss": 0.13336557823126943, "radial_loss": 0.016500061834334303, "total_loss": 3.3816914981801283}
json_stats: {"epoch": 239, "elapsed": 0.12909624999156222, "edge_loss": 3.36810575088348, "cpcc_loss": 0.13335631285911095, "radial_loss": 0.016486429590960448, "total_loss": 3.374938430822345, "mean_rank": 5.9402061855670105, "map_rank": 0.31049806684495684, "depth_radius_pearson": 0.46197392517638636, "depth_radius_spearman": 0.23135504134575963, "selection_metric": "combined", "selection_score": 0.5418531081907165, "best": false}
json_stats: {"epoch": 240, "elapsed": 0.1285255000111647, "edge_loss": 3.373344730666392, "cpcc_loss": 0.1333714596066984, "radial_loss": 0.016489514373418508, "total_loss": 3.3801781987904613}
json_stats: {"epoch": 241, "elapsed": 0.12703416700242087, "edge_loss": 3.3664411003206274, "cpcc_loss": 0.13338020902968617, "radial_loss": 0.016482537044716528, "total_loss": 3.3732749361425594}
json_stats: {"epoch": 242, "elapsed": 0.13099462498212233, "edge_loss": 3.3612610393465063, "cpcc_loss": 0.1334084400261211, "radial_loss": 0.016501824215748646, "total_loss": 3.36809647958997}
json_stats: {"epoch": 243, "elapsed": 0.13045825000153854, "edge_loss": 3.357727239894083, "cpcc_loss": 0.13337726985837522, "radial_loss": 0.01652413754124543, "total_loss": 3.364561344762414}
json_stats: {"epoch": 244, "elapsed": 0.13054816698422655, "edge_loss": 3.358225601242587, "cpcc_loss": 0.1334129106112723, "radial_loss": 0.01657441858681774, "total_loss": 3.3650619909590187, "mean_rank": 6.241237113402062, "map_rank": 0.30660434867228104, "depth_radius_pearson": 0.4611583227025668, "depth_radius_spearman": 0.2274198670882027, "selection_metric": "combined", "selection_score": 0.5340242157604838, "best": false}
json_stats: {"epoch": 245, "elapsed": 0.1241090830299072, "edge_loss": 3.355117071886871, "cpcc_loss": 0.13338569740619616, "radial_loss": 0.01652434159142763, "total_loss": 3.361951600173095}
json_stats: {"epoch": 246, "elapsed": 0.12457216600887477, "edge_loss": 3.3545591819732614, "cpcc_loss": 0.13339648165911372, "radial_loss": 0.016517632724150216, "total_loss": 3.361394182383459}
json_stats: {"epoch": 247, "elapsed": 0.12354737502755597, "edge_loss": 3.3519164668475905, "cpcc_loss": 0.13337162436034805, "radial_loss": 0.016498331729986472, "total_loss": 3.3587500313829075}
json_stats: {"epoch": 248, "elapsed": 0.12438125000335276, "edge_loss": 3.348368615896217, "cpcc_loss": 0.13341858221587843, "radial_loss": 0.01652297625604429, "total_loss": 3.3552047747695717}
json_stats: {"epoch": 249, "elapsed": 0.12299133301712573, "edge_loss": 3.345009338581082, "cpcc_loss": 0.1334284082941387, "radial_loss": 0.0165053849339312, "total_loss": 3.351845812845128, "mean_rank": 6.018556701030928, "map_rank": 0.3028501097552168, "depth_radius_pearson": 0.46280266605506465, "depth_radius_spearman": 0.23192530761605148, "selection_metric": "combined", "selection_score": 0.5347754173712683, "best": false}
json_stats: {"epoch": 250, "elapsed": 0.12267729098675773, "edge_loss": 3.3443781568967736, "cpcc_loss": 0.1334312244896244, "radial_loss": 0.016518504162368018, "total_loss": 3.3512149031628784}
json_stats: {"epoch": 251, "elapsed": 0.12154770799679682, "edge_loss": 3.342756512616234, "cpcc_loss": 0.13340718783208824, "radial_loss": 0.016474070079626237, "total_loss": 3.3495916127086347}
json_stats: {"epoch": 252, "elapsed": 0.12386333296308294, "edge_loss": 3.3346251794628055, "cpcc_loss": 0.1334176657302967, "radial_loss": 0.016504791619995685, "total_loss": 3.34146111066552}
json_stats: {"epoch": 253, "elapsed": 0.12880470900563523, "edge_loss": 3.33580859842513, "cpcc_loss": 0.13342897009252047, "radial_loss": 0.01654011034611566, "total_loss": 3.3426454480332173}
json_stats: {"epoch": 254, "elapsed": 0.1250130839762278, "edge_loss": 3.334413972901981, "cpcc_loss": 0.13343918117172487, "radial_loss": 0.01646290164698341, "total_loss": 3.341250560977037, "mean_rank": 6.074226804123711, "map_rank": 0.2963016801957701, "depth_radius_pearson": 0.4626475180540607, "depth_radius_spearman": 0.23411935373384668, "selection_metric": "combined", "selection_score": 0.5304210339296167, "best": false}
json_stats: {"epoch": 255, "elapsed": 0.12052483297884464, "edge_loss": 3.3308954461682503, "cpcc_loss": 0.13343723036073496, "radial_loss": 0.016494738366533104, "total_loss": 3.337732255069952}
json_stats: {"epoch": 256, "elapsed": 0.12369954102905467, "edge_loss": 3.327181503543123, "cpcc_loss": 0.13343296768961976, "radial_loss": 0.01644707359456253, "total_loss": 3.3340176226635503}
json_stats: {"epoch": 257, "elapsed": 0.1232536660390906, "edge_loss": 3.3265633784178448, "cpcc_loss": 0.13343385673692207, "radial_loss": 0.01650792979291366, "total_loss": 3.3334001505526203}
json_stats: {"epoch": 258, "elapsed": 0.12496004096465185, "edge_loss": 3.323523496728954, "cpcc_loss": 0.13341697526771978, "radial_loss": 0.016535549180679107, "total_loss": 3.330359700984147}
json_stats: {"epoch": 259, "elapsed": 0.12195412500295788, "edge_loss": 3.321953911947327, "cpcc_loss": 0.13343862191144934, "radial_loss": 0.016503538556745016, "total_loss": 3.328790878428467, "mean_rank": 5.9876288659793815, "map_rank": 0.3317737342761386, "depth_radius_pearson": 0.4618993373749151, "depth_radius_spearman": 0.23010816893599478, "selection_metric": "combined", "selection_score": 0.5618819032121334, "best": false}
json_stats: {"epoch": 260, "elapsed": 0.12696804100414738, "edge_loss": 3.3187837165888276, "cpcc_loss": 0.13337653531939397, "radial_loss": 0.01649299278807452, "total_loss": 3.325617473282678}
json_stats: {"epoch": 261, "elapsed": 0.1244810419739224, "edge_loss": 3.3133493316895386, "cpcc_loss": 0.13338711521830254, "radial_loss": 0.016471684440715822, "total_loss": 3.3201834042948613}
json_stats: {"epoch": 262, "elapsed": 0.123816583014559, "edge_loss": 3.312710100384778, "cpcc_loss": 0.1333659323610199, "radial_loss": 0.016496202955654196, "total_loss": 3.3195433590323855}
json_stats: {"epoch": 263, "elapsed": 0.12318016699282452, "edge_loss": 3.3101701289395824, "cpcc_loss": 0.13336039085796833, "radial_loss": 0.01647269413077154, "total_loss": 3.3170028754237886}
json_stats: {"epoch": 264, "elapsed": 0.12002387503162026, "edge_loss": 3.3074274203280236, "cpcc_loss": 0.13336916484093472, "radial_loss": 0.016526357888484732, "total_loss": 3.3142611421489554, "mean_rank": 5.781443298969072, "map_rank": 0.31579421742026725, "depth_radius_pearson": 0.4626304882194711, "depth_radius_spearman": 0.23121927079447413, "selection_metric": "combined", "selection_score": 0.5470134882147414, "best": false}
json_stats: {"epoch": 265, "elapsed": 0.12362974998541176, "edge_loss": 3.305867214240749, "cpcc_loss": 0.13335904202006396, "radial_loss": 0.016510761913018184, "total_loss": 3.3127002739608824}
json_stats: {"epoch": 266, "elapsed": 0.12018508301116526, "edge_loss": 3.3034837858376696, "cpcc_loss": 0.13333491739456627, "radial_loss": 0.016504475123861634, "total_loss": 3.3103155764586365}
json_stats: {"epoch": 267, "elapsed": 0.12484408303862438, "edge_loss": 3.2990664800378475, "cpcc_loss": 0.13335007131066476, "radial_loss": 0.01650389132198702, "total_loss": 3.3058990225166003}
json_stats: {"epoch": 268, "elapsed": 0.1247661659726873, "edge_loss": 3.2986023740704042, "cpcc_loss": 0.13335634075448355, "radial_loss": 0.016492572799609022, "total_loss": 3.305435116836125}
json_stats: {"epoch": 269, "elapsed": 0.16227370902197435, "edge_loss": 3.297374614188042, "cpcc_loss": 0.13333858442083413, "radial_loss": 0.016507841277206847, "total_loss": 3.304206621821856, "mean_rank": 6.076288659793814, "map_rank": 0.29281946911360013, "depth_radius_pearson": 0.4637260728415095, "depth_radius_spearman": 0.23577900456539075, "selection_metric": "combined", "selection_score": 0.5285984736789908, "best": false}
json_stats: {"epoch": 270, "elapsed": 0.12565600004745647, "edge_loss": 3.28945800627396, "cpcc_loss": 0.13332143240776215, "radial_loss": 0.016480757251473487, "total_loss": 3.2962888854668626}
json_stats: {"epoch": 271, "elapsed": 0.12643845897400752, "edge_loss": 3.288932598547948, "cpcc_loss": 0.13330278880889357, "radial_loss": 0.016485337191567462, "total_loss": 3.295762591360309}
json_stats: {"epoch": 272, "elapsed": 0.12498741602757946, "edge_loss": 3.286672267272624, "cpcc_loss": 0.13332343246865874, "radial_loss": 0.01650000677702003, "total_loss": 3.2935034389638265}
json_stats: {"epoch": 273, "elapsed": 0.12618983403081074, "edge_loss": 3.2842514817502444, "cpcc_loss": 0.1332941282961184, "radial_loss": 0.01651572049374174, "total_loss": 3.291081345369988}
json_stats: {"epoch": 274, "elapsed": 0.130397625034675, "edge_loss": 3.281211163473394, "cpcc_loss": 0.13324663497637268, "radial_loss": 0.01647759244182262, "total_loss": 3.2880382711466307, "mean_rank": 6.125773195876289, "map_rank": 0.3094588919578795, "depth_radius_pearson": 0.4637518688927933, "depth_radius_spearman": 0.23578005298663618, "selection_metric": "combined", "selection_score": 0.5452389449445156, "best": false}
json_stats: {"epoch": 275, "elapsed": 0.1244956249720417, "edge_loss": 3.2800948180538962, "cpcc_loss": 0.13323524550315557, "radial_loss": 0.01648691156680272, "total_loss": 3.286921449444722}
json_stats: {"epoch": 276, "elapsed": 0.12045208300696686, "edge_loss": 3.276212086363378, "cpcc_loss": 0.1332214416375367, "radial_loss": 0.016470577472499012, "total_loss": 3.28303786421998}
json_stats: {"epoch": 277, "elapsed": 0.12546487501822412, "edge_loss": 3.2760608995069957, "cpcc_loss": 0.1332108943673907, "radial_loss": 0.01647896217303222, "total_loss": 3.282886233847096}
json_stats: {"epoch": 278, "elapsed": 0.1324406250496395, "edge_loss": 3.273259685931812, "cpcc_loss": 0.1332301531640426, "radial_loss": 0.016445458775917257, "total_loss": 3.2800856481777734}
json_stats: {"epoch": 279, "elapsed": 0.12632362503791228, "edge_loss": 3.2676557857769533, "cpcc_loss": 0.1332154408830909, "radial_loss": 0.016503917083923056, "total_loss": 3.274481596991947, "mean_rank": 5.929896907216495, "map_rank": 0.31949547463785954, "depth_radius_pearson": 0.4646838829101263, "depth_radius_spearman": 0.23892209657201177, "selection_metric": "combined", "selection_score": 0.5584175712098713, "best": false}
json_stats: {"epoch": 280, "elapsed": 0.1268099169828929, "edge_loss": 3.2658917658714235, "cpcc_loss": 0.133217717358578, "radial_loss": 0.016474954417227045, "total_loss": 3.2727174012835247}
json_stats: {"epoch": 281, "elapsed": 0.12728037498891354, "edge_loss": 3.2639841818510194, "cpcc_loss": 0.13324673581878343, "radial_loss": 0.016485935921057952, "total_loss": 3.270811378001169}
json_stats: {"epoch": 282, "elapsed": 0.12422283401247114, "edge_loss": 3.2631081943429447, "cpcc_loss": 0.1332322598444845, "radial_loss": 0.016526496038232755, "total_loss": 3.269935072295551}
json_stats: {"epoch": 283, "elapsed": 0.12162891600746661, "edge_loss": 3.258501120302583, "cpcc_loss": 0.13322425737323007, "radial_loss": 0.01645971104645715, "total_loss": 3.265326930281709}
json_stats: {"epoch": 284, "elapsed": 0.1336250000167638, "edge_loss": 3.258474762712141, "cpcc_loss": 0.1331765525097859, "radial_loss": 0.016482856231535767, "total_loss": 3.2652984188999463, "mean_rank": 6.148453608247423, "map_rank": 0.3046057546614156, "depth_radius_pearson": 0.46449509677834555, "depth_radius_spearman": 0.23524371063235777, "selection_metric": "combined", "selection_score": 0.5398494652937733, "best": false}
json_stats: {"epoch": 285, "elapsed": 0.13045350002357736, "edge_loss": 3.2550461938236435, "cpcc_loss": 0.13316281420392237, "radial_loss": 0.01650589287667683, "total_loss": 3.2618693934626064}
json_stats: {"epoch": 286, "elapsed": 0.12602004100335762, "edge_loss": 3.2470590310985985, "cpcc_loss": 0.13312038532136494, "radial_loss": 0.01649594309558127, "total_loss": 3.2538800097956226}
json_stats: {"epoch": 287, "elapsed": 0.1322055829805322, "edge_loss": 3.2470425866901724, "cpcc_loss": 0.13311613671895162, "radial_loss": 0.016479315590213303, "total_loss": 3.2538631866820222}
json_stats: {"epoch": 288, "elapsed": 0.1330293749924749, "edge_loss": 3.244033525538127, "cpcc_loss": 0.133089198692793, "radial_loss": 0.016470404205610675, "total_loss": 3.250852689514823}
json_stats: {"epoch": 289, "elapsed": 0.13514150003902614, "edge_loss": 3.242889766196056, "cpcc_loss": 0.1330584040028766, "radial_loss": 0.016469840175789868, "total_loss": 3.249707384797958, "mean_rank": 5.997938144329897, "map_rank": 0.31402918239290895, "depth_radius_pearson": 0.46569508859745745, "depth_radius_spearman": 0.2388667549076985, "selection_metric": "combined", "selection_score": 0.5528959373006075, "best": false}
json_stats: {"epoch": 290, "elapsed": 0.13135620899265632, "edge_loss": 3.2401460373049824, "cpcc_loss": 0.1330628399003605, "radial_loss": 0.016487577705226554, "total_loss": 3.2469640550770533}
json_stats: {"epoch": 291, "elapsed": 0.13357954198727384, "edge_loss": 3.2376750051777012, "cpcc_loss": 0.1330366335809235, "radial_loss": 0.016513496787283387, "total_loss": 3.24449197182462}
json_stats: {"epoch": 292, "elapsed": 0.12694929202552885, "edge_loss": 3.236648688505181, "cpcc_loss": 0.13302548441226608, "radial_loss": 0.016480244244681697, "total_loss": 3.243464765168241}
json_stats: {"epoch": 293, "elapsed": 0.12612704205093905, "edge_loss": 3.2347975963530757, "cpcc_loss": 0.1330036481240768, "radial_loss": 0.016505204797883092, "total_loss": 3.241612830807258}
json_stats: {"epoch": 294, "elapsed": 0.1324123339727521, "edge_loss": 3.2288512205964977, "cpcc_loss": 0.13295969672118346, "radial_loss": 0.016522890652543816, "total_loss": 3.2356644343390824, "mean_rank": 5.985567010309278, "map_rank": 0.3098560499676967, "depth_radius_pearson": 0.46569518851870284, "depth_radius_spearman": 0.23933000732372284, "selection_metric": "combined", "selection_score": 0.5491860572914196, "best": false}
json_stats: {"epoch": 295, "elapsed": 0.1330655839992687, "edge_loss": 3.228423335853557, "cpcc_loss": 0.1329494962040144, "radial_loss": 0.01650081513955044, "total_loss": 3.2352358188151533}
json_stats: {"epoch": 296, "elapsed": 0.12735558301210403, "edge_loss": 3.2239786979591862, "cpcc_loss": 0.13292738046145253, "radial_loss": 0.016492587334759584, "total_loss": 3.2307899928556063}
json_stats: {"epoch": 297, "elapsed": 0.1263917499454692, "edge_loss": 3.2255099731566363, "cpcc_loss": 0.1328970660925957, "radial_loss": 0.016487339669710832, "total_loss": 3.2323196998579635}
json_stats: {"epoch": 298, "elapsed": 0.13659850001567975, "edge_loss": 3.221264018397351, "cpcc_loss": 0.13286487892529442, "radial_loss": 0.016458720148632977, "total_loss": 3.2280718495451017}
json_stats: {"epoch": 299, "elapsed": 0.13370750000467524, "edge_loss": 3.2160379645772705, "cpcc_loss": 0.13284931409113632, "radial_loss": 0.01646701545520984, "total_loss": 3.2228451004363796, "mean_rank": 6.216494845360825, "map_rank": 0.30021527114737334, "depth_radius_pearson": 0.46644771132860186, "depth_radius_spearman": 0.2404640995623702, "selection_metric": "combined", "selection_score": 0.5406793707097435, "best": false}
