/opt/homebrew/Caskroom/miniforge/base/envs/reasoning/lib/python3.10/site-packages/torch/__init__.py:1264: UserWarning: torch.set_default_tensor_type() is deprecated as of PyTorch 2.1, please use torch.set_default_dtype() and torch.set_default_device() as alternatives. (Triggered internally at /Users/runner/work/pytorch/pytorch/pytorch/torch/csrc/tensor/python_tensor.cpp:436.)
  _C._set_default_tensor_type(t)
Using edge list dataloader
json_conf: {"checkpoint": "/Users/jayding/Desktop/DUKE/Research/BioStats_Lynn/diseaseembedding/results/disease90/disease90_embeddings.pth", "dset": "/Users/jayding/Desktop/DUKE/Research/BioStats_Lynn/diseaseembedding/results/disease90/disease90_relations_closure.csv", "dim": 10, "manifold": "poincare", "model": "distance", "lr": 0.3, "epochs": 300, "batchsize": 64, "negs": 50, "burnin": 20, "dampening": 0.75, "ndproc": 4, "eval_each": 5, "fresh": true, "debug": false, "gpu": -1, "sym": false, "maxnorm": 500000, "sparse": true, "burnin_multiplier": 0.01, "neg_multiplier": 1.0, "quiet": false, "lr_type": "constant", "train_threads": 1, "margin": 0.1, "eval": "reconstruction"}
Burn in negs=50, lr=0.003

  0%|          | 0/22 [00:00<?, ?it/s]/Users/jayding/Desktop/DUKE/Research/BioStats_Lynn/diseaseembedding/poincare_reference/hype/manifolds/poincare.py:49: UserWarning: torch.sparse.SparseTensor(indices, values, shape, *, device=) is deprecated.  Please use torch.sparse_coo_tensor(indices, values, shape, dtype=, device=). (Triggered internally at /Users/runner/work/pytorch/pytorch/pytorch/torch/csrc/utils/tensor_new.cpp:655.)
  d_p = th.sparse.DoubleTensor(d_p._indices(), n_vals, d_p.size())

 73%|███████▎  | 16/22 [00:00<00:00, 159.99it/s]
100%|██████████| 22/22 [00:00<00:00, 206.97it/s]
json_stats: {"epoch": 0, "elapsed": 0.10710883396677673, "loss": 3.9317483239992015, }
Burn in negs=50, lr=0.003

  0%|          | 0/22 [00:00<?, ?it/s]
 14%|█▎        | 3/22 [00:00<00:00, 29.60it/s]
100%|██████████| 22/22 [00:00<00:00, 138.89it/s]
json_stats: {"epoch": 1, "elapsed": 0.15727237495593727, "loss": 3.9315499478864293, }
Burn in negs=50, lr=0.003

  0%|          | 0/22 [00:00<?, ?it/s]
 55%|█████▍    | 12/22 [00:00<00:00, 117.20it/s]
100%|██████████| 22/22 [00:00<00:00, 148.85it/s]
json_stats: {"epoch": 2, "elapsed": 0.14693149999948218, "loss": 3.9313393349584658, }
Burn in negs=50, lr=0.003

  0%|          | 0/22 [00:00<?, ?it/s]
 59%|█████▉    | 13/22 [00:00<00:00, 128.80it/s]
100%|██████████| 22/22 [00:00<00:00, 164.21it/s]
json_stats: {"epoch": 3, "elapsed": 0.13291824999032542, "loss": 3.9311147025844453, }
Burn in negs=50, lr=0.003

  0%|          | 0/22 [00:00<?, ?it/s]
 64%|██████▎   | 14/22 [00:00<00:00, 132.68it/s]
100%|██████████| 22/22 [00:00<00:00, 161.09it/s]
Burn in negs=50, lr=0.003

  0%|          | 0/22 [00:00<?, ?it/s]
 59%|█████▉    | 13/22 [00:00<00:00, 128.99it/s]
100%|██████████| 22/22 [00:00<00:00, 162.01it/s]
json_stats: {"epoch": 5, "elapsed": 0.1346320839948021, "loss": 3.9306751975142684, }
Burn in negs=50, lr=0.003

  0%|          | 0/22 [00:00<?, ?it/s]
 59%|█████▉    | 13/22 [00:00<00:00, 125.80it/s]
100%|██████████| 22/22 [00:00<00:00, 162.64it/s]
json_stats: {"epoch": 6, "elapsed": 0.13421516702510417, "loss": 3.9304682556242825, }
Burn in negs=50, lr=0.003

  0%|          | 0/22 [00:00<?, ?it/s]
 59%|█████▉    | 13/22 [00:00<00:00, 127.19it/s]
100%|██████████| 22/22 [00:00<00:00, 156.28it/s]
json_stats: {"epoch": 7, "elapsed": 0.13968162494711578, "loss": 3.930237085771495, }
Burn in negs=50, lr=0.003

  0%|          | 0/22 [00:00<?, ?it/s]
 59%|█████▉    | 13/22 [00:00<00:00, 127.07it/s]
100%|██████████| 22/22 [00:00<00:00, 160.55it/s]
json_stats: {"epoch": 8, "elapsed": 0.13596629101084545, "loss": 3.930007020555341, }
Burn in negs=50, lr=0.003

  0%|          | 0/22 [00:00<?, ?it/s]
 73%|███████▎  | 16/22 [00:00<00:00, 153.41it/s]
100%|██████████| 22/22 [00:00<00:00, 182.41it/s]
json_stats: {"epoch": 4, "elapsed": 0.13543241599109024, "loss": 3.930905017025424, "sqnorm_min": 5.223852349445224e-05, "sqnorm_avg": 0.00031659044907428324, "sqnorm_max": 0.0013804750051349401, "mean_rank": 253.7748538011696, "map_rank": 0.013629323645420726, "best": true}
Burn in negs=50, lr=0.003

  0%|          | 0/22 [00:00<?, ?it/s]
 64%|██████▎   | 14/22 [00:00<00:00, 133.97it/s]
100%|██████████| 22/22 [00:00<00:00, 164.75it/s]
json_stats: {"epoch": 10, "elapsed": 0.13254279200918972, "loss": 3.929594922552219, }
Burn in negs=50, lr=0.003

  0%|          | 0/22 [00:00<?, ?it/s]
 77%|███████▋  | 17/22 [00:00<00:00, 156.19it/s]
100%|██████████| 22/22 [00:00<00:00, 190.33it/s]
json_stats: {"epoch": 11, "elapsed": 0.11441629205364734, "loss": 3.929378055109804, }
Burn in negs=50, lr=0.003

  0%|          | 0/22 [00:00<?, ?it/s]
 73%|███████▎  | 16/22 [00:00<00:00, 155.59it/s]
100%|██████████| 22/22 [00:00<00:00, 185.86it/s]
json_stats: {"epoch": 12, "elapsed": 0.11732079199282452, "loss": 3.9291779688763935, }
Burn in negs=50, lr=0.003

  0%|          | 0/22 [00:00<?, ?it/s]
 68%|██████▊   | 15/22 [00:00<00:00, 148.17it/s]
100%|██████████| 22/22 [00:00<00:00, 176.39it/s]
json_stats: {"epoch": 13, "elapsed": 0.12361879198579118, "loss": 3.9289638672001463, }
Burn in negs=50, lr=0.003

  0%|          | 0/22 [00:00<?, ?it/s]
 73%|███████▎  | 16/22 [00:00<00:00, 152.78it/s]
100%|██████████| 22/22 [00:00<00:00, 179.90it/s]
json_stats: {"epoch": 9, "elapsed": 0.11947870801668614, "loss": 3.9298114874207175, "sqnorm_min": 4.711924702860415e-05, "sqnorm_avg": 0.0005111350910738111, "sqnorm_max": 0.002610797993838787, "mean_rank": 228.5065789473684, "map_rank": 0.016898197462020734, "best": true}
Burn in negs=50, lr=0.003

  0%|          | 0/22 [00:00<?, ?it/s]
 59%|█████▉    | 13/22 [00:00<00:00, 127.76it/s]
100%|██████████| 22/22 [00:00<00:00, 159.52it/s]
json_stats: {"epoch": 15, "elapsed": 0.13685624999925494, "loss": 3.928545058956301, }
Burn in negs=50, lr=0.003

  0%|          | 0/22 [00:00<?, ?it/s]
 73%|███████▎  | 16/22 [00:00<00:00, 153.30it/s]
100%|██████████| 22/22 [00:00<00:00, 180.08it/s]
json_stats: {"epoch": 16, "elapsed": 0.1211335000116378, "loss": 3.928313034117855, }
Burn in negs=50, lr=0.003

  0%|          | 0/22 [00:00<?, ?it/s]
 73%|███████▎  | 16/22 [00:00<00:00, 154.04it/s]
100%|██████████| 22/22 [00:00<00:00, 185.21it/s]
json_stats: {"epoch": 17, "elapsed": 0.11782391701126471, "loss": 3.928060351590588, }
Burn in negs=50, lr=0.003

  0%|          | 0/22 [00:00<?, ?it/s]
 68%|██████▊   | 15/22 [00:00<00:00, 146.51it/s]
100%|██████████| 22/22 [00:00<00:00, 179.57it/s]
json_stats: {"epoch": 18, "elapsed": 0.12150916701648384, "loss": 3.927916882927222, }
Burn in negs=50, lr=0.003

  0%|          | 0/22 [00:00<?, ?it/s]
 68%|██████▊   | 15/22 [00:00<00:00, 149.44it/s]
100%|██████████| 22/22 [00:00<00:00, 180.63it/s]
json_stats: {"epoch": 14, "elapsed": 0.12118441698839888, "loss": 3.92871246625274, "sqnorm_min": 7.603048288729042e-05, "sqnorm_avg": 0.0007155845523811877, "sqnorm_max": 0.0038446171674877405, "mean_rank": 231.25877192982455, "map_rank": 0.01821039010675811, "best": true}

  0%|          | 0/22 [00:00<?, ?it/s]
100%|██████████| 22/22 [00:00<00:00, 249.38it/s]
json_stats: {"epoch": 20, "elapsed": 0.0876667500124313, "loss": 3.943879665490773, }

  0%|          | 0/22 [00:00<?, ?it/s]
100%|██████████| 22/22 [00:00<00:00, 310.46it/s]
json_stats: {"epoch": 21, "elapsed": 0.07030174997635186, "loss": 3.927697095063314, }

  0%|          | 0/22 [00:00<?, ?it/s]
100%|██████████| 22/22 [00:00<00:00, 306.87it/s]
json_stats: {"epoch": 22, "elapsed": 0.07120829197810963, "loss": 3.9155416141700825, }

  0%|          | 0/22 [00:00<?, ?it/s]
100%|██████████| 22/22 [00:00<00:00, 326.46it/s]
json_stats: {"epoch": 23, "elapsed": 0.06674216699320823, "loss": 3.9015656043329443, }

  0%|          | 0/22 [00:00<?, ?it/s]
100%|██████████| 22/22 [00:00<00:00, 332.62it/s]
json_stats: {"epoch": 19, "elapsed": 0.1207978330203332, "loss": 3.9276859519674887, "sqnorm_min": 7.303289748961106e-05, "sqnorm_avg": 0.000920410268008709, "sqnorm_max": 0.005030048079788685, "mean_rank": 199.13742690058479, "map_rank": 0.021537724576372416, "best": true}

  0%|          | 0/22 [00:00<?, ?it/s]
100%|██████████| 22/22 [00:00<00:00, 241.08it/s]
json_stats: {"epoch": 25, "elapsed": 0.09005087503464893, "loss": 3.8788053891824332, }

  0%|          | 0/22 [00:00<?, ?it/s]
100%|██████████| 22/22 [00:00<00:00, 302.18it/s]
json_stats: {"epoch": 26, "elapsed": 0.0721300839795731, "loss": 3.867181404657032, }

  0%|          | 0/22 [00:00<?, ?it/s]
100%|██████████| 22/22 [00:00<00:00, 327.86it/s]
json_stats: {"epoch": 27, "elapsed": 0.06656162498984486, "loss": 3.8563607332959093, }

  0%|          | 0/22 [00:00<?, ?it/s]
100%|██████████| 22/22 [00:00<00:00, 336.28it/s]
json_stats: {"epoch": 28, "elapsed": 0.06492599996272475, "loss": 3.8448470408745554, }

  0%|          | 0/22 [00:00<?, ?it/s]
100%|██████████| 22/22 [00:00<00:00, 316.79it/s]
json_stats: {"epoch": 24, "elapsed": 0.06560054200235754, "loss": 3.8895090661101857, "sqnorm_min": 0.010135818272829056, "sqnorm_avg": 0.03142409771680832, "sqnorm_max": 0.04581521078944206, "mean_rank": 35.37061403508772, "map_rank": 0.22210176769378948, "best": true}

  0%|          | 0/22 [00:00<?, ?it/s]
100%|██████████| 22/22 [00:00<00:00, 252.74it/s]
json_stats: {"epoch": 30, "elapsed": 0.08581650000996888, "loss": 3.823352858920202, }

  0%|          | 0/22 [00:00<?, ?it/s]
100%|██████████| 22/22 [00:00<00:00, 281.73it/s]
json_stats: {"epoch": 31, "elapsed": 0.0768779999925755, "loss": 3.811942457324089, }

  0%|          | 0/22 [00:00<?, ?it/s]
100%|██████████| 22/22 [00:00<00:00, 288.01it/s]
json_stats: {"epoch": 32, "elapsed": 0.07523604203015566, "loss": 3.80139714596414, }

  0%|          | 0/22 [00:00<?, ?it/s]
100%|██████████| 22/22 [00:00<00:00, 299.94it/s]
json_stats: {"epoch": 33, "elapsed": 0.0728138749836944, "loss": 3.790726701998697, }

  0%|          | 0/22 [00:00<?, ?it/s]
100%|██████████| 22/22 [00:00<00:00, 314.93it/s]
json_stats: {"epoch": 29, "elapsed": 0.06886612495873123, "loss": 3.8343615854615107, "sqnorm_min": 0.009676333516836166, "sqnorm_avg": 0.059896696358919144, "sqnorm_max": 0.08400822430849075, "mean_rank": 35.75219298245614, "map_rank": 0.16433949064343223, "best": true}

  0%|          | 0/22 [00:00<?, ?it/s]
100%|██████████| 22/22 [00:00<00:00, 264.30it/s]
json_stats: {"epoch": 35, "elapsed": 0.08257058402523398, "loss": 3.769108274991919, }

  0%|          | 0/22 [00:00<?, ?it/s]
100%|██████████| 22/22 [00:00<00:00, 312.50it/s]
json_stats: {"epoch": 36, "elapsed": 0.06977316597476602, "loss": 3.7576481801744492, }

  0%|          | 0/22 [00:00<?, ?it/s]
100%|██████████| 22/22 [00:00<00:00, 319.38it/s]
json_stats: {"epoch": 37, "elapsed": 0.06833887501852587, "loss": 3.7475945778757063, }

  0%|          | 0/22 [00:00<?, ?it/s]
100%|██████████| 22/22 [00:00<00:00, 329.84it/s]
json_stats: {"epoch": 38, "elapsed": 0.06620633299462497, "loss": 3.735898035518908, }

  0%|          | 0/22 [00:00<?, ?it/s]
100%|██████████| 22/22 [00:00<00:00, 324.44it/s]
json_stats: {"epoch": 34, "elapsed": 0.06932787498226389, "loss": 3.7799918382464663, "sqnorm_min": 0.018505403771996498, "sqnorm_avg": 0.08871522545814514, "sqnorm_max": 0.12008237093687057, "mean_rank": 36.18494152046784, "map_rank": 0.1581862103888895, "best": true}

  0%|          | 0/22 [00:00<?, ?it/s]
100%|██████████| 22/22 [00:00<00:00, 270.85it/s]
json_stats: {"epoch": 40, "elapsed": 0.08055820799199864, "loss": 3.716022420263148, }

  0%|          | 0/22 [00:00<?, ?it/s]
100%|██████████| 22/22 [00:00<00:00, 298.36it/s]
json_stats: {"epoch": 41, "elapsed": 0.07313733303453773, "loss": 3.7049629410025204, }

  0%|          | 0/22 [00:00<?, ?it/s]
100%|██████████| 22/22 [00:00<00:00, 335.82it/s]
json_stats: {"epoch": 42, "elapsed": 0.06496666703606024, "loss": 3.6947401743550854, }

  0%|          | 0/22 [00:00<?, ?it/s]
100%|██████████| 22/22 [00:00<00:00, 318.86it/s]
json_stats: {"epoch": 43, "elapsed": 0.0684814159758389, "loss": 3.682698984805334, }

  0%|          | 0/22 [00:00<?, ?it/s]
100%|██████████| 22/22 [00:00<00:00, 325.09it/s]
json_stats: {"epoch": 39, "elapsed": 0.0672605829895474, "loss": 3.7257338305362064, "sqnorm_min": 0.015864713117480278, "sqnorm_avg": 0.11741957813501358, "sqnorm_max": 0.1615000069141388, "mean_rank": 36.707602339181285, "map_rank": 0.1480890229567635, "best": true}

  0%|          | 0/22 [00:00<?, ?it/s]
100%|██████████| 22/22 [00:00<00:00, 279.07it/s]
json_stats: {"epoch": 45, "elapsed": 0.07819883397314698, "loss": 3.66253800666269, }

  0%|          | 0/22 [00:00<?, ?it/s]
100%|██████████| 22/22 [00:00<00:00, 312.15it/s]
json_stats: {"epoch": 46, "elapsed": 0.06996345799416304, "loss": 3.653523621314915, }

  0%|          | 0/22 [00:00<?, ?it/s]
100%|██████████| 22/22 [00:00<00:00, 318.95it/s]
json_stats: {"epoch": 47, "elapsed": 0.06843470799503848, "loss": 3.6408335017888436, }

  0%|          | 0/22 [00:00<?, ?it/s]
100%|██████████| 22/22 [00:00<00:00, 316.47it/s]
json_stats: {"epoch": 48, "elapsed": 0.06892891600728035, "loss": 3.6303708043032104, }

  0%|          | 0/22 [00:00<?, ?it/s]
100%|██████████| 22/22 [00:00<00:00, 340.78it/s]
json_stats: {"epoch": 44, "elapsed": 0.06711499998345971, "loss": 3.6735449180520265, "sqnorm_min": 0.026508115231990814, "sqnorm_avg": 0.14572280645370483, "sqnorm_max": 0.19446255266666412, "mean_rank": 35.10599415204678, "map_rank": 0.13675104285310416, "best": true}

  0%|          | 0/22 [00:00<?, ?it/s]
100%|██████████| 22/22 [00:00<00:00, 235.00it/s]
json_stats: {"epoch": 50, "elapsed": 0.09241508401464671, "loss": 3.6110985799647297, }

  0%|          | 0/22 [00:00<?, ?it/s]
100%|██████████| 22/22 [00:00<00:00, 314.60it/s]
json_stats: {"epoch": 51, "elapsed": 0.069331125007011, "loss": 3.6001997239608157, }

  0%|          | 0/22 [00:00<?, ?it/s]
100%|██████████| 22/22 [00:00<00:00, 326.55it/s]
json_stats: {"epoch": 52, "elapsed": 0.0668769589974545, "loss": 3.5916942350357064, }

  0%|          | 0/22 [00:00<?, ?it/s]
100%|██████████| 22/22 [00:00<00:00, 321.95it/s]
json_stats: {"epoch": 53, "elapsed": 0.06769845902454108, "loss": 3.580047216637306, }

  0%|          | 0/22 [00:00<?, ?it/s]
100%|██████████| 22/22 [00:00<00:00, 325.37it/s]
json_stats: {"epoch": 49, "elapsed": 0.0640982500044629, "loss": 3.6211713814387876, "sqnorm_min": 0.02461695857346058, "sqnorm_avg": 0.17362527549266815, "sqnorm_max": 0.22839340567588806, "mean_rank": 35.38304093567251, "map_rank": 0.14826532399781803, "best": true}

  0%|          | 0/22 [00:00<?, ?it/s]
100%|██████████| 22/22 [00:00<00:00, 280.64it/s]
json_stats: {"epoch": 55, "elapsed": 0.07787937496323138, "loss": 3.5611893498515883, }

  0%|          | 0/22 [00:00<?, ?it/s]
100%|██████████| 22/22 [00:00<00:00, 303.91it/s]
json_stats: {"epoch": 56, "elapsed": 0.07184141600737348, "loss": 3.5511619266441845, }

  0%|          | 0/22 [00:00<?, ?it/s]
100%|██████████| 22/22 [00:00<00:00, 336.10it/s]
json_stats: {"epoch": 57, "elapsed": 0.06494629196822643, "loss": 3.543013339960099, }

  0%|          | 0/22 [00:00<?, ?it/s]
100%|██████████| 22/22 [00:00<00:00, 328.85it/s]
json_stats: {"epoch": 58, "elapsed": 0.06631770898820832, "loss": 3.5320195192010746, }

  0%|          | 0/22 [00:00<?, ?it/s]
100%|██████████| 22/22 [00:00<00:00, 306.88it/s]
json_stats: {"epoch": 54, "elapsed": 0.06699575000675395, "loss": 3.572215811652455, "sqnorm_min": 0.02168470248579979, "sqnorm_avg": 0.2009880095720291, "sqnorm_max": 0.2622566223144531, "mean_rank": 36.973684210526315, "map_rank": 0.133260167766334, "best": true}

  0%|          | 0/22 [00:00<?, ?it/s]
100%|██████████| 22/22 [00:00<00:00, 278.22it/s]
json_stats: {"epoch": 60, "elapsed": 0.07842904201243073, "loss": 3.511115088002239, }

  0%|          | 0/22 [00:00<?, ?it/s]
100%|██████████| 22/22 [00:00<00:00, 294.66it/s]
json_stats: {"epoch": 61, "elapsed": 0.07407533301739022, "loss": 3.50145905112077, }

  0%|          | 0/22 [00:00<?, ?it/s]
100%|██████████| 22/22 [00:00<00:00, 347.40it/s]
json_stats: {"epoch": 62, "elapsed": 0.06279825000092387, "loss": 3.4941384242940567, }

  0%|          | 0/22 [00:00<?, ?it/s]
100%|██████████| 22/22 [00:00<00:00, 314.46it/s]
json_stats: {"epoch": 63, "elapsed": 0.06937533296877518, "loss": 3.482620401577142, }

  0%|          | 0/22 [00:00<?, ?it/s]
100%|██████████| 22/22 [00:00<00:00, 314.72it/s]
json_stats: {"epoch": 59, "elapsed": 0.07118408399401233, "loss": 3.5234861983575656, "sqnorm_min": 0.029400398954749107, "sqnorm_avg": 0.22773917019367218, "sqnorm_max": 0.2981123626232147, "mean_rank": 35.78143274853801, "map_rank": 0.14615621607869553, "best": true}

  0%|          | 0/22 [00:00<?, ?it/s]
100%|██████████| 22/22 [00:00<00:00, 306.91it/s]
json_stats: {"epoch": 65, "elapsed": 0.07094358297763392, "loss": 3.4657875828891376, }

  0%|          | 0/22 [00:00<?, ?it/s]
100%|██████████| 22/22 [00:00<00:00, 280.09it/s]
json_stats: {"epoch": 66, "elapsed": 0.07796387502457947, "loss": 3.4552159390958908, }

  0%|          | 0/22 [00:00<?, ?it/s]
100%|██████████| 22/22 [00:00<00:00, 309.45it/s]
json_stats: {"epoch": 67, "elapsed": 0.07056458300212398, "loss": 3.444024121443979, }

  0%|          | 0/22 [00:00<?, ?it/s]
100%|██████████| 22/22 [00:00<00:00, 310.00it/s]
json_stats: {"epoch": 68, "elapsed": 0.07045087503502145, "loss": 3.433428140475722, }

  0%|          | 0/22 [00:00<?, ?it/s]
100%|██████████| 22/22 [00:00<00:00, 315.60it/s]
json_stats: {"epoch": 64, "elapsed": 0.069355416984763, "loss": 3.4706368334756146, "sqnorm_min": 0.03777584061026573, "sqnorm_avg": 0.2539990246295929, "sqnorm_max": 0.329623818397522, "mean_rank": 35.04459064327485, "map_rank": 0.13340464799941615, "best": true}

  0%|          | 0/22 [00:00<?, ?it/s]
100%|██████████| 22/22 [00:00<00:00, 274.95it/s]
json_stats: {"epoch": 70, "elapsed": 0.07948066596873105, "loss": 3.4166441730188057, }

  0%|          | 0/22 [00:00<?, ?it/s]
100%|██████████| 22/22 [00:00<00:00, 317.28it/s]
json_stats: {"epoch": 71, "elapsed": 0.06873908301349729, "loss": 3.404278118088221, }

  0%|          | 0/22 [00:00<?, ?it/s]
100%|██████████| 22/22 [00:00<00:00, 327.84it/s]
json_stats: {"epoch": 72, "elapsed": 0.06645412504440174, "loss": 3.3961464468921347, }

  0%|          | 0/22 [00:00<?, ?it/s]
100%|██████████| 22/22 [00:00<00:00, 321.95it/s]
json_stats: {"epoch": 73, "elapsed": 0.06779216701397672, "loss": 3.385152154081567, }

  0%|          | 0/22 [00:00<?, ?it/s]
100%|██████████| 22/22 [00:00<00:00, 351.03it/s]
json_stats: {"epoch": 69, "elapsed": 0.0691609579953365, "loss": 3.425039999427845, "sqnorm_min": 0.03245023265480995, "sqnorm_avg": 0.27957138419151306, "sqnorm_max": 0.36068034172058105, "mean_rank": 34.953947368421055, "map_rank": 0.1453896907162482, "best": true}

  0%|          | 0/22 [00:00<?, ?it/s]
100%|██████████| 22/22 [00:00<00:00, 275.82it/s]
json_stats: {"epoch": 75, "elapsed": 0.07916858402313665, "loss": 3.3696424004314505, }

  0%|          | 0/22 [00:00<?, ?it/s]
100%|██████████| 22/22 [00:00<00:00, 312.11it/s]
json_stats: {"epoch": 76, "elapsed": 0.06991204200312495, "loss": 3.357721529160509, }

  0%|          | 0/22 [00:00<?, ?it/s]
100%|██████████| 22/22 [00:00<00:00, 344.42it/s]
json_stats: {"epoch": 77, "elapsed": 0.06317345798015594, "loss": 3.3517440817076634, }

  0%|          | 0/22 [00:00<?, ?it/s]
100%|██████████| 22/22 [00:00<00:00, 327.37it/s]
json_stats: {"epoch": 78, "elapsed": 0.06670399999711663, "loss": 3.3393995232291203, }

  0%|          | 0/22 [00:00<?, ?it/s]
100%|██████████| 22/22 [00:00<00:00, 328.87it/s]
json_stats: {"epoch": 74, "elapsed": 0.06213991699041799, "loss": 3.3782932604647318, "sqnorm_min": 0.02652229368686676, "sqnorm_avg": 0.30461952090263367, "sqnorm_max": 0.3909466862678528, "mean_rank": 33.833333333333336, "map_rank": 0.15167757142582455, "best": true}

  0%|          | 0/22 [00:00<?, ?it/s]
100%|██████████| 22/22 [00:00<00:00, 271.40it/s]
json_stats: {"epoch": 80, "elapsed": 0.08044641697779298, "loss": 3.3266058037257524, }

  0%|          | 0/22 [00:00<?, ?it/s]
100%|██████████| 22/22 [00:00<00:00, 299.73it/s]
json_stats: {"epoch": 81, "elapsed": 0.07275266596116126, "loss": 3.3128363124065627, }

  0%|          | 0/22 [00:00<?, ?it/s]
100%|██████████| 22/22 [00:00<00:00, 314.74it/s]
json_stats: {"epoch": 82, "elapsed": 0.06944095902144909, "loss": 3.301608615924893, }

  0%|          | 0/22 [00:00<?, ?it/s]
100%|██████████| 22/22 [00:00<00:00, 318.86it/s]
json_stats: {"epoch": 83, "elapsed": 0.06838849995983765, "loss": 3.301155449629515, }

  0%|          | 0/22 [00:00<?, ?it/s]
100%|██████████| 22/22 [00:00<00:00, 302.64it/s]
json_stats: {"epoch": 79, "elapsed": 0.06627408403437585, "loss": 3.333969766401949, "sqnorm_min": 0.03432772308588028, "sqnorm_avg": 0.32898589968681335, "sqnorm_max": 0.4208929240703583, "mean_rank": 34.735380116959064, "map_rank": 0.14285824929561977, "best": true}

  0%|          | 0/22 [00:00<?, ?it/s]
100%|██████████| 22/22 [00:00<00:00, 243.74it/s]
json_stats: {"epoch": 85, "elapsed": 0.08965033304411918, "loss": 3.27585868894988, }

  0%|          | 0/22 [00:00<?, ?it/s]
100%|██████████| 22/22 [00:00<00:00, 315.96it/s]
json_stats: {"epoch": 86, "elapsed": 0.06907925003906712, "loss": 3.2655619483785263, }

  0%|          | 0/22 [00:00<?, ?it/s]
100%|██████████| 22/22 [00:00<00:00, 345.89it/s]
json_stats: {"epoch": 87, "elapsed": 0.0627411250025034, "loss": 3.2578807730961827, }

  0%|          | 0/22 [00:00<?, ?it/s]
100%|██████████| 22/22 [00:00<00:00, 312.99it/s]
json_stats: {"epoch": 88, "elapsed": 0.06965729099465534, "loss": 3.2520505430948217, }

  0%|          | 0/22 [00:00<?, ?it/s]
100%|██████████| 22/22 [00:00<00:00, 333.28it/s]
json_stats: {"epoch": 84, "elapsed": 0.0721678749541752, "loss": 3.28762903597603, "sqnorm_min": 0.03707815334200859, "sqnorm_avg": 0.3526208698749542, "sqnorm_max": 0.44925788044929504, "mean_rank": 32.70687134502924, "map_rank": 0.14835095776990093, "best": true}

  0%|          | 0/22 [00:00<?, ?it/s]
100%|██████████| 22/22 [00:00<00:00, 261.66it/s]
json_stats: {"epoch": 90, "elapsed": 0.08355250000022352, "loss": 3.2353817119325186, }

  0%|          | 0/22 [00:00<?, ?it/s]
100%|██████████| 22/22 [00:00<00:00, 277.83it/s]
json_stats: {"epoch": 91, "elapsed": 0.07797270896844566, "loss": 3.221535187543489, }

  0%|          | 0/22 [00:00<?, ?it/s]
100%|██████████| 22/22 [00:00<00:00, 312.30it/s]
json_stats: {"epoch": 92, "elapsed": 0.0698784589767456, "loss": 3.2162114192948845, }

  0%|          | 0/22 [00:00<?, ?it/s]
100%|██████████| 22/22 [00:00<00:00, 317.04it/s]
json_stats: {"epoch": 93, "elapsed": 0.06883024994749576, "loss": 3.2080547659765695, }

  0%|          | 0/22 [00:00<?, ?it/s]
100%|██████████| 22/22 [00:00<00:00, 340.08it/s]
json_stats: {"epoch": 89, "elapsed": 0.06520500004990026, "loss": 3.242770411804464, "sqnorm_min": 0.03199360519647598, "sqnorm_avg": 0.3756939172744751, "sqnorm_max": 0.4747564196586609, "mean_rank": 32.08845029239766, "map_rank": 0.1532455986126344, "best": true}

  0%|          | 0/22 [00:00<?, ?it/s]
100%|██████████| 22/22 [00:00<00:00, 260.30it/s]
json_stats: {"epoch": 95, "elapsed": 0.08383987500565127, "loss": 3.1842189686004976, }

  0%|          | 0/22 [00:00<?, ?it/s]
100%|██████████| 22/22 [00:00<00:00, 314.36it/s]
json_stats: {"epoch": 96, "elapsed": 0.06941137497778982, "loss": 3.1785026759789328, }

  0%|          | 0/22 [00:00<?, ?it/s]
100%|██████████| 22/22 [00:00<00:00, 342.52it/s]
json_stats: {"epoch": 97, "elapsed": 0.06362895801430568, "loss": 3.173728835238191, }

  0%|          | 0/22 [00:00<?, ?it/s]
100%|██████████| 22/22 [00:00<00:00, 313.60it/s]
json_stats: {"epoch": 98, "elapsed": 0.06963320897193626, "loss": 3.1678192001053698, }

  0%|          | 0/22 [00:00<?, ?it/s]
100%|██████████| 22/22 [00:00<00:00, 327.18it/s]
json_stats: {"epoch": 94, "elapsed": 0.06421724997926503, "loss": 3.1999930678033626, "sqnorm_min": 0.04778313636779785, "sqnorm_avg": 0.39808008074760437, "sqnorm_max": 0.5013608932495117, "mean_rank": 31.374269005847953, "map_rank": 0.1527778786763864, "best": true}

  0%|          | 0/22 [00:00<?, ?it/s]
100%|██████████| 22/22 [00:00<00:00, 268.13it/s]
json_stats: {"epoch": 100, "elapsed": 0.08150650002062321, "loss": 3.14593375344234, }

  0%|          | 0/22 [00:00<?, ?it/s]
100%|██████████| 22/22 [00:00<00:00, 317.94it/s]
json_stats: {"epoch": 101, "elapsed": 0.06861812499118969, "loss": 3.1359330711157827, }

  0%|          | 0/22 [00:00<?, ?it/s]
100%|██████████| 22/22 [00:00<00:00, 361.21it/s]
json_stats: {"epoch": 102, "elapsed": 0.060312499990686774, "loss": 3.1318830112705585, }

  0%|          | 0/22 [00:00<?, ?it/s]
100%|██████████| 22/22 [00:00<00:00, 368.45it/s]
json_stats: {"epoch": 103, "elapsed": 0.05908187502063811, "loss": 3.1216725011204627, }

  0%|          | 0/22 [00:00<?, ?it/s]
100%|██████████| 22/22 [00:00<00:00, 338.62it/s]
json_stats: {"epoch": 99, "elapsed": 0.0667518749833107, "loss": 3.149715146132573, "sqnorm_min": 0.05096111446619034, "sqnorm_avg": 0.4198065996170044, "sqnorm_max": 0.5244024395942688, "mean_rank": 30.887426900584796, "map_rank": 0.14487777772867144, "best": true}

  0%|          | 0/22 [00:00<?, ?it/s]
100%|██████████| 22/22 [00:00<00:00, 256.43it/s]
json_stats: {"epoch": 105, "elapsed": 0.08513695799047127, "loss": 3.113018153710635, }

  0%|          | 0/22 [00:00<?, ?it/s]
100%|██████████| 22/22 [00:00<00:00, 306.32it/s]
json_stats: {"epoch": 106, "elapsed": 0.07117191597353667, "loss": 3.1009291884110386, }

  0%|          | 0/22 [00:00<?, ?it/s]
100%|██████████| 22/22 [00:00<00:00, 367.41it/s]
json_stats: {"epoch": 107, "elapsed": 0.05939966603182256, "loss": 3.0924900473314922, }

  0%|          | 0/22 [00:00<?, ?it/s]
100%|██████████| 22/22 [00:00<00:00, 353.27it/s]
json_stats: {"epoch": 108, "elapsed": 0.061712666996754706, "loss": 3.0762838794033276, }

  0%|          | 0/22 [00:00<?, ?it/s]
100%|██████████| 22/22 [00:00<00:00, 332.00it/s]
json_stats: {"epoch": 104, "elapsed": 0.06441012496361509, "loss": 3.1184424571250173, "sqnorm_min": 0.017122339457273483, "sqnorm_avg": 0.440697580575943, "sqnorm_max": 0.5486075282096863, "mean_rank": 31.49049707602339, "map_rank": 0.16613695993242253, "best": true}

  0%|          | 0/22 [00:00<?, ?it/s]
100%|██████████| 22/22 [00:00<00:00, 280.69it/s]
json_stats: {"epoch": 110, "elapsed": 0.077714333019685, "loss": 3.063183856416609, }

  0%|          | 0/22 [00:00<?, ?it/s]
100%|██████████| 22/22 [00:00<00:00, 319.16it/s]
json_stats: {"epoch": 111, "elapsed": 0.06837850000010803, "loss": 3.0601750310759273, }

  0%|          | 0/22 [00:00<?, ?it/s]
100%|██████████| 22/22 [00:00<00:00, 325.77it/s]
json_stats: {"epoch": 112, "elapsed": 0.06670537503669038, "loss": 3.042929941861469, }

  0%|          | 0/22 [00:00<?, ?it/s]
100%|██████████| 22/22 [00:00<00:00, 350.84it/s]
json_stats: {"epoch": 113, "elapsed": 0.06196812499547377, "loss": 3.042528478683181, }

  0%|          | 0/22 [00:00<?, ?it/s]
100%|██████████| 22/22 [00:00<00:00, 320.62it/s]
json_stats: {"epoch": 109, "elapsed": 0.06575233401963487, "loss": 3.0691944043127255, "sqnorm_min": 0.03270532935857773, "sqnorm_avg": 0.46092432737350464, "sqnorm_max": 0.5696993470191956, "mean_rank": 29.921783625730995, "map_rank": 0.16322241302126236, "best": true}

  0%|          | 0/22 [00:00<?, ?it/s]
100%|██████████| 22/22 [00:00<00:00, 266.58it/s]
json_stats: {"epoch": 115, "elapsed": 0.08193254203069955, "loss": 3.0199917125322866, }

  0%|          | 0/22 [00:00<?, ?it/s]
100%|██████████| 22/22 [00:00<00:00, 326.86it/s]
json_stats: {"epoch": 116, "elapsed": 0.0667143749888055, "loss": 3.010865653790783, }

  0%|          | 0/22 [00:00<?, ?it/s]
100%|██████████| 22/22 [00:00<00:00, 313.75it/s]
json_stats: {"epoch": 117, "elapsed": 0.0695820830296725, "loss": 3.00754502235132, }

  0%|          | 0/22 [00:00<?, ?it/s]
100%|██████████| 22/22 [00:00<00:00, 338.63it/s]
json_stats: {"epoch": 118, "elapsed": 0.06437237496720627, "loss": 2.998719373424686, }

  0%|          | 0/22 [00:00<?, ?it/s]
100%|██████████| 22/22 [00:00<00:00, 334.38it/s]
json_stats: {"epoch": 114, "elapsed": 0.06810054095694795, "loss": 3.03268658188732, "sqnorm_min": 0.04091440513730049, "sqnorm_avg": 0.48049893975257874, "sqnorm_max": 0.5904313921928406, "mean_rank": 28.55263157894737, "map_rank": 0.1727537737757617, "best": true}

  0%|          | 0/22 [00:00<?, ?it/s]
100%|██████████| 22/22 [00:00<00:00, 261.78it/s]
json_stats: {"epoch": 120, "elapsed": 0.08277620800072327, "loss": 2.982936541083437, }

  0%|          | 0/22 [00:00<?, ?it/s]
100%|██████████| 22/22 [00:00<00:00, 279.85it/s]
json_stats: {"epoch": 121, "elapsed": 0.07744004199048504, "loss": 2.982253361457913, }

  0%|          | 0/22 [00:00<?, ?it/s]
100%|██████████| 22/22 [00:00<00:00, 330.53it/s]
json_stats: {"epoch": 122, "elapsed": 0.06603491702117026, "loss": 2.9634258996248604, }

  0%|          | 0/22 [00:00<?, ?it/s]
100%|██████████| 22/22 [00:00<00:00, 289.04it/s]
json_stats: {"epoch": 123, "elapsed": 0.07556937501067296, "loss": 2.965831848760848, }

  0%|          | 0/22 [00:00<?, ?it/s]
100%|██████████| 22/22 [00:00<00:00, 328.82it/s]
json_stats: {"epoch": 119, "elapsed": 0.06524975004140288, "loss": 2.9817770052707075, "sqnorm_min": 0.037072841078042984, "sqnorm_avg": 0.49947938323020935, "sqnorm_max": 0.6126971244812012, "mean_rank": 28.221491228070175, "map_rank": 0.16928297196329128, "best": true}

  0%|          | 0/22 [00:00<?, ?it/s]
100%|██████████| 22/22 [00:00<00:00, 260.46it/s]
json_stats: {"epoch": 125, "elapsed": 0.08383958303602412, "loss": 2.941089437553863, }

  0%|          | 0/22 [00:00<?, ?it/s]
100%|██████████| 22/22 [00:00<00:00, 294.23it/s]
json_stats: {"epoch": 126, "elapsed": 0.07418820797465742, "loss": 2.9383789364606656, }

  0%|          | 0/22 [00:00<?, ?it/s]
100%|██████████| 22/22 [00:00<00:00, 279.03it/s]
json_stats: {"epoch": 127, "elapsed": 0.07752654200885445, "loss": 2.9205702418113115, }

  0%|          | 0/22 [00:00<?, ?it/s]
100%|██████████| 22/22 [00:00<00:00, 323.37it/s]
json_stats: {"epoch": 128, "elapsed": 0.06747291603824124, "loss": 2.923745281683532, }

  0%|          | 0/22 [00:00<?, ?it/s]
100%|██████████| 22/22 [00:00<00:00, 326.40it/s]
json_stats: {"epoch": 124, "elapsed": 0.06631862500216812, "loss": 2.947344581751213, "sqnorm_min": 0.03580804914236069, "sqnorm_avg": 0.5176791548728943, "sqnorm_max": 0.6292864084243774, "mean_rank": 27.986842105263158, "map_rank": 0.1807271174361928, "best": true}

  0%|          | 0/22 [00:00<?, ?it/s]
100%|██████████| 22/22 [00:00<00:00, 256.63it/s]
json_stats: {"epoch": 130, "elapsed": 0.08508550003170967, "loss": 2.907445480361002, }

  0%|          | 0/22 [00:00<?, ?it/s]
100%|██████████| 22/22 [00:00<00:00, 293.83it/s]
json_stats: {"epoch": 131, "elapsed": 0.07434704195475206, "loss": 2.896938320865956, }

  0%|          | 0/22 [00:00<?, ?it/s]
100%|██████████| 22/22 [00:00<00:00, 310.43it/s]
json_stats: {"epoch": 132, "elapsed": 0.07015325000975281, "loss": 2.890049881209024, }

  0%|          | 0/22 [00:00<?, ?it/s]
100%|██████████| 22/22 [00:00<00:00, 320.71it/s]
json_stats: {"epoch": 133, "elapsed": 0.06805158295901492, "loss": 2.8816638656398164, }

  0%|          | 0/22 [00:00<?, ?it/s]
100%|██████████| 22/22 [00:00<00:00, 323.04it/s]
json_stats: {"epoch": 129, "elapsed": 0.06678400002419949, "loss": 2.9140543459554498, "sqnorm_min": 0.03229362890124321, "sqnorm_avg": 0.5352634787559509, "sqnorm_max": 0.6476996541023254, "mean_rank": 27.714181286549707, "map_rank": 0.17848647833541187, "best": true}

  0%|          | 0/22 [00:00<?, ?it/s]
100%|██████████| 22/22 [00:00<00:00, 243.44it/s]
json_stats: {"epoch": 135, "elapsed": 0.08921037503750995, "loss": 2.869241138683894, }

  0%|          | 0/22 [00:00<?, ?it/s]
100%|██████████| 22/22 [00:00<00:00, 270.05it/s]
json_stats: {"epoch": 136, "elapsed": 0.0802232910064049, "loss": 2.8626327273815226, }

  0%|          | 0/22 [00:00<?, ?it/s]
100%|██████████| 22/22 [00:00<00:00, 326.58it/s]
json_stats: {"epoch": 137, "elapsed": 0.06680175004294142, "loss": 2.8491676275779483, }

  0%|          | 0/22 [00:00<?, ?it/s]
100%|██████████| 22/22 [00:00<00:00, 314.79it/s]
json_stats: {"epoch": 138, "elapsed": 0.06937841599574313, "loss": 2.8553002172967754, }

  0%|          | 0/22 [00:00<?, ?it/s]
100%|██████████| 22/22 [00:00<00:00, 334.40it/s]
json_stats: {"epoch": 134, "elapsed": 0.06758408399764448, "loss": 2.880111458007679, "sqnorm_min": 0.05092158168554306, "sqnorm_avg": 0.552161693572998, "sqnorm_max": 0.6658696532249451, "mean_rank": 26.375730994152047, "map_rank": 0.18417486641762837, "best": true}

  0%|          | 0/22 [00:00<?, ?it/s]
100%|██████████| 22/22 [00:00<00:00, 274.11it/s]
json_stats: {"epoch": 140, "elapsed": 0.07971591700334102, "loss": 2.837873631847936, }

  0%|          | 0/22 [00:00<?, ?it/s]
100%|██████████| 22/22 [00:00<00:00, 318.08it/s]
json_stats: {"epoch": 141, "elapsed": 0.06857570796273649, "loss": 2.830323795053893, }

  0%|          | 0/22 [00:00<?, ?it/s]
100%|██████████| 22/22 [00:00<00:00, 308.99it/s]
json_stats: {"epoch": 142, "elapsed": 0.07065754197537899, "loss": 2.815734662146632, }

  0%|          | 0/22 [00:00<?, ?it/s]
100%|██████████| 22/22 [00:00<00:00, 355.61it/s]
json_stats: {"epoch": 143, "elapsed": 0.06136495800456032, "loss": 2.809175614730192, }

  0%|          | 0/22 [00:00<?, ?it/s]
100%|██████████| 22/22 [00:00<00:00, 333.36it/s]
json_stats: {"epoch": 139, "elapsed": 0.0651973329950124, "loss": 2.8418437306751367, "sqnorm_min": 0.047737669199705124, "sqnorm_avg": 0.5683444738388062, "sqnorm_max": 0.6816347241401672, "mean_rank": 25.969298245614034, "map_rank": 0.1865220828439591, "best": true}

  0%|          | 0/22 [00:00<?, ?it/s]
100%|██████████| 22/22 [00:00<00:00, 290.16it/s]
json_stats: {"epoch": 145, "elapsed": 0.07511874998454005, "loss": 2.800704369838133, }

  0%|          | 0/22 [00:00<?, ?it/s]
100%|██████████| 22/22 [00:00<00:00, 312.19it/s]
json_stats: {"epoch": 146, "elapsed": 0.06989358301507309, "loss": 2.7835119602673264, }

  0%|          | 0/22 [00:00<?, ?it/s]
100%|██████████| 22/22 [00:00<00:00, 321.01it/s]
json_stats: {"epoch": 147, "elapsed": 0.0679965409799479, "loss": 2.7994980055288092, }

  0%|          | 0/22 [00:00<?, ?it/s]
100%|██████████| 22/22 [00:00<00:00, 295.87it/s]
json_stats: {"epoch": 148, "elapsed": 0.07381920801708475, "loss": 2.769673928141988, }

  0%|          | 0/22 [00:00<?, ?it/s]
100%|██████████| 22/22 [00:00<00:00, 355.26it/s]
json_stats: {"epoch": 144, "elapsed": 0.06545112503226846, "loss": 2.8006039533154516, "sqnorm_min": 0.028043197467923164, "sqnorm_avg": 0.5839188098907471, "sqnorm_max": 0.6980700492858887, "mean_rank": 26.023391812865498, "map_rank": 0.1801134747224217, "best": true}

  0%|          | 0/22 [00:00<?, ?it/s]
100%|██████████| 22/22 [00:00<00:00, 284.69it/s]
json_stats: {"epoch": 150, "elapsed": 0.07668208301765844, "loss": 2.767909286751188, }

  0%|          | 0/22 [00:00<?, ?it/s]
100%|██████████| 22/22 [00:00<00:00, 314.05it/s]
json_stats: {"epoch": 151, "elapsed": 0.06932554201921448, "loss": 2.7641780539778265, }

  0%|          | 0/22 [00:00<?, ?it/s]
100%|██████████| 22/22 [00:00<00:00, 266.98it/s]
json_stats: {"epoch": 152, "elapsed": 0.08126929198624566, "loss": 2.7457241136548802, }

  0%|          | 0/22 [00:00<?, ?it/s]
100%|██████████| 22/22 [00:00<00:00, 309.36it/s]
json_stats: {"epoch": 153, "elapsed": 0.07055912504438311, "loss": 2.7359793456535866, }

  0%|          | 0/22 [00:00<?, ?it/s]
100%|██████████| 22/22 [00:00<00:00, 276.06it/s]
json_stats: {"epoch": 149, "elapsed": 0.061362790991552174, "loss": 2.766682714078563, "sqnorm_min": 0.034584593027830124, "sqnorm_avg": 0.5988457798957825, "sqnorm_max": 0.7136484980583191, "mean_rank": 25.255116959064328, "map_rank": 0.1900987961150287, "best": true}

  0%|          | 0/22 [00:00<?, ?it/s]
100%|██████████| 22/22 [00:00<00:00, 275.08it/s]
json_stats: {"epoch": 155, "elapsed": 0.07941762503469363, "loss": 2.728897799073948, }

  0%|          | 0/22 [00:00<?, ?it/s]
100%|██████████| 22/22 [00:00<00:00, 271.56it/s]
json_stats: {"epoch": 156, "elapsed": 0.08045641699573025, "loss": 2.724479574938194, }

  0%|          | 0/22 [00:00<?, ?it/s]
100%|██████████| 22/22 [00:00<00:00, 301.78it/s]
json_stats: {"epoch": 157, "elapsed": 0.0723442499875091, "loss": 2.7166865347445732, }

  0%|          | 0/22 [00:00<?, ?it/s]
100%|██████████| 22/22 [00:00<00:00, 339.51it/s]
json_stats: {"epoch": 158, "elapsed": 0.06426070799352601, "loss": 2.7132445961964056, }

  0%|          | 0/22 [00:00<?, ?it/s]
100%|██████████| 22/22 [00:00<00:00, 336.97it/s]
json_stats: {"epoch": 154, "elapsed": 0.07907391700427979, "loss": 2.7364212863797266, "sqnorm_min": 0.030181758105754852, "sqnorm_avg": 0.6131489872932434, "sqnorm_max": 0.7278628945350647, "mean_rank": 24.930555555555557, "map_rank": 0.1993555869548736, "best": true}

  0%|          | 0/22 [00:00<?, ?it/s]
100%|██████████| 22/22 [00:00<00:00, 287.83it/s]
json_stats: {"epoch": 160, "elapsed": 0.07579375000204891, "loss": 2.6936661561814454, }

  0%|          | 0/22 [00:00<?, ?it/s]
100%|██████████| 22/22 [00:00<00:00, 293.80it/s]
json_stats: {"epoch": 161, "elapsed": 0.0742925830418244, "loss": 2.6943051980638866, }

  0%|          | 0/22 [00:00<?, ?it/s]
100%|██████████| 22/22 [00:00<00:00, 311.38it/s]
json_stats: {"epoch": 162, "elapsed": 0.06995354098035023, "loss": 2.682679229954404, }

  0%|          | 0/22 [00:00<?, ?it/s]
100%|██████████| 22/22 [00:00<00:00, 291.27it/s]
json_stats: {"epoch": 163, "elapsed": 0.0749934579944238, "loss": 2.6768754644521664, }

  0%|          | 0/22 [00:00<?, ?it/s]
100%|██████████| 22/22 [00:00<00:00, 301.85it/s]
json_stats: {"epoch": 159, "elapsed": 0.06479866697918624, "loss": 2.6934043324595494, "sqnorm_min": 0.03164634853601456, "sqnorm_avg": 0.6269287467002869, "sqnorm_max": 0.7420750856399536, "mean_rank": 24.51169590643275, "map_rank": 0.19656976548175975, "best": true}

  0%|          | 0/22 [00:00<?, ?it/s]
100%|██████████| 22/22 [00:00<00:00, 231.10it/s]
json_stats: {"epoch": 165, "elapsed": 0.09391679096734151, "loss": 2.657694015853886, }

  0%|          | 0/22 [00:00<?, ?it/s]
100%|██████████| 22/22 [00:00<00:00, 282.41it/s]
json_stats: {"epoch": 166, "elapsed": 0.07678599999053404, "loss": 2.664014482371565, }

  0%|          | 0/22 [00:00<?, ?it/s]
100%|██████████| 22/22 [00:00<00:00, 324.74it/s]
json_stats: {"epoch": 167, "elapsed": 0.06720425002276897, "loss": 2.652860206802706, }

  0%|          | 0/22 [00:00<?, ?it/s]
100%|██████████| 22/22 [00:00<00:00, 326.36it/s]
json_stats: {"epoch": 168, "elapsed": 0.06676887499634176, "loss": 2.6467881995903983, }

  0%|          | 0/22 [00:00<?, ?it/s]
100%|██████████| 22/22 [00:00<00:00, 306.85it/s]
json_stats: {"epoch": 164, "elapsed": 0.07231233397033066, "loss": 2.665604514352184, "sqnorm_min": 0.04554765298962593, "sqnorm_avg": 0.6401050686836243, "sqnorm_max": 0.7563679814338684, "mean_rank": 23.749269005847953, "map_rank": 0.20124257497153944, "best": true}

  0%|          | 0/22 [00:00<?, ?it/s]
100%|██████████| 22/22 [00:00<00:00, 285.26it/s]
json_stats: {"epoch": 170, "elapsed": 0.07651783298933879, "loss": 2.632007438120081, }

  0%|          | 0/22 [00:00<?, ?it/s]
100%|██████████| 22/22 [00:00<00:00, 264.35it/s]
json_stats: {"epoch": 171, "elapsed": 0.0820404160185717, "loss": 2.628418496429852, }

  0%|          | 0/22 [00:00<?, ?it/s]
100%|██████████| 22/22 [00:00<00:00, 315.38it/s]
json_stats: {"epoch": 172, "elapsed": 0.06912633299361914, "loss": 2.601729264574051, }

  0%|          | 0/22 [00:00<?, ?it/s]
100%|██████████| 22/22 [00:00<00:00, 286.15it/s]
json_stats: {"epoch": 173, "elapsed": 0.07562279200647026, "loss": 2.6101129502446967, }

  0%|          | 0/22 [00:00<?, ?it/s]
100%|██████████| 22/22 [00:00<00:00, 311.72it/s]
json_stats: {"epoch": 169, "elapsed": 0.07109004101948813, "loss": 2.630703485704389, "sqnorm_min": 0.04119175300002098, "sqnorm_avg": 0.6527431011199951, "sqnorm_max": 0.7676740884780884, "mean_rank": 22.96783625730994, "map_rank": 0.20239903703220988, "best": true}

  0%|          | 0/22 [00:00<?, ?it/s]
100%|██████████| 22/22 [00:00<00:00, 266.90it/s]
json_stats: {"epoch": 175, "elapsed": 0.08189062494784594, "loss": 2.6059260772240362, }

  0%|          | 0/22 [00:00<?, ?it/s]
100%|██████████| 22/22 [00:00<00:00, 307.71it/s]
json_stats: {"epoch": 176, "elapsed": 0.07095441699493676, "loss": 2.5967581905229, }

  0%|          | 0/22 [00:00<?, ?it/s]
100%|██████████| 22/22 [00:00<00:00, 327.04it/s]
json_stats: {"epoch": 177, "elapsed": 0.06668595800874755, "loss": 2.591965532042589, }

  0%|          | 0/22 [00:00<?, ?it/s]
100%|██████████| 22/22 [00:00<00:00, 316.24it/s]
json_stats: {"epoch": 178, "elapsed": 0.0689889169880189, "loss": 2.5821030840825476, }

  0%|          | 0/22 [00:00<?, ?it/s]
100%|██████████| 22/22 [00:00<00:00, 312.06it/s]
json_stats: {"epoch": 174, "elapsed": 0.06993337505264208, "loss": 2.5975436286856963, "sqnorm_min": 0.029501302167773247, "sqnorm_avg": 0.6648745536804199, "sqnorm_max": 0.7784008979797363, "mean_rank": 22.964912280701753, "map_rank": 0.19829901670279898, "best": true}

  0%|          | 0/22 [00:00<?, ?it/s]
100%|██████████| 22/22 [00:00<00:00, 257.82it/s]
json_stats: {"epoch": 180, "elapsed": 0.08472170797176659, "loss": 2.564891320724836, }

  0%|          | 0/22 [00:00<?, ?it/s]
100%|██████████| 22/22 [00:00<00:00, 277.10it/s]
json_stats: {"epoch": 181, "elapsed": 0.07820608298061416, "loss": 2.5665729697283637, }

  0%|          | 0/22 [00:00<?, ?it/s]
100%|██████████| 22/22 [00:00<00:00, 295.04it/s]
json_stats: {"epoch": 182, "elapsed": 0.07402908301446587, "loss": 2.5599332781328887, }

  0%|          | 0/22 [00:00<?, ?it/s]
100%|██████████| 22/22 [00:00<00:00, 319.27it/s]
json_stats: {"epoch": 183, "elapsed": 0.06824445800157264, "loss": 2.5537255745534493, }

  0%|          | 0/22 [00:00<?, ?it/s]
100%|██████████| 22/22 [00:00<00:00, 338.72it/s]
json_stats: {"epoch": 179, "elapsed": 0.06992237502709031, "loss": 2.5763400445692053, "sqnorm_min": 0.02956380322575569, "sqnorm_avg": 0.6763850450515747, "sqnorm_max": 0.7893338203430176, "mean_rank": 22.46345029239766, "map_rank": 0.20974125303679889, "best": true}

  0%|          | 0/22 [00:00<?, ?it/s]
100%|██████████| 22/22 [00:00<00:00, 290.63it/s]
json_stats: {"epoch": 185, "elapsed": 0.0750910000060685, "loss": 2.5380716031143273, }

  0%|          | 0/22 [00:00<?, ?it/s]
100%|██████████| 22/22 [00:00<00:00, 271.31it/s]
json_stats: {"epoch": 186, "elapsed": 0.07986991701181978, "loss": 2.5440306729270805, }

  0%|          | 0/22 [00:00<?, ?it/s]
100%|██████████| 22/22 [00:00<00:00, 305.08it/s]
json_stats: {"epoch": 187, "elapsed": 0.0715380419860594, "loss": 2.542458368707932, }

  0%|          | 0/22 [00:00<?, ?it/s]
100%|██████████| 22/22 [00:00<00:00, 353.75it/s]
json_stats: {"epoch": 188, "elapsed": 0.06152583297807723, "loss": 2.519106139046858, }

  0%|          | 0/22 [00:00<?, ?it/s]
100%|██████████| 22/22 [00:00<00:00, 332.51it/s]
json_stats: {"epoch": 184, "elapsed": 0.06435175001388416, "loss": 2.5443627151746715, "sqnorm_min": 0.0382545068860054, "sqnorm_avg": 0.6874362230300903, "sqnorm_max": 0.7993606925010681, "mean_rank": 21.836988304093566, "map_rank": 0.2211278517431655, "best": true}

  0%|          | 0/22 [00:00<?, ?it/s]
100%|██████████| 22/22 [00:00<00:00, 254.63it/s]
json_stats: {"epoch": 190, "elapsed": 0.08582833298714831, "loss": 2.508404506626613, }

  0%|          | 0/22 [00:00<?, ?it/s]
100%|██████████| 22/22 [00:00<00:00, 293.29it/s]
json_stats: {"epoch": 191, "elapsed": 0.07446470903232694, "loss": 2.516135736794824, }

  0%|          | 0/22 [00:00<?, ?it/s]
100%|██████████| 22/22 [00:00<00:00, 331.09it/s]
json_stats: {"epoch": 192, "elapsed": 0.06581749999895692, "loss": 2.498530135261493, }

  0%|          | 0/22 [00:00<?, ?it/s]
100%|██████████| 22/22 [00:00<00:00, 356.58it/s]
json_stats: {"epoch": 193, "elapsed": 0.061197792005259544, "loss": 2.494993866267883, }

  0%|          | 0/22 [00:00<?, ?it/s]
100%|██████████| 22/22 [00:00<00:00, 315.12it/s]
json_stats: {"epoch": 189, "elapsed": 0.06567479099612683, "loss": 2.5261867839979346, "sqnorm_min": 0.03187088295817375, "sqnorm_avg": 0.6979357004165649, "sqnorm_max": 0.8081350922584534, "mean_rank": 21.103801169590643, "map_rank": 0.22831413259001418, "best": true}

  0%|          | 0/22 [00:00<?, ?it/s]
100%|██████████| 22/22 [00:00<00:00, 252.11it/s]
json_stats: {"epoch": 195, "elapsed": 0.08604825002839789, "loss": 2.4790350762136204, }

  0%|          | 0/22 [00:00<?, ?it/s]
100%|██████████| 22/22 [00:00<00:00, 287.26it/s]
json_stats: {"epoch": 196, "elapsed": 0.07605041598435491, "loss": 2.4869478297301018, }

  0%|          | 0/22 [00:00<?, ?it/s]
100%|██████████| 22/22 [00:00<00:00, 319.28it/s]
json_stats: {"epoch": 197, "elapsed": 0.06826762499986216, "loss": 2.4656465633257874, }

  0%|          | 0/22 [00:00<?, ?it/s]
100%|██████████| 22/22 [00:00<00:00, 304.01it/s]
json_stats: {"epoch": 198, "elapsed": 0.07185920799383894, "loss": 2.474409679990041, }

  0%|          | 0/22 [00:00<?, ?it/s]
100%|██████████| 22/22 [00:00<00:00, 332.22it/s]
json_stats: {"epoch": 194, "elapsed": 0.06924033298855647, "loss": 2.4907852532167736, "sqnorm_min": 0.041169174015522, "sqnorm_avg": 0.708048403263092, "sqnorm_max": 0.8177158236503601, "mean_rank": 21.11330409356725, "map_rank": 0.2287312554814077, "best": true}

  0%|          | 0/22 [00:00<?, ?it/s]
100%|██████████| 22/22 [00:00<00:00, 244.40it/s]
json_stats: {"epoch": 200, "elapsed": 0.08884312497684732, "loss": 2.460947060325336, }

  0%|          | 0/22 [00:00<?, ?it/s]
100%|██████████| 22/22 [00:00<00:00, 338.92it/s]
json_stats: {"epoch": 201, "elapsed": 0.06438204197911546, "loss": 2.446124726958264, }

  0%|          | 0/22 [00:00<?, ?it/s]
100%|██████████| 22/22 [00:00<00:00, 365.03it/s]
json_stats: {"epoch": 202, "elapsed": 0.05970162502489984, "loss": 2.4294389965599943, }

  0%|          | 0/22 [00:00<?, ?it/s]
100%|██████████| 22/22 [00:00<00:00, 298.58it/s]
json_stats: {"epoch": 203, "elapsed": 0.07294104201719165, "loss": 2.4391638483548497, }

  0%|          | 0/22 [00:00<?, ?it/s]
100%|██████████| 22/22 [00:00<00:00, 330.93it/s]
json_stats: {"epoch": 199, "elapsed": 0.06571641599293798, "loss": 2.465813966476126, "sqnorm_min": 0.02339230105280876, "sqnorm_avg": 0.7176671624183655, "sqnorm_max": 0.8269482851028442, "mean_rank": 20.87719298245614, "map_rank": 0.22826952811076773, "best": true}

  0%|          | 0/22 [00:00<?, ?it/s]
100%|██████████| 22/22 [00:00<00:00, 244.73it/s]
json_stats: {"epoch": 205, "elapsed": 0.08863304101396352, "loss": 2.420891532702238, }

  0%|          | 0/22 [00:00<?, ?it/s]
100%|██████████| 22/22 [00:00<00:00, 299.22it/s]
json_stats: {"epoch": 206, "elapsed": 0.07296912500169128, "loss": 2.421751487214416, }

  0%|          | 0/22 [00:00<?, ?it/s]
100%|██████████| 22/22 [00:00<00:00, 332.89it/s]
json_stats: {"epoch": 207, "elapsed": 0.06557716702809557, "loss": 2.4339865709994126, }

  0%|          | 0/22 [00:00<?, ?it/s]
100%|██████████| 22/22 [00:00<00:00, 316.11it/s]
json_stats: {"epoch": 208, "elapsed": 0.06908325001131743, "loss": 2.4291508516513036, }

  0%|          | 0/22 [00:00<?, ?it/s]
100%|██████████| 22/22 [00:00<00:00, 317.71it/s]
json_stats: {"epoch": 204, "elapsed": 0.06576258299173787, "loss": 2.4420220204152256, "sqnorm_min": 0.03812326118350029, "sqnorm_avg": 0.7269554138183594, "sqnorm_max": 0.8352091908454895, "mean_rank": 20.410087719298247, "map_rank": 0.23082398242010285, "best": true}

  0%|          | 0/22 [00:00<?, ?it/s]
100%|██████████| 22/22 [00:00<00:00, 259.20it/s]
json_stats: {"epoch": 210, "elapsed": 0.08423858298920095, "loss": 2.396198013754635, }

  0%|          | 0/22 [00:00<?, ?it/s]
100%|██████████| 22/22 [00:00<00:00, 303.08it/s]
json_stats: {"epoch": 211, "elapsed": 0.07184154103742912, "loss": 2.4008119281830944, }

  0%|          | 0/22 [00:00<?, ?it/s]
100%|██████████| 22/22 [00:00<00:00, 300.65it/s]
json_stats: {"epoch": 212, "elapsed": 0.07261575001757592, "loss": 2.3961790248852153, }

  0%|          | 0/22 [00:00<?, ?it/s]
100%|██████████| 22/22 [00:00<00:00, 290.39it/s]
json_stats: {"epoch": 213, "elapsed": 0.07530133298132569, "loss": 2.382956756393905, }

  0%|          | 0/22 [00:00<?, ?it/s]
100%|██████████| 22/22 [00:00<00:00, 311.19it/s]
json_stats: {"epoch": 209, "elapsed": 0.06864249997306615, "loss": 2.4019385675182487, "sqnorm_min": 0.03659074380993843, "sqnorm_avg": 0.7357466220855713, "sqnorm_max": 0.8433970212936401, "mean_rank": 20.10453216374269, "map_rank": 0.22597254030121558, "best": true}

  0%|          | 0/22 [00:00<?, ?it/s]
100%|██████████| 22/22 [00:00<00:00, 291.54it/s]
json_stats: {"epoch": 215, "elapsed": 0.07479929202236235, "loss": 2.3825218091296914, }

  0%|          | 0/22 [00:00<?, ?it/s]
100%|██████████| 22/22 [00:00<00:00, 301.88it/s]
json_stats: {"epoch": 216, "elapsed": 0.0723047909559682, "loss": 2.3830723366703848, }

  0%|          | 0/22 [00:00<?, ?it/s]
100%|██████████| 22/22 [00:00<00:00, 278.94it/s]
json_stats: {"epoch": 217, "elapsed": 0.07765791699057445, "loss": 2.372893653771428, }

  0%|          | 0/22 [00:00<?, ?it/s]
100%|██████████| 22/22 [00:00<00:00, 305.75it/s]
json_stats: {"epoch": 218, "elapsed": 0.0712292090174742, "loss": 2.3797732775208096, }

  0%|          | 0/22 [00:00<?, ?it/s]
100%|██████████| 22/22 [00:00<00:00, 321.94it/s]
json_stats: {"epoch": 214, "elapsed": 0.07003729196731001, "loss": 2.3822791488940953, "sqnorm_min": 0.019015494734048843, "sqnorm_avg": 0.7441604733467102, "sqnorm_max": 0.8507178425788879, "mean_rank": 19.80921052631579, "map_rank": 0.2379959392166175, "best": true}

  0%|          | 0/22 [00:00<?, ?it/s]
100%|██████████| 22/22 [00:00<00:00, 266.64it/s]
json_stats: {"epoch": 220, "elapsed": 0.08192804199643433, "loss": 2.349855998017791, }

  0%|          | 0/22 [00:00<?, ?it/s]
100%|██████████| 22/22 [00:00<00:00, 330.00it/s]
json_stats: {"epoch": 221, "elapsed": 0.06608829204924405, "loss": 2.3615616484718407, }

  0%|          | 0/22 [00:00<?, ?it/s]
100%|██████████| 22/22 [00:00<00:00, 297.80it/s]
json_stats: {"epoch": 222, "elapsed": 0.07326304097659886, "loss": 2.3447199608176947, }

  0%|          | 0/22 [00:00<?, ?it/s]
100%|██████████| 22/22 [00:00<00:00, 282.68it/s]
json_stats: {"epoch": 223, "elapsed": 0.07659483299357817, "loss": 2.3588980096728793, }

  0%|          | 0/22 [00:00<?, ?it/s]
100%|██████████| 22/22 [00:00<00:00, 311.88it/s]
json_stats: {"epoch": 219, "elapsed": 0.06770512496586889, "loss": 2.351389796397717, "sqnorm_min": 0.0341290719807148, "sqnorm_avg": 0.7521647810935974, "sqnorm_max": 0.8580975532531738, "mean_rank": 19.557748538011698, "map_rank": 0.2498436598106164, "best": true}

  0%|          | 0/22 [00:00<?, ?it/s]
100%|██████████| 22/22 [00:00<00:00, 277.80it/s]
json_stats: {"epoch": 225, "elapsed": 0.07857383298687637, "loss": 2.334544550231471, }

  0%|          | 0/22 [00:00<?, ?it/s]
100%|██████████| 22/22 [00:00<00:00, 294.63it/s]
json_stats: {"epoch": 226, "elapsed": 0.07408462499734014, "loss": 2.3234227774705314, }

  0%|          | 0/22 [00:00<?, ?it/s]
100%|██████████| 22/22 [00:00<00:00, 335.18it/s]
json_stats: {"epoch": 227, "elapsed": 0.06510391604388133, "loss": 2.3201225174679294, }

  0%|          | 0/22 [00:00<?, ?it/s]
100%|██████████| 22/22 [00:00<00:00, 344.92it/s]
json_stats: {"epoch": 228, "elapsed": 0.06321529200067744, "loss": 2.311918119267841, }

  0%|          | 0/22 [00:00<?, ?it/s]
100%|██████████| 22/22 [00:00<00:00, 335.88it/s]
json_stats: {"epoch": 224, "elapsed": 0.06994912505615503, "loss": 2.3437321055262204, "sqnorm_min": 0.02807888388633728, "sqnorm_avg": 0.759797990322113, "sqnorm_max": 0.8652932643890381, "mean_rank": 19.306286549707604, "map_rank": 0.2584677438595574, "best": true}

  0%|          | 0/22 [00:00<?, ?it/s]
100%|██████████| 22/22 [00:00<00:00, 303.47it/s]
json_stats: {"epoch": 230, "elapsed": 0.07192129199393094, "loss": 2.3143148809669554, }

  0%|          | 0/22 [00:00<?, ?it/s]
100%|██████████| 22/22 [00:00<00:00, 308.33it/s]
json_stats: {"epoch": 231, "elapsed": 0.07084995898185298, "loss": 2.2930293474446155, }

  0%|          | 0/22 [00:00<?, ?it/s]
100%|██████████| 22/22 [00:00<00:00, 311.21it/s]
json_stats: {"epoch": 232, "elapsed": 0.06997229100670666, "loss": 2.301038017123286, }

  0%|          | 0/22 [00:00<?, ?it/s]
100%|██████████| 22/22 [00:00<00:00, 268.33it/s]
json_stats: {"epoch": 233, "elapsed": 0.08068124996498227, "loss": 2.287173240026009, }

  0%|          | 0/22 [00:00<?, ?it/s]
100%|██████████| 22/22 [00:00<00:00, 276.60it/s]
json_stats: {"epoch": 229, "elapsed": 0.06495037500280887, "loss": 2.309366181923054, "sqnorm_min": 0.040609534829854965, "sqnorm_avg": 0.7672185897827148, "sqnorm_max": 0.8710129857063293, "mean_rank": 18.973684210526315, "map_rank": 0.2514420456348358, "best": true}

  0%|          | 0/22 [00:00<?, ?it/s]
100%|██████████| 22/22 [00:00<00:00, 300.80it/s]
json_stats: {"epoch": 235, "elapsed": 0.07252012495882809, "loss": 2.296938918095664, }

  0%|          | 0/22 [00:00<?, ?it/s]
100%|██████████| 22/22 [00:00<00:00, 291.03it/s]
json_stats: {"epoch": 236, "elapsed": 0.07440062501700595, "loss": 2.2825994625801878, }

  0%|          | 0/22 [00:00<?, ?it/s]
100%|██████████| 22/22 [00:00<00:00, 309.29it/s]
json_stats: {"epoch": 237, "elapsed": 0.07055858301464468, "loss": 2.280146354834875, }

  0%|          | 0/22 [00:00<?, ?it/s]
100%|██████████| 22/22 [00:00<00:00, 302.07it/s]
json_stats: {"epoch": 238, "elapsed": 0.07219233299838379, "loss": 2.270024651480575, }

  0%|          | 0/22 [00:00<?, ?it/s]
100%|██████████| 22/22 [00:00<00:00, 326.09it/s]
json_stats: {"epoch": 234, "elapsed": 0.07834445894695818, "loss": 2.2976391058622925, "sqnorm_min": 0.029674015939235687, "sqnorm_avg": 0.774226188659668, "sqnorm_max": 0.8761406540870667, "mean_rank": 18.571637426900583, "map_rank": 0.26470902164070564, "best": true}

  0%|          | 0/22 [00:00<?, ?it/s]
100%|██████████| 22/22 [00:00<00:00, 362.29it/s]
json_stats: {"epoch": 240, "elapsed": 0.060148000018671155, "loss": 2.2508412450995734, }

  0%|          | 0/22 [00:00<?, ?it/s]
100%|██████████| 22/22 [00:00<00:00, 267.57it/s]
json_stats: {"epoch": 241, "elapsed": 0.08104312501382083, "loss": 2.2570893002940124, }

  0%|          | 0/22 [00:00<?, ?it/s]
100%|██████████| 22/22 [00:00<00:00, 326.49it/s]
json_stats: {"epoch": 242, "elapsed": 0.06683037499897182, "loss": 2.2511634819600164, }

  0%|          | 0/22 [00:00<?, ?it/s]
100%|██████████| 22/22 [00:00<00:00, 305.85it/s]
json_stats: {"epoch": 243, "elapsed": 0.07132275000913069, "loss": 2.246059996007514, }

  0%|          | 0/22 [00:00<?, ?it/s]
100%|██████████| 22/22 [00:00<00:00, 364.92it/s]
json_stats: {"epoch": 239, "elapsed": 0.06696616701083258, "loss": 2.278370563159231, "sqnorm_min": 0.030049795284867287, "sqnorm_avg": 0.7809275388717651, "sqnorm_max": 0.8812144994735718, "mean_rank": 18.460526315789473, "map_rank": 0.26374815270078883, "best": true}

  0%|          | 0/22 [00:00<?, ?it/s]
100%|██████████| 22/22 [00:00<00:00, 260.22it/s]
json_stats: {"epoch": 245, "elapsed": 0.08395341597497463, "loss": 2.24925090708325, }

  0%|          | 0/22 [00:00<?, ?it/s]
100%|██████████| 22/22 [00:00<00:00, 289.52it/s]
json_stats: {"epoch": 246, "elapsed": 0.0753971670055762, "loss": 2.2329123149076193, }

  0%|          | 0/22 [00:00<?, ?it/s]
100%|██████████| 22/22 [00:00<00:00, 308.95it/s]
json_stats: {"epoch": 247, "elapsed": 0.07059829100035131, "loss": 2.245647417333439, }

  0%|          | 0/22 [00:00<?, ?it/s]
100%|██████████| 22/22 [00:00<00:00, 320.12it/s]
json_stats: {"epoch": 248, "elapsed": 0.06812433304730803, "loss": 2.244137513503222, }

  0%|          | 0/22 [00:00<?, ?it/s]
100%|██████████| 22/22 [00:00<00:00, 306.36it/s]
json_stats: {"epoch": 244, "elapsed": 0.05977175000589341, "loss": 2.255312204299756, "sqnorm_min": 0.021494176238775253, "sqnorm_avg": 0.7873409390449524, "sqnorm_max": 0.886512815952301, "mean_rank": 18.34502923976608, "map_rank": 0.26702555489296637, "best": true}

  0%|          | 0/22 [00:00<?, ?it/s]
100%|██████████| 22/22 [00:00<00:00, 269.92it/s]
json_stats: {"epoch": 250, "elapsed": 0.08088524994673207, "loss": 2.2222489918828066, }

  0%|          | 0/22 [00:00<?, ?it/s]
100%|██████████| 22/22 [00:00<00:00, 300.96it/s]
json_stats: {"epoch": 251, "elapsed": 0.07258166704559699, "loss": 2.2093233830541554, }

  0%|          | 0/22 [00:00<?, ?it/s]
100%|██████████| 22/22 [00:00<00:00, 328.37it/s]
json_stats: {"epoch": 252, "elapsed": 0.06649779202416539, "loss": 2.211759102042275, }

  0%|          | 0/22 [00:00<?, ?it/s]
100%|██████████| 22/22 [00:00<00:00, 321.44it/s]
json_stats: {"epoch": 253, "elapsed": 0.06781087501440197, "loss": 2.2137226561715146, }

  0%|          | 0/22 [00:00<?, ?it/s]
100%|██████████| 22/22 [00:00<00:00, 331.18it/s]
json_stats: {"epoch": 249, "elapsed": 0.0712093340116553, "loss": 2.2259445528752306, "sqnorm_min": 0.027920717373490334, "sqnorm_avg": 0.7934585213661194, "sqnorm_max": 0.8915627002716064, "mean_rank": 18.07456140350877, "map_rank": 0.2679088888783575, "best": true}

  0%|          | 0/22 [00:00<?, ?it/s]
100%|██████████| 22/22 [00:00<00:00, 261.49it/s]
json_stats: {"epoch": 255, "elapsed": 0.08355799998389557, "loss": 2.208524932530617, }

  0%|          | 0/22 [00:00<?, ?it/s]
100%|██████████| 22/22 [00:00<00:00, 323.15it/s]
json_stats: {"epoch": 256, "elapsed": 0.06752662500366569, "loss": 2.207902704870376, }

  0%|          | 0/22 [00:00<?, ?it/s]
100%|██████████| 22/22 [00:00<00:00, 316.01it/s]
json_stats: {"epoch": 257, "elapsed": 0.06902720796642825, "loss": 2.2052313738895744, }

  0%|          | 0/22 [00:00<?, ?it/s]
100%|██████████| 22/22 [00:00<00:00, 293.75it/s]
json_stats: {"epoch": 258, "elapsed": 0.07436887500807643, "loss": 2.182995485428065, }

  0%|          | 0/22 [00:00<?, ?it/s]
100%|██████████| 22/22 [00:00<00:00, 278.98it/s]
json_stats: {"epoch": 254, "elapsed": 0.06593558302847669, "loss": 2.209833475223718, "sqnorm_min": 0.028520099818706512, "sqnorm_avg": 0.7993485331535339, "sqnorm_max": 0.8960051536560059, "mean_rank": 17.62719298245614, "map_rank": 0.2717571962834754, "best": true}

  0%|          | 0/22 [00:00<?, ?it/s]
100%|██████████| 22/22 [00:00<00:00, 284.57it/s]
json_stats: {"epoch": 260, "elapsed": 0.0765706249512732, "loss": 2.184494813650171, }

  0%|          | 0/22 [00:00<?, ?it/s]
100%|██████████| 22/22 [00:00<00:00, 309.77it/s]
json_stats: {"epoch": 261, "elapsed": 0.07051566697191447, "loss": 2.1687716994664132, }

  0%|          | 0/22 [00:00<?, ?it/s]
100%|██████████| 22/22 [00:00<00:00, 332.00it/s]
json_stats: {"epoch": 262, "elapsed": 0.0656308329780586, "loss": 2.1880871813679694, }

  0%|          | 0/22 [00:00<?, ?it/s]
100%|██████████| 22/22 [00:00<00:00, 335.06it/s]
json_stats: {"epoch": 263, "elapsed": 0.06503904098644853, "loss": 2.1733412272895807, }

  0%|          | 0/22 [00:00<?, ?it/s]
100%|██████████| 22/22 [00:00<00:00, 265.50it/s]
json_stats: {"epoch": 259, "elapsed": 0.07763799995882437, "loss": 2.175295683916509, "sqnorm_min": 0.018142390996217728, "sqnorm_avg": 0.8048998713493347, "sqnorm_max": 0.9007278680801392, "mean_rank": 17.18201754385965, "map_rank": 0.2780362220993886, "best": true}

  0%|          | 0/22 [00:00<?, ?it/s]
100%|██████████| 22/22 [00:00<00:00, 267.11it/s]
json_stats: {"epoch": 265, "elapsed": 0.08159366599284112, "loss": 2.1555165055730083, }

  0%|          | 0/22 [00:00<?, ?it/s]
100%|██████████| 22/22 [00:00<00:00, 322.26it/s]
json_stats: {"epoch": 266, "elapsed": 0.06765104096848518, "loss": 2.168085734430292, }

  0%|          | 0/22 [00:00<?, ?it/s]
100%|██████████| 22/22 [00:00<00:00, 309.38it/s]
json_stats: {"epoch": 267, "elapsed": 0.07043533300748095, "loss": 2.1650714961884505, }

  0%|          | 0/22 [00:00<?, ?it/s]
100%|██████████| 22/22 [00:00<00:00, 280.44it/s]
json_stats: {"epoch": 268, "elapsed": 0.07794275000924245, "loss": 2.1340007773860745, }

  0%|          | 0/22 [00:00<?, ?it/s]
100%|██████████| 22/22 [00:00<00:00, 280.89it/s]
json_stats: {"epoch": 264, "elapsed": 0.08229779195971787, "loss": 2.1823683910916967, "sqnorm_min": 0.031235408037900925, "sqnorm_avg": 0.810250461101532, "sqnorm_max": 0.9046499729156494, "mean_rank": 17.051169590643276, "map_rank": 0.28428599394828225, "best": false}

  0%|          | 0/22 [00:00<?, ?it/s]
100%|██████████| 22/22 [00:00<00:00, 271.11it/s]
json_stats: {"epoch": 270, "elapsed": 0.0805416660150513, "loss": 2.146426261365095, }

  0%|          | 0/22 [00:00<?, ?it/s]
100%|██████████| 22/22 [00:00<00:00, 295.22it/s]
json_stats: {"epoch": 271, "elapsed": 0.07391975005157292, "loss": 2.144047754433667, }

  0%|          | 0/22 [00:00<?, ?it/s]
100%|██████████| 22/22 [00:00<00:00, 304.73it/s]
json_stats: {"epoch": 272, "elapsed": 0.07163404196035117, "loss": 2.1390269245368727, }

  0%|          | 0/22 [00:00<?, ?it/s]
100%|██████████| 22/22 [00:00<00:00, 300.13it/s]
json_stats: {"epoch": 273, "elapsed": 0.07275849999859929, "loss": 2.1458032991431395, }

  0%|          | 0/22 [00:00<?, ?it/s]
100%|██████████| 22/22 [00:00<00:00, 336.08it/s]
json_stats: {"epoch": 269, "elapsed": 0.07768841600045562, "loss": 2.144310246825476, "sqnorm_min": 0.04810278117656708, "sqnorm_avg": 0.815483808517456, "sqnorm_max": 0.9077877402305603, "mean_rank": 16.81359649122807, "map_rank": 0.2805299001732427, "best": true}

  0%|          | 0/22 [00:00<?, ?it/s]
100%|██████████| 22/22 [00:00<00:00, 281.94it/s]
json_stats: {"epoch": 275, "elapsed": 0.07744991697836667, "loss": 2.139527366133357, }

  0%|          | 0/22 [00:00<?, ?it/s]
100%|██████████| 22/22 [00:00<00:00, 312.99it/s]
json_stats: {"epoch": 276, "elapsed": 0.06978216697461903, "loss": 2.1155728880867857, }

  0%|          | 0/22 [00:00<?, ?it/s]
100%|██████████| 22/22 [00:00<00:00, 312.07it/s]
json_stats: {"epoch": 277, "elapsed": 0.06987220799783245, "loss": 2.139994743938271, }

  0%|          | 0/22 [00:00<?, ?it/s]
100%|██████████| 22/22 [00:00<00:00, 303.57it/s]
json_stats: {"epoch": 278, "elapsed": 0.07189758395543322, "loss": 2.1274564585621154, }

  0%|          | 0/22 [00:00<?, ?it/s]
100%|██████████| 22/22 [00:00<00:00, 341.74it/s]
json_stats: {"epoch": 274, "elapsed": 0.06467720802174881, "loss": 2.133032451497114, "sqnorm_min": 0.03653101623058319, "sqnorm_avg": 0.8203256130218506, "sqnorm_max": 0.9120464324951172, "mean_rank": 16.474415204678362, "map_rank": 0.28730160230010054, "best": true}

  0%|          | 0/22 [00:00<?, ?it/s]
100%|██████████| 22/22 [00:00<00:00, 263.65it/s]
json_stats: {"epoch": 280, "elapsed": 0.08292116702068597, "loss": 2.128570361080948, }

  0%|          | 0/22 [00:00<?, ?it/s]
100%|██████████| 22/22 [00:00<00:00, 323.56it/s]
json_stats: {"epoch": 281, "elapsed": 0.06743395898956805, "loss": 2.125584355842091, }

  0%|          | 0/22 [00:00<?, ?it/s]
100%|██████████| 22/22 [00:00<00:00, 288.53it/s]
json_stats: {"epoch": 282, "elapsed": 0.07574020797619596, "loss": 2.1173079899711, }

  0%|          | 0/22 [00:00<?, ?it/s]
100%|██████████| 22/22 [00:00<00:00, 316.12it/s]
json_stats: {"epoch": 283, "elapsed": 0.06898454198380932, "loss": 2.0991202119616874, }

  0%|          | 0/22 [00:00<?, ?it/s]
100%|██████████| 22/22 [00:00<00:00, 327.24it/s]
json_stats: {"epoch": 279, "elapsed": 0.06383850000565872, "loss": 2.1157965702382167, "sqnorm_min": 0.02193750999867916, "sqnorm_avg": 0.8249641060829163, "sqnorm_max": 0.9156773686408997, "mean_rank": 16.42324561403509, "map_rank": 0.28046173723982565, "best": true}

  0%|          | 0/22 [00:00<?, ?it/s]
100%|██████████| 22/22 [00:00<00:00, 287.97it/s]
json_stats: {"epoch": 285, "elapsed": 0.0758455420145765, "loss": 2.0998096405882296, }

  0%|          | 0/22 [00:00<?, ?it/s]
100%|██████████| 22/22 [00:00<00:00, 287.43it/s]
json_stats: {"epoch": 286, "elapsed": 0.07598825002787635, "loss": 2.083250033985896, }

  0%|          | 0/22 [00:00<?, ?it/s]
100%|██████████| 22/22 [00:00<00:00, 342.60it/s]
json_stats: {"epoch": 287, "elapsed": 0.06355891603743657, "loss": 2.095867797853333, }

  0%|          | 0/22 [00:00<?, ?it/s]
100%|██████████| 22/22 [00:00<00:00, 315.17it/s]
json_stats: {"epoch": 288, "elapsed": 0.06922704202588648, "loss": 2.08049878053256, }

  0%|          | 0/22 [00:00<?, ?it/s]
100%|██████████| 22/22 [00:00<00:00, 297.36it/s]
json_stats: {"epoch": 284, "elapsed": 0.066591749957297, "loss": 2.1149429737410217, "sqnorm_min": 0.022180689498782158, "sqnorm_avg": 0.8293681740760803, "sqnorm_max": 0.9193159341812134, "mean_rank": 16.166666666666668, "map_rank": 0.2921694929121085, "best": true}

  0%|          | 0/22 [00:00<?, ?it/s]
100%|██████████| 22/22 [00:00<00:00, 401.20it/s]
json_stats: {"epoch": 290, "elapsed": 0.054273499990813434, "loss": 2.0934573679783237, }

  0%|          | 0/22 [00:00<?, ?it/s]
100%|██████████| 22/22 [00:00<00:00, 290.07it/s]
json_stats: {"epoch": 291, "elapsed": 0.07529487501597032, "loss": 2.085950780814015, }

  0%|          | 0/22 [00:00<?, ?it/s]
100%|██████████| 22/22 [00:00<00:00, 314.01it/s]
json_stats: {"epoch": 292, "elapsed": 0.06941483402624726, "loss": 2.0538262555426883, }

  0%|          | 0/22 [00:00<?, ?it/s]
100%|██████████| 22/22 [00:00<00:00, 290.51it/s]
json_stats: {"epoch": 293, "elapsed": 0.075158791965805, "loss": 2.075786970762233, }

  0%|          | 0/22 [00:00<?, ?it/s]
100%|██████████| 22/22 [00:00<00:00, 313.74it/s]
json_stats: {"epoch": 289, "elapsed": 0.07339724997291341, "loss": 2.0831077265213223, "sqnorm_min": 0.023736946284770966, "sqnorm_avg": 0.8337554335594177, "sqnorm_max": 0.9228822588920593, "mean_rank": 15.89108187134503, "map_rank": 0.293876238325898, "best": true}

  0%|          | 0/22 [00:00<?, ?it/s]
100%|██████████| 22/22 [00:00<00:00, 272.34it/s]
json_stats: {"epoch": 295, "elapsed": 0.08016995899379253, "loss": 2.055190183101689, }

  0%|          | 0/22 [00:00<?, ?it/s]
100%|██████████| 22/22 [00:00<00:00, 296.42it/s]
json_stats: {"epoch": 296, "elapsed": 0.0736619170056656, "loss": 2.0436122897888676, }

  0%|          | 0/22 [00:00<?, ?it/s]
100%|██████████| 22/22 [00:00<00:00, 285.88it/s]
json_stats: {"epoch": 297, "elapsed": 0.07640191604150459, "loss": 2.052178673225386, }

  0%|          | 0/22 [00:00<?, ?it/s]
100%|██████████| 22/22 [00:00<00:00, 332.96it/s]
json_stats: {"epoch": 298, "elapsed": 0.06551166699500754, "loss": 2.0690474680394524, }

  0%|          | 0/22 [00:00<?, ?it/s]
100%|██████████| 22/22 [00:00<00:00, 322.56it/s]
json_stats: {"epoch": 294, "elapsed": 0.06946366705233231, "loss": 2.088567890455661, "sqnorm_min": 0.03421330451965332, "sqnorm_avg": 0.8378704190254211, "sqnorm_max": 0.9258562922477722, "mean_rank": 15.637426900584796, "map_rank": 0.29850290340479996, "best": false}
json_stats: {"epoch": 299, "elapsed": 0.06747962499503046, "loss": 2.0385474148235847, "sqnorm_min": 0.04024988040328026, "sqnorm_avg": 0.8419086933135986, "sqnorm_max": 0.929202139377594, "mean_rank": 15.29093567251462, "map_rank": 0.29441558054440947, "best": true}
