/opt/homebrew/Caskroom/miniforge/base/envs/reasoning/lib/python3.10/site-packages/torch/__init__.py:1264: UserWarning: torch.set_default_tensor_type() is deprecated as of PyTorch 2.1, please use torch.set_default_dtype() and torch.set_default_device() as alternatives. (Triggered internally at /Users/runner/work/pytorch/pytorch/pytorch/torch/csrc/tensor/python_tensor.cpp:436.)
  _C._set_default_tensor_type(t)
Using edge list dataloader
json_conf: {"checkpoint": "/Users/jayding/Desktop/DUKE/Research/BioStats_Lynn/diseaseembedding/results/disease90/disease90_embeddings_direct.pth", "dset": "/Users/jayding/Desktop/DUKE/Research/BioStats_Lynn/diseaseembedding/results/disease90/disease90_relations_direct.csv", "dim": 10, "manifold": "poincare", "model": "distance", "lr": 0.3, "epochs": 300, "batchsize": 64, "negs": 50, "burnin": 20, "dampening": 0.75, "ndproc": 4, "eval_each": 5, "fresh": true, "debug": false, "gpu": -1, "sym": false, "maxnorm": 500000, "sparse": true, "burnin_multiplier": 0.01, "neg_multiplier": 1.0, "quiet": false, "lr_type": "constant", "train_threads": 1, "margin": 0.1, "eval": "reconstruction"}
Burn in negs=50, lr=0.003

  0%|          | 0/8 [00:00<?, ?it/s]/Users/jayding/Desktop/DUKE/Research/BioStats_Lynn/diseaseembedding/poincare_reference/hype/manifolds/poincare.py:49: UserWarning: torch.sparse.SparseTensor(indices, values, shape, *, device=) is deprecated.  Please use torch.sparse_coo_tensor(indices, values, shape, dtype=, device=). (Triggered internally at /Users/runner/work/pytorch/pytorch/pytorch/torch/csrc/utils/tensor_new.cpp:655.)
  d_p = th.sparse.DoubleTensor(d_p._indices(), n_vals, d_p.size())

100%|██████████| 8/8 [00:00<00:00, 233.97it/s]
json_stats: {"epoch": 0, "elapsed": 0.034317207988351583, "loss": 3.9318402524822282, }
Burn in negs=50, lr=0.003

  0%|          | 0/8 [00:00<?, ?it/s]
100%|██████████| 8/8 [00:00<00:00, 224.62it/s]
json_stats: {"epoch": 1, "elapsed": 0.0346019160351716, "loss": 3.9317839066458955, }
Burn in negs=50, lr=0.003

  0%|          | 0/8 [00:00<?, ?it/s]
100%|██████████| 8/8 [00:00<00:00, 128.85it/s]
json_stats: {"epoch": 2, "elapsed": 0.06058533303439617, "loss": 3.9317317678391666, }
Burn in negs=50, lr=0.003

  0%|          | 0/8 [00:00<?, ?it/s]
100%|██████████| 8/8 [00:00<00:00, 137.08it/s]
json_stats: {"epoch": 3, "elapsed": 0.05594837502576411, "loss": 3.931683717001949, }
Burn in negs=50, lr=0.003

  0%|          | 0/8 [00:00<?, ?it/s]
100%|██████████| 8/8 [00:00<00:00, 225.78it/s]
Burn in negs=50, lr=0.003

  0%|          | 0/8 [00:00<?, ?it/s]
100%|██████████| 8/8 [00:00<00:00, 251.83it/s]
json_stats: {"epoch": 5, "elapsed": 0.030777167004998773, "loss": 3.931568119117827, }
Burn in negs=50, lr=0.003

  0%|          | 0/8 [00:00<?, ?it/s]
100%|██████████| 8/8 [00:00<00:00, 245.23it/s]
json_stats: {"epoch": 6, "elapsed": 0.03159429202787578, "loss": 3.931505784305865, }
Burn in negs=50, lr=0.003

  0%|          | 0/8 [00:00<?, ?it/s]
100%|██████████| 8/8 [00:00<00:00, 241.91it/s]
json_stats: {"epoch": 7, "elapsed": 0.03198900003917515, "loss": 3.931439553127884, }
Burn in negs=50, lr=0.003

  0%|          | 0/8 [00:00<?, ?it/s]
100%|██████████| 8/8 [00:00<00:00, 235.43it/s]
json_stats: {"epoch": 8, "elapsed": 0.03292454098118469, "loss": 3.931370372980511, }
Burn in negs=50, lr=0.003

  0%|          | 0/8 [00:00<?, ?it/s]
100%|██████████| 8/8 [00:00<00:00, 234.10it/s]
Burn in negs=50, lr=0.003

  0%|          | 0/8 [00:00<?, ?it/s]
100%|██████████| 8/8 [00:00<00:00, 219.83it/s]
json_stats: {"epoch": 10, "elapsed": 0.03531220799777657, "loss": 3.93121432269397, }
Burn in negs=50, lr=0.003

  0%|          | 0/8 [00:00<?, ?it/s]
100%|██████████| 8/8 [00:00<00:00, 233.17it/s]
json_stats: {"epoch": 11, "elapsed": 0.0331711660255678, "loss": 3.931144279913702, }
Burn in negs=50, lr=0.003

  0%|          | 0/8 [00:00<?, ?it/s]
100%|██████████| 8/8 [00:00<00:00, 250.55it/s]
json_stats: {"epoch": 12, "elapsed": 0.03089150000596419, "loss": 3.9310704894884783, }
Burn in negs=50, lr=0.003

  0%|          | 0/8 [00:00<?, ?it/s]
100%|██████████| 8/8 [00:00<00:00, 221.16it/s]
json_stats: {"epoch": 13, "elapsed": 0.03501429199241102, "loss": 3.930989398271757, }
Burn in negs=50, lr=0.003

  0%|          | 0/8 [00:00<?, ?it/s]
100%|██████████| 8/8 [00:00<00:00, 226.83it/s]
Burn in negs=50, lr=0.003

  0%|          | 0/8 [00:00<?, ?it/s]
100%|██████████| 8/8 [00:00<00:00, 226.87it/s]
json_stats: {"epoch": 15, "elapsed": 0.03423166600987315, "loss": 3.930830344788965, }
Burn in negs=50, lr=0.003

  0%|          | 0/8 [00:00<?, ?it/s]
100%|██████████| 8/8 [00:00<00:00, 231.67it/s]
json_stats: {"epoch": 16, "elapsed": 0.03338945802533999, "loss": 3.930766488740045, }
Burn in negs=50, lr=0.003

  0%|          | 0/8 [00:00<?, ?it/s]
100%|██████████| 8/8 [00:00<00:00, 216.41it/s]
json_stats: {"epoch": 17, "elapsed": 0.035849499981850386, "loss": 3.930678473714126, }
Burn in negs=50, lr=0.003

  0%|          | 0/8 [00:00<?, ?it/s]
100%|██████████| 8/8 [00:00<00:00, 211.96it/s]
json_stats: {"epoch": 18, "elapsed": 0.0366656249971129, "loss": 3.9305969344854166, }
Burn in negs=50, lr=0.003

  0%|          | 0/8 [00:00<?, ?it/s]
100%|██████████| 8/8 [00:00<00:00, 213.35it/s]

  0%|          | 0/8 [00:00<?, ?it/s]
100%|██████████| 8/8 [00:00<00:00, 255.02it/s]
json_stats: {"epoch": 20, "elapsed": 0.03009387501515448, "loss": 3.930916012737316, }

  0%|          | 0/8 [00:00<?, ?it/s]
100%|██████████| 8/8 [00:00<00:00, 282.93it/s]
json_stats: {"epoch": 21, "elapsed": 0.027044791029766202, "loss": 3.9271696024552423, }

  0%|          | 0/8 [00:00<?, ?it/s]
100%|██████████| 8/8 [00:00<00:00, 295.74it/s]
json_stats: {"epoch": 22, "elapsed": 0.026027749991044402, "loss": 3.921320042657511, }

  0%|          | 0/8 [00:00<?, ?it/s]
100%|██████████| 8/8 [00:00<00:00, 329.45it/s]
json_stats: {"epoch": 23, "elapsed": 0.022998041997198015, "loss": 3.914943565323637, }

  0%|          | 0/8 [00:00<?, ?it/s]
100%|██████████| 8/8 [00:00<00:00, 319.72it/s]
json_stats: {"epoch": 14, "elapsed": 0.03417583298869431, "loss": 3.9309176869798366, "sqnorm_min": 0.00015856901882216334, "sqnorm_avg": 0.0004373848205432296, "sqnorm_max": 0.000932521594222635, "mean_rank": 26.36701030927835, "map_rank": 0.18260319403775016, "best": true}
json_stats: {"epoch": 19, "elapsed": 0.036400999990291893, "loss": 3.9305238612687274, "sqnorm_min": 0.00024287955602630973, "sqnorm_avg": 0.0005784874083474278, "sqnorm_max": 0.001200358965434134, "mean_rank": 22.395876288659792, "map_rank": 0.18745463884011232, "best": true}

  0%|          | 0/8 [00:00<?, ?it/s]
100%|██████████| 8/8 [00:00<00:00, 264.77it/s]
json_stats: {"epoch": 25, "elapsed": 0.02899362496100366, "loss": 3.900129368450984, }

  0%|          | 0/8 [00:00<?, ?it/s]
100%|██████████| 8/8 [00:00<00:00, 276.15it/s]
json_stats: {"epoch": 26, "elapsed": 0.027768957952503115, "loss": 3.89282275980431, }

  0%|          | 0/8 [00:00<?, ?it/s]
100%|██████████| 8/8 [00:00<00:00, 288.61it/s]
json_stats: {"epoch": 27, "elapsed": 0.026488875038921833, "loss": 3.8850130839341723, }

  0%|          | 0/8 [00:00<?, ?it/s]
100%|██████████| 8/8 [00:00<00:00, 306.23it/s]
json_stats: {"epoch": 28, "elapsed": 0.024994583043735474, "loss": 3.8777487500722496, }

  0%|          | 0/8 [00:00<?, ?it/s]
100%|██████████| 8/8 [00:00<00:00, 314.55it/s]
json_stats: {"epoch": 24, "elapsed": 0.02386775001650676, "loss": 3.907846165684031, "sqnorm_min": 0.0027699009515345097, "sqnorm_avg": 0.014245676808059216, "sqnorm_max": 0.019023485481739044, "mean_rank": 6.055670103092783, "map_rank": 0.3762658105779952, "best": true}

  0%|          | 0/8 [00:00<?, ?it/s]
100%|██████████| 8/8 [00:00<00:00, 278.22it/s]
json_stats: {"epoch": 30, "elapsed": 0.02755808300571516, "loss": 3.8627215700086444, }

  0%|          | 0/8 [00:00<?, ?it/s]
100%|██████████| 8/8 [00:00<00:00, 284.85it/s]
json_stats: {"epoch": 31, "elapsed": 0.02690033399267122, "loss": 3.8550033403516153, }

  0%|          | 0/8 [00:00<?, ?it/s]
100%|██████████| 8/8 [00:00<00:00, 289.99it/s]
json_stats: {"epoch": 32, "elapsed": 0.026319500000681728, "loss": 3.8477329567502236, }

  0%|          | 0/8 [00:00<?, ?it/s]
100%|██████████| 8/8 [00:00<00:00, 305.52it/s]
json_stats: {"epoch": 33, "elapsed": 0.025020708970259875, "loss": 3.8401339681829656, }

  0%|          | 0/8 [00:00<?, ?it/s]
100%|██████████| 8/8 [00:00<00:00, 295.55it/s]
json_stats: {"epoch": 29, "elapsed": 0.024253834038972855, "loss": 3.8699779730661907, "sqnorm_min": 0.003972410690039396, "sqnorm_avg": 0.029007848352193832, "sqnorm_max": 0.03756368160247803, "mean_rank": 5.828865979381443, "map_rank": 0.3304512793427475, "best": true}

  0%|          | 0/8 [00:00<?, ?it/s]
100%|██████████| 8/8 [00:00<00:00, 277.73it/s]
json_stats: {"epoch": 35, "elapsed": 0.027562959003262222, "loss": 3.8254307860951284, }

  0%|          | 0/8 [00:00<?, ?it/s]
100%|██████████| 8/8 [00:00<00:00, 254.72it/s]
json_stats: {"epoch": 36, "elapsed": 0.030183832976035774, "loss": 3.817826684475607, }

  0%|          | 0/8 [00:00<?, ?it/s]
100%|██████████| 8/8 [00:00<00:00, 300.59it/s]
json_stats: {"epoch": 37, "elapsed": 0.025550917023792863, "loss": 3.8104124122313268, }

  0%|          | 0/8 [00:00<?, ?it/s]
100%|██████████| 8/8 [00:00<00:00, 278.12it/s]
json_stats: {"epoch": 38, "elapsed": 0.027632583980448544, "loss": 3.8025885725377684, }

  0%|          | 0/8 [00:00<?, ?it/s]
100%|██████████| 8/8 [00:00<00:00, 309.06it/s]
json_stats: {"epoch": 34, "elapsed": 0.025833917025011033, "loss": 3.832711807389252, "sqnorm_min": 0.0064367689192295074, "sqnorm_avg": 0.04400939494371414, "sqnorm_max": 0.057378049939870834, "mean_rank": 6.4515463917525775, "map_rank": 0.31432905465597677, "best": true}

  0%|          | 0/8 [00:00<?, ?it/s]
100%|██████████| 8/8 [00:00<00:00, 269.42it/s]
json_stats: {"epoch": 40, "elapsed": 0.0284561250009574, "loss": 3.787759437656071, }

  0%|          | 0/8 [00:00<?, ?it/s]
100%|██████████| 8/8 [00:00<00:00, 283.22it/s]
json_stats: {"epoch": 41, "elapsed": 0.027115749951917678, "loss": 3.7795350145488475, }

  0%|          | 0/8 [00:00<?, ?it/s]
100%|██████████| 8/8 [00:00<00:00, 300.92it/s]
json_stats: {"epoch": 42, "elapsed": 0.02551733300788328, "loss": 3.77285619991569, }

  0%|          | 0/8 [00:00<?, ?it/s]
100%|██████████| 8/8 [00:00<00:00, 305.54it/s]
json_stats: {"epoch": 43, "elapsed": 0.024997000000439584, "loss": 3.7648341224773305, }

  0%|          | 0/8 [00:00<?, ?it/s]
100%|██████████| 8/8 [00:00<00:00, 288.14it/s]
json_stats: {"epoch": 39, "elapsed": 0.024708167009521276, "loss": 3.7952025667139986, "sqnorm_min": 0.0073982118628919125, "sqnorm_avg": 0.059008754789829254, "sqnorm_max": 0.07291872054338455, "mean_rank": 6.282474226804124, "map_rank": 0.3120038906314006, "best": true}

  0%|          | 0/8 [00:00<?, ?it/s]
100%|██████████| 8/8 [00:00<00:00, 284.30it/s]
json_stats: {"epoch": 45, "elapsed": 0.026939792034681886, "loss": 3.7493071649766443, }

  0%|          | 0/8 [00:00<?, ?it/s]
100%|██████████| 8/8 [00:00<00:00, 287.05it/s]
json_stats: {"epoch": 46, "elapsed": 0.026603790989611298, "loss": 3.742660533210121, }

  0%|          | 0/8 [00:00<?, ?it/s]
100%|██████████| 8/8 [00:00<00:00, 272.46it/s]
json_stats: {"epoch": 47, "elapsed": 0.02786454197485, "loss": 3.7350536088610564, }

  0%|          | 0/8 [00:00<?, ?it/s]
100%|██████████| 8/8 [00:00<00:00, 317.51it/s]
json_stats: {"epoch": 48, "elapsed": 0.024063042015768588, "loss": 3.7284612319644794, }

  0%|          | 0/8 [00:00<?, ?it/s]
100%|██████████| 8/8 [00:00<00:00, 290.00it/s]
json_stats: {"epoch": 44, "elapsed": 0.026630875014234334, "loss": 3.7569936900581675, "sqnorm_min": 0.011020884849131107, "sqnorm_avg": 0.07401848584413528, "sqnorm_max": 0.09095389395952225, "mean_rank": 6.422680412371134, "map_rank": 0.31543171725064734, "best": true}

  0%|          | 0/8 [00:00<?, ?it/s]
100%|██████████| 8/8 [00:00<00:00, 286.62it/s]
json_stats: {"epoch": 50, "elapsed": 0.026752459001727402, "loss": 3.713558182122793, }

  0%|          | 0/8 [00:00<?, ?it/s]
100%|██████████| 8/8 [00:00<00:00, 273.23it/s]
json_stats: {"epoch": 51, "elapsed": 0.02659950003726408, "loss": 3.705138822799989, }

  0%|          | 0/8 [00:00<?, ?it/s]
100%|██████████| 8/8 [00:00<00:00, 302.05it/s]
json_stats: {"epoch": 52, "elapsed": 0.02531208301661536, "loss": 3.6974573405550144, }

  0%|          | 0/8 [00:00<?, ?it/s]
100%|██████████| 8/8 [00:00<00:00, 326.53it/s]
json_stats: {"epoch": 53, "elapsed": 0.023366957961115986, "loss": 3.6892864030599766, }

  0%|          | 0/8 [00:00<?, ?it/s]
100%|██████████| 8/8 [00:00<00:00, 292.11it/s]
json_stats: {"epoch": 49, "elapsed": 0.026442374975886196, "loss": 3.7203601613808797, "sqnorm_min": 0.013420897535979748, "sqnorm_avg": 0.08898843824863434, "sqnorm_max": 0.11037057638168335, "mean_rank": 6.193814432989691, "map_rank": 0.3264660183078196, "best": true}

  0%|          | 0/8 [00:00<?, ?it/s]
100%|██████████| 8/8 [00:00<00:00, 295.50it/s]
json_stats: {"epoch": 55, "elapsed": 0.025814375025220215, "loss": 3.6744690763174406, }

  0%|          | 0/8 [00:00<?, ?it/s]
100%|██████████| 8/8 [00:00<00:00, 278.86it/s]
json_stats: {"epoch": 56, "elapsed": 0.027432499977294356, "loss": 3.6677174921066165, }

  0%|          | 0/8 [00:00<?, ?it/s]
100%|██████████| 8/8 [00:00<00:00, 300.81it/s]
json_stats: {"epoch": 57, "elapsed": 0.02545937499962747, "loss": 3.65958467367024, }

  0%|          | 0/8 [00:00<?, ?it/s]
100%|██████████| 8/8 [00:00<00:00, 307.95it/s]
json_stats: {"epoch": 58, "elapsed": 0.02489250001963228, "loss": 3.651700555717056, }

  0%|          | 0/8 [00:00<?, ?it/s]
100%|██████████| 8/8 [00:00<00:00, 312.35it/s]
json_stats: {"epoch": 54, "elapsed": 0.0262901249807328, "loss": 3.6823880081031, "sqnorm_min": 0.014799063093960285, "sqnorm_avg": 0.1039244532585144, "sqnorm_max": 0.12771913409233093, "mean_rank": 6.138144329896908, "map_rank": 0.31159882869980227, "best": true}

  0%|          | 0/8 [00:00<?, ?it/s]
100%|██████████| 8/8 [00:00<00:00, 295.72it/s]
json_stats: {"epoch": 60, "elapsed": 0.02586387499468401, "loss": 3.6380363120767933, }

  0%|          | 0/8 [00:00<?, ?it/s]
100%|██████████| 8/8 [00:00<00:00, 296.07it/s]
json_stats: {"epoch": 61, "elapsed": 0.025720833975356072, "loss": 3.6299620143461, }

  0%|          | 0/8 [00:00<?, ?it/s]
100%|██████████| 8/8 [00:00<00:00, 299.91it/s]
json_stats: {"epoch": 62, "elapsed": 0.02529641700675711, "loss": 3.6222023632924687, }

  0%|          | 0/8 [00:00<?, ?it/s]
100%|██████████| 8/8 [00:00<00:00, 314.75it/s]
json_stats: {"epoch": 63, "elapsed": 0.024178333987947553, "loss": 3.614500765016989, }

  0%|          | 0/8 [00:00<?, ?it/s]
100%|██████████| 8/8 [00:00<00:00, 302.97it/s]
json_stats: {"epoch": 59, "elapsed": 0.02444579201983288, "loss": 3.6448838968858537, "sqnorm_min": 0.015541469678282738, "sqnorm_avg": 0.11882340908050537, "sqnorm_max": 0.1464720517396927, "mean_rank": 6.4515463917525775, "map_rank": 0.3018290257970766, "best": true}

  0%|          | 0/8 [00:00<?, ?it/s]
100%|██████████| 8/8 [00:00<00:00, 282.05it/s]
json_stats: {"epoch": 65, "elapsed": 0.026826667017303407, "loss": 3.5999394228726187, }

  0%|          | 0/8 [00:00<?, ?it/s]
100%|██████████| 8/8 [00:00<00:00, 288.50it/s]
json_stats: {"epoch": 66, "elapsed": 0.026508709008339792, "loss": 3.5929710958792445, }

  0%|          | 0/8 [00:00<?, ?it/s]
100%|██████████| 8/8 [00:00<00:00, 304.28it/s]
json_stats: {"epoch": 67, "elapsed": 0.025058250001166016, "loss": 3.584900665684854, }

  0%|          | 0/8 [00:00<?, ?it/s]
100%|██████████| 8/8 [00:00<00:00, 313.70it/s]
json_stats: {"epoch": 68, "elapsed": 0.024077083042357117, "loss": 3.576811309985378, }

  0%|          | 0/8 [00:00<?, ?it/s]
100%|██████████| 8/8 [00:00<00:00, 324.03it/s]
json_stats: {"epoch": 64, "elapsed": 0.02530220802873373, "loss": 3.6060722463163124, "sqnorm_min": 0.017959242686629295, "sqnorm_avg": 0.1336868554353714, "sqnorm_max": 0.1632101833820343, "mean_rank": 6.358762886597938, "map_rank": 0.3194784706421483, "best": true}

  0%|          | 0/8 [00:00<?, ?it/s]
100%|██████████| 8/8 [00:00<00:00, 289.30it/s]
json_stats: {"epoch": 70, "elapsed": 0.02636783296475187, "loss": 3.56229527612361, }

  0%|          | 0/8 [00:00<?, ?it/s]
100%|██████████| 8/8 [00:00<00:00, 282.89it/s]
json_stats: {"epoch": 71, "elapsed": 0.027063292043749243, "loss": 3.55437821072232, }

  0%|          | 0/8 [00:00<?, ?it/s]
100%|██████████| 8/8 [00:00<00:00, 320.75it/s]
json_stats: {"epoch": 72, "elapsed": 0.023698333010543138, "loss": 3.5461517857384655, }

  0%|          | 0/8 [00:00<?, ?it/s]
100%|██████████| 8/8 [00:00<00:00, 335.51it/s]
json_stats: {"epoch": 73, "elapsed": 0.02262941701337695, "loss": 3.539492041896791, }

  0%|          | 0/8 [00:00<?, ?it/s]
100%|██████████| 8/8 [00:00<00:00, 344.34it/s]
json_stats: {"epoch": 69, "elapsed": 0.023512499989010394, "loss": 3.570272294837621, "sqnorm_min": 0.021518021821975708, "sqnorm_avg": 0.14848968386650085, "sqnorm_max": 0.18002896010875702, "mean_rank": 6.294845360824742, "map_rank": 0.3165985802672621, "best": true}

  0%|          | 0/8 [00:00<?, ?it/s]
100%|██████████| 8/8 [00:00<00:00, 298.91it/s]
json_stats: {"epoch": 75, "elapsed": 0.02561099996091798, "loss": 3.524188574670145, }

  0%|          | 0/8 [00:00<?, ?it/s]
100%|██████████| 8/8 [00:00<00:00, 309.02it/s]
json_stats: {"epoch": 76, "elapsed": 0.024754917016252875, "loss": 3.51645944539678, }

  0%|          | 0/8 [00:00<?, ?it/s]
100%|██████████| 8/8 [00:00<00:00, 319.63it/s]
json_stats: {"epoch": 77, "elapsed": 0.02385395794408396, "loss": 3.509493880848406, }

  0%|          | 0/8 [00:00<?, ?it/s]
100%|██████████| 8/8 [00:00<00:00, 326.61it/s]
json_stats: {"epoch": 78, "elapsed": 0.023249000019859523, "loss": 3.500998041239241, }

  0%|          | 0/8 [00:00<?, ?it/s]
100%|██████████| 8/8 [00:00<00:00, 314.01it/s]
json_stats: {"epoch": 74, "elapsed": 0.02221170795382932, "loss": 3.5307142687127553, "sqnorm_min": 0.02480795606970787, "sqnorm_avg": 0.16326484084129333, "sqnorm_max": 0.19779714941978455, "mean_rank": 6.05360824742268, "map_rank": 0.3346928609625491, "best": true}

  0%|          | 0/8 [00:00<?, ?it/s]
100%|██████████| 8/8 [00:00<00:00, 300.11it/s]
json_stats: {"epoch": 80, "elapsed": 0.025427957996726036, "loss": 3.486106595409984, }

  0%|          | 0/8 [00:00<?, ?it/s]
100%|██████████| 8/8 [00:00<00:00, 329.22it/s]
json_stats: {"epoch": 81, "elapsed": 0.023147500003688037, "loss": 3.47713848835966, }

  0%|          | 0/8 [00:00<?, ?it/s]
100%|██████████| 8/8 [00:00<00:00, 323.65it/s]
json_stats: {"epoch": 82, "elapsed": 0.023471665976103395, "loss": 3.4731334384353376, }

  0%|          | 0/8 [00:00<?, ?it/s]
100%|██████████| 8/8 [00:00<00:00, 336.46it/s]
json_stats: {"epoch": 83, "elapsed": 0.022797749959863722, "loss": 3.461821481582642, }

  0%|          | 0/8 [00:00<?, ?it/s]
100%|██████████| 8/8 [00:00<00:00, 342.42it/s]
json_stats: {"epoch": 79, "elapsed": 0.024246209010016173, "loss": 3.4927796175915393, "sqnorm_min": 0.027998385950922966, "sqnorm_avg": 0.1779891550540924, "sqnorm_max": 0.2146480232477188, "mean_rank": 6.385567010309279, "map_rank": 0.31307609684196663, "best": true}

  0%|          | 0/8 [00:00<?, ?it/s]
100%|██████████| 8/8 [00:00<00:00, 305.83it/s]
json_stats: {"epoch": 85, "elapsed": 0.02504666696768254, "loss": 3.448451550982038, }

  0%|          | 0/8 [00:00<?, ?it/s]
100%|██████████| 8/8 [00:00<00:00, 303.40it/s]
json_stats: {"epoch": 86, "elapsed": 0.025119457975961268, "loss": 3.4410152961378744, }

  0%|          | 0/8 [00:00<?, ?it/s]
100%|██████████| 8/8 [00:00<00:00, 318.48it/s]
json_stats: {"epoch": 87, "elapsed": 0.023984583967830986, "loss": 3.433036170806549, }

  0%|          | 0/8 [00:00<?, ?it/s]
100%|██████████| 8/8 [00:00<00:00, 320.00it/s]
json_stats: {"epoch": 88, "elapsed": 0.023901416978333145, "loss": 3.424869400074473, }

  0%|          | 0/8 [00:00<?, ?it/s]
100%|██████████| 8/8 [00:00<00:00, 333.35it/s]
json_stats: {"epoch": 84, "elapsed": 0.022243708022870123, "loss": 3.455752908748777, "sqnorm_min": 0.0296202152967453, "sqnorm_avg": 0.19265194237232208, "sqnorm_max": 0.23119841516017914, "mean_rank": 6.216494845360825, "map_rank": 0.3100363270287651, "best": true}

  0%|          | 0/8 [00:00<?, ?it/s]
100%|██████████| 8/8 [00:00<00:00, 313.29it/s]
json_stats: {"epoch": 90, "elapsed": 0.02430699998512864, "loss": 3.411694612931714, }

  0%|          | 0/8 [00:00<?, ?it/s]
100%|██████████| 8/8 [00:00<00:00, 311.50it/s]
json_stats: {"epoch": 91, "elapsed": 0.02442545903613791, "loss": 3.4021224005361232, }

  0%|          | 0/8 [00:00<?, ?it/s]
100%|██████████| 8/8 [00:00<00:00, 326.53it/s]
json_stats: {"epoch": 92, "elapsed": 0.023203958000522107, "loss": 3.395463375473132, }

  0%|          | 0/8 [00:00<?, ?it/s]
100%|██████████| 8/8 [00:00<00:00, 323.51it/s]
json_stats: {"epoch": 93, "elapsed": 0.023307333001866937, "loss": 3.387923820292497, }

  0%|          | 0/8 [00:00<?, ?it/s]
100%|██████████| 8/8 [00:00<00:00, 322.10it/s]
json_stats: {"epoch": 89, "elapsed": 0.022896959038916975, "loss": 3.4158174908265604, "sqnorm_min": 0.03178801387548447, "sqnorm_avg": 0.2072533369064331, "sqnorm_max": 0.24812740087509155, "mean_rank": 6.249484536082474, "map_rank": 0.30538759651354314, "best": true}

  0%|          | 0/8 [00:00<?, ?it/s]
100%|██████████| 8/8 [00:00<00:00, 296.61it/s]
json_stats: {"epoch": 95, "elapsed": 0.025751792010851204, "loss": 3.3713630753411366, }

  0%|          | 0/8 [00:00<?, ?it/s]
100%|██████████| 8/8 [00:00<00:00, 312.54it/s]
json_stats: {"epoch": 96, "elapsed": 0.024365291988942772, "loss": 3.3627247437631755, }

  0%|          | 0/8 [00:00<?, ?it/s]
100%|██████████| 8/8 [00:00<00:00, 320.78it/s]
json_stats: {"epoch": 97, "elapsed": 0.023872707970440388, "loss": 3.3556778472781827, }

  0%|          | 0/8 [00:00<?, ?it/s]
100%|██████████| 8/8 [00:00<00:00, 324.31it/s]
json_stats: {"epoch": 98, "elapsed": 0.02350150002166629, "loss": 3.3474452203286065, }

  0%|          | 0/8 [00:00<?, ?it/s]
100%|██████████| 8/8 [00:00<00:00, 321.79it/s]
json_stats: {"epoch": 94, "elapsed": 0.02377858298132196, "loss": 3.3798803859738644, "sqnorm_min": 0.03357228636741638, "sqnorm_avg": 0.22176150977611542, "sqnorm_max": 0.26333168148994446, "mean_rank": 6.218556701030928, "map_rank": 0.3104971106173278, "best": true}

  0%|          | 0/8 [00:00<?, ?it/s]
100%|██████████| 8/8 [00:00<00:00, 299.67it/s]
json_stats: {"epoch": 100, "elapsed": 0.025501291966065764, "loss": 3.3337932475961924, }

  0%|          | 0/8 [00:00<?, ?it/s]
100%|██████████| 8/8 [00:00<00:00, 302.68it/s]
json_stats: {"epoch": 101, "elapsed": 0.025302750000264496, "loss": 3.3252687166988766, }

  0%|          | 0/8 [00:00<?, ?it/s]
100%|██████████| 8/8 [00:00<00:00, 321.36it/s]
json_stats: {"epoch": 102, "elapsed": 0.023726958024781197, "loss": 3.3165990320040644, }

  0%|          | 0/8 [00:00<?, ?it/s]
100%|██████████| 8/8 [00:00<00:00, 334.44it/s]
json_stats: {"epoch": 103, "elapsed": 0.022653958993032575, "loss": 3.3111450227886365, }

  0%|          | 0/8 [00:00<?, ?it/s]
100%|██████████| 8/8 [00:00<00:00, 334.52it/s]
json_stats: {"epoch": 99, "elapsed": 0.023620583000592887, "loss": 3.3439400389127587, "sqnorm_min": 0.03541886433959007, "sqnorm_avg": 0.23622548580169678, "sqnorm_max": 0.27997785806655884, "mean_rank": 6.336082474226804, "map_rank": 0.28756023861529917, "best": true}

  0%|          | 0/8 [00:00<?, ?it/s]
100%|██████████| 8/8 [00:00<00:00, 305.69it/s]
json_stats: {"epoch": 105, "elapsed": 0.025020583998411894, "loss": 3.292122486957198, }

  0%|          | 0/8 [00:00<?, ?it/s]
100%|██████████| 8/8 [00:00<00:00, 297.33it/s]
json_stats: {"epoch": 106, "elapsed": 0.025701000005938113, "loss": 3.286135921724164, }

  0%|          | 0/8 [00:00<?, ?it/s]
100%|██████████| 8/8 [00:00<00:00, 322.74it/s]
json_stats: {"epoch": 107, "elapsed": 0.023575874976813793, "loss": 3.2771784375807, }

  0%|          | 0/8 [00:00<?, ?it/s]
100%|██████████| 8/8 [00:00<00:00, 324.56it/s]
json_stats: {"epoch": 108, "elapsed": 0.023518709000200033, "loss": 3.2728762595330334, }

  0%|          | 0/8 [00:00<?, ?it/s]
100%|██████████| 8/8 [00:00<00:00, 334.77it/s]
json_stats: {"epoch": 104, "elapsed": 0.02276737499050796, "loss": 3.3008883052920326, "sqnorm_min": 0.037312790751457214, "sqnorm_avg": 0.25062301754951477, "sqnorm_max": 0.2967502176761627, "mean_rank": 6.148453608247423, "map_rank": 0.30696102290508726, "best": true}

  0%|          | 0/8 [00:00<?, ?it/s]
100%|██████████| 8/8 [00:00<00:00, 318.78it/s]
json_stats: {"epoch": 110, "elapsed": 0.02396579197375104, "loss": 3.2575297860527854, }

  0%|          | 0/8 [00:00<?, ?it/s]
100%|██████████| 8/8 [00:00<00:00, 314.45it/s]
json_stats: {"epoch": 111, "elapsed": 0.024132291960995644, "loss": 3.243351065806031, }

  0%|          | 0/8 [00:00<?, ?it/s]
100%|██████████| 8/8 [00:00<00:00, 300.80it/s]
json_stats: {"epoch": 112, "elapsed": 0.025391999981366098, "loss": 3.239364410278579, }

  0%|          | 0/8 [00:00<?, ?it/s]
100%|██████████| 8/8 [00:00<00:00, 314.51it/s]
json_stats: {"epoch": 113, "elapsed": 0.024187917006202042, "loss": 3.2308763901309945, }

  0%|          | 0/8 [00:00<?, ?it/s]
100%|██████████| 8/8 [00:00<00:00, 321.31it/s]
json_stats: {"epoch": 109, "elapsed": 0.022700291010551155, "loss": 3.2622908205327708, "sqnorm_min": 0.03849668800830841, "sqnorm_avg": 0.26495611667633057, "sqnorm_max": 0.31113189458847046, "mean_rank": 6.218556701030928, "map_rank": 0.29833283264932203, "best": true}

  0%|          | 0/8 [00:00<?, ?it/s]
100%|██████████| 8/8 [00:00<00:00, 293.69it/s]
json_stats: {"epoch": 115, "elapsed": 0.026069207990076393, "loss": 3.214980736798158, }

  0%|          | 0/8 [00:00<?, ?it/s]
100%|██████████| 8/8 [00:00<00:00, 292.28it/s]
json_stats: {"epoch": 116, "elapsed": 0.0262207500054501, "loss": 3.2057434018269104, }

  0%|          | 0/8 [00:00<?, ?it/s]
100%|██████████| 8/8 [00:00<00:00, 315.67it/s]
json_stats: {"epoch": 117, "elapsed": 0.024036083952523768, "loss": 3.2012701041150704, }

  0%|          | 0/8 [00:00<?, ?it/s]
100%|██████████| 8/8 [00:00<00:00, 305.28it/s]
json_stats: {"epoch": 118, "elapsed": 0.024948707956355065, "loss": 3.19116314493862, }

  0%|          | 0/8 [00:00<?, ?it/s]
100%|██████████| 8/8 [00:00<00:00, 312.69it/s]
json_stats: {"epoch": 114, "elapsed": 0.023654707998503, "loss": 3.2223883923170558, "sqnorm_min": 0.04232507571578026, "sqnorm_avg": 0.2792107164859772, "sqnorm_max": 0.32771578431129456, "mean_rank": 5.756701030927835, "map_rank": 0.3368844675406431, "best": true}

  0%|          | 0/8 [00:00<?, ?it/s]
100%|██████████| 8/8 [00:00<00:00, 301.22it/s]
json_stats: {"epoch": 120, "elapsed": 0.025318958039861172, "loss": 3.177392780359189, }

  0%|          | 0/8 [00:00<?, ?it/s]
100%|██████████| 8/8 [00:00<00:00, 281.26it/s]
json_stats: {"epoch": 121, "elapsed": 0.027011917030904442, "loss": 3.168535998091972, }

  0%|          | 0/8 [00:00<?, ?it/s]
100%|██████████| 8/8 [00:00<00:00, 297.67it/s]
json_stats: {"epoch": 122, "elapsed": 0.025671708048321307, "loss": 3.1628302750844117, }

  0%|          | 0/8 [00:00<?, ?it/s]
100%|██████████| 8/8 [00:00<00:00, 310.64it/s]
json_stats: {"epoch": 123, "elapsed": 0.024522290972527117, "loss": 3.154441695479269, }

  0%|          | 0/8 [00:00<?, ?it/s]
100%|██████████| 8/8 [00:00<00:00, 304.49it/s]
json_stats: {"epoch": 119, "elapsed": 0.024424083007033914, "loss": 3.1844955350893547, "sqnorm_min": 0.04538387805223465, "sqnorm_avg": 0.2933797538280487, "sqnorm_max": 0.3427409827709198, "mean_rank": 6.098969072164948, "map_rank": 0.29727151821960496, "best": true}

  0%|          | 0/8 [00:00<?, ?it/s]
100%|██████████| 8/8 [00:00<00:00, 296.47it/s]
json_stats: {"epoch": 125, "elapsed": 0.025678915961179882, "loss": 3.143077398830563, }

  0%|          | 0/8 [00:00<?, ?it/s]
100%|██████████| 8/8 [00:00<00:00, 289.09it/s]
json_stats: {"epoch": 126, "elapsed": 0.026439999986905605, "loss": 3.1303524689006834, }

  0%|          | 0/8 [00:00<?, ?it/s]
100%|██████████| 8/8 [00:00<00:00, 311.32it/s]
json_stats: {"epoch": 127, "elapsed": 0.02445604099193588, "loss": 3.122534889809563, }

  0%|          | 0/8 [00:00<?, ?it/s]
100%|██████████| 8/8 [00:00<00:00, 309.26it/s]
json_stats: {"epoch": 128, "elapsed": 0.02459587500197813, "loss": 3.1124728771669075, }

  0%|          | 0/8 [00:00<?, ?it/s]
100%|██████████| 8/8 [00:00<00:00, 322.49it/s]
json_stats: {"epoch": 124, "elapsed": 0.025094249984249473, "loss": 3.146863685742746, "sqnorm_min": 0.04727558419108391, "sqnorm_avg": 0.30742359161376953, "sqnorm_max": 0.3569444417953491, "mean_rank": 6.195876288659794, "map_rank": 0.28826330087457985, "best": true}

  0%|          | 0/8 [00:00<?, ?it/s]
100%|██████████| 8/8 [00:00<00:00, 289.07it/s]
json_stats: {"epoch": 130, "elapsed": 0.026492250035516918, "loss": 3.1014734108941218, }

  0%|          | 0/8 [00:00<?, ?it/s]
100%|██████████| 8/8 [00:00<00:00, 285.20it/s]
json_stats: {"epoch": 131, "elapsed": 0.026721250033006072, "loss": 3.095113274884501, }

  0%|          | 0/8 [00:00<?, ?it/s]
100%|██████████| 8/8 [00:00<00:00, 311.82it/s]
json_stats: {"epoch": 132, "elapsed": 0.024425667012110353, "loss": 3.08193487589965, }

  0%|          | 0/8 [00:00<?, ?it/s]
100%|██████████| 8/8 [00:00<00:00, 322.01it/s]
json_stats: {"epoch": 133, "elapsed": 0.023634249984752387, "loss": 3.0740997534841834, }

  0%|          | 0/8 [00:00<?, ?it/s]
100%|██████████| 8/8 [00:00<00:00, 310.35it/s]
json_stats: {"epoch": 129, "elapsed": 0.02374554198468104, "loss": 3.106287800854534, "sqnorm_min": 0.049137648195028305, "sqnorm_avg": 0.3213564455509186, "sqnorm_max": 0.37297093868255615, "mean_rank": 5.876288659793815, "map_rank": 0.32131552521879364, "best": true}

  0%|          | 0/8 [00:00<?, ?it/s]
100%|██████████| 8/8 [00:00<00:00, 288.56it/s]
json_stats: {"epoch": 135, "elapsed": 0.026468833966646343, "loss": 3.0565692482754714, }

  0%|          | 0/8 [00:00<?, ?it/s]
100%|██████████| 8/8 [00:00<00:00, 285.05it/s]
json_stats: {"epoch": 136, "elapsed": 0.026868666987866163, "loss": 3.0513604806992696, }

  0%|          | 0/8 [00:00<?, ?it/s]
100%|██████████| 8/8 [00:00<00:00, 307.00it/s]
json_stats: {"epoch": 137, "elapsed": 0.024962541996501386, "loss": 3.0426234678352606, }

  0%|          | 0/8 [00:00<?, ?it/s]
100%|██████████| 8/8 [00:00<00:00, 320.96it/s]
json_stats: {"epoch": 138, "elapsed": 0.02373004099354148, "loss": 3.035556702619614, }

  0%|          | 0/8 [00:00<?, ?it/s]
100%|██████████| 8/8 [00:00<00:00, 317.74it/s]
json_stats: {"epoch": 134, "elapsed": 0.02461775002302602, "loss": 3.0643336118228612, "sqnorm_min": 0.05122441053390503, "sqnorm_avg": 0.3351792097091675, "sqnorm_max": 0.38739657402038574, "mean_rank": 5.8907216494845365, "map_rank": 0.30636199937529757, "best": true}

  0%|          | 0/8 [00:00<?, ?it/s]
100%|██████████| 8/8 [00:00<00:00, 277.67it/s]
json_stats: {"epoch": 140, "elapsed": 0.027649625029880553, "loss": 3.0141093392853007, }

  0%|          | 0/8 [00:00<?, ?it/s]
100%|██████████| 8/8 [00:00<00:00, 281.71it/s]
json_stats: {"epoch": 141, "elapsed": 0.027173749986104667, "loss": 3.0138002292223884, }

  0%|          | 0/8 [00:00<?, ?it/s]
100%|██████████| 8/8 [00:00<00:00, 301.90it/s]
json_stats: {"epoch": 142, "elapsed": 0.02534841699525714, "loss": 3.0024258116070093, }

  0%|          | 0/8 [00:00<?, ?it/s]
100%|██████████| 8/8 [00:00<00:00, 300.92it/s]
json_stats: {"epoch": 143, "elapsed": 0.025375208002515137, "loss": 2.9945965068686378, }

  0%|          | 0/8 [00:00<?, ?it/s]
100%|██████████| 8/8 [00:00<00:00, 315.60it/s]
json_stats: {"epoch": 139, "elapsed": 0.024131541955284774, "loss": 3.0273932900623635, "sqnorm_min": 0.053671106696128845, "sqnorm_avg": 0.34890684485435486, "sqnorm_max": 0.4035283029079437, "mean_rank": 5.616494845360824, "map_rank": 0.31888591091484303, "best": true}

  0%|          | 0/8 [00:00<?, ?it/s]
100%|██████████| 8/8 [00:00<00:00, 286.58it/s]
json_stats: {"epoch": 145, "elapsed": 0.026770375028718263, "loss": 2.975625608769624, }

  0%|          | 0/8 [00:00<?, ?it/s]
100%|██████████| 8/8 [00:00<00:00, 287.97it/s]
json_stats: {"epoch": 146, "elapsed": 0.026627832965459675, "loss": 2.964424055042117, }

  0%|          | 0/8 [00:00<?, ?it/s]
100%|██████████| 8/8 [00:00<00:00, 317.58it/s]
json_stats: {"epoch": 147, "elapsed": 0.024049874977208674, "loss": 2.9598831033022126, }

  0%|          | 0/8 [00:00<?, ?it/s]
100%|██████████| 8/8 [00:00<00:00, 311.12it/s]
json_stats: {"epoch": 148, "elapsed": 0.024539833015296608, "loss": 2.9515576586858536, }

  0%|          | 0/8 [00:00<?, ?it/s]
100%|██████████| 8/8 [00:00<00:00, 300.28it/s]
json_stats: {"epoch": 144, "elapsed": 0.024134624982252717, "loss": 2.9817633644556594, "sqnorm_min": 0.05570771545171738, "sqnorm_avg": 0.3625343143939972, "sqnorm_max": 0.4182887375354767, "mean_rank": 5.944329896907217, "map_rank": 0.2897607974779691, "best": true}

  0%|          | 0/8 [00:00<?, ?it/s]
100%|██████████| 8/8 [00:00<00:00, 270.01it/s]
json_stats: {"epoch": 150, "elapsed": 0.02838566596619785, "loss": 2.936673714380123, }

  0%|          | 0/8 [00:00<?, ?it/s]
100%|██████████| 8/8 [00:00<00:00, 283.57it/s]
json_stats: {"epoch": 151, "elapsed": 0.02707062498666346, "loss": 2.929492292449185, }

  0%|          | 0/8 [00:00<?, ?it/s]
100%|██████████| 8/8 [00:00<00:00, 302.32it/s]
json_stats: {"epoch": 152, "elapsed": 0.025315042003057897, "loss": 2.924201227919647, }

  0%|          | 0/8 [00:00<?, ?it/s]
100%|██████████| 8/8 [00:00<00:00, 307.91it/s]
json_stats: {"epoch": 153, "elapsed": 0.024864957958925515, "loss": 2.91659558678743, }

  0%|          | 0/8 [00:00<?, ?it/s]
100%|██████████| 8/8 [00:00<00:00, 295.32it/s]
json_stats: {"epoch": 149, "elapsed": 0.02546000003349036, "loss": 2.942880648322678, "sqnorm_min": 0.05691710487008095, "sqnorm_avg": 0.37607961893081665, "sqnorm_max": 0.4337446987628937, "mean_rank": 5.921649484536083, "map_rank": 0.3075298305411973, "best": true}

  0%|          | 0/8 [00:00<?, ?it/s]
100%|██████████| 8/8 [00:00<00:00, 281.66it/s]
json_stats: {"epoch": 155, "elapsed": 0.027252999949268997, "loss": 2.8940126495423657, }

  0%|          | 0/8 [00:00<?, ?it/s]
100%|██████████| 8/8 [00:00<00:00, 289.34it/s]
json_stats: {"epoch": 156, "elapsed": 0.026492707955185324, "loss": 2.883355093984524, }

  0%|          | 0/8 [00:00<?, ?it/s]
100%|██████████| 8/8 [00:00<00:00, 316.50it/s]
json_stats: {"epoch": 157, "elapsed": 0.024027124978601933, "loss": 2.88119583073144, }

  0%|          | 0/8 [00:00<?, ?it/s]
100%|██████████| 8/8 [00:00<00:00, 315.00it/s]
json_stats: {"epoch": 158, "elapsed": 0.024196999962441623, "loss": 2.8716815410354943, }

  0%|          | 0/8 [00:00<?, ?it/s]
100%|██████████| 8/8 [00:00<00:00, 334.39it/s]
json_stats: {"epoch": 154, "elapsed": 0.025879833032377064, "loss": 2.905058218278689, "sqnorm_min": 0.05692729726433754, "sqnorm_avg": 0.3894103765487671, "sqnorm_max": 0.4469118118286133, "mean_rank": 5.783505154639175, "map_rank": 0.3099162668321452, "best": true}

  0%|          | 0/8 [00:00<?, ?it/s]
100%|██████████| 8/8 [00:00<00:00, 311.56it/s]
json_stats: {"epoch": 160, "elapsed": 0.024446625029668212, "loss": 2.857057215097855, }

  0%|          | 0/8 [00:00<?, ?it/s]
100%|██████████| 8/8 [00:00<00:00, 288.75it/s]
json_stats: {"epoch": 161, "elapsed": 0.026503291039261967, "loss": 2.8495862500146645, }

  0%|          | 0/8 [00:00<?, ?it/s]
100%|██████████| 8/8 [00:00<00:00, 310.26it/s]
json_stats: {"epoch": 162, "elapsed": 0.024608165957033634, "loss": 2.8393654041700276, }

  0%|          | 0/8 [00:00<?, ?it/s]
100%|██████████| 8/8 [00:00<00:00, 336.23it/s]
json_stats: {"epoch": 163, "elapsed": 0.022738083032891154, "loss": 2.8306787693402224, }

  0%|          | 0/8 [00:00<?, ?it/s]
100%|██████████| 8/8 [00:00<00:00, 318.98it/s]
json_stats: {"epoch": 159, "elapsed": 0.022609875013586134, "loss": 2.860401471475453, "sqnorm_min": 0.05923936888575554, "sqnorm_avg": 0.402679979801178, "sqnorm_max": 0.4608764052391052, "mean_rank": 5.793814432989691, "map_rank": 0.2928973157007963, "best": true}

  0%|          | 0/8 [00:00<?, ?it/s]
100%|██████████| 8/8 [00:00<00:00, 298.38it/s]
json_stats: {"epoch": 165, "elapsed": 0.025652082986198366, "loss": 2.816705115279645, }

  0%|          | 0/8 [00:00<?, ?it/s]
100%|██████████| 8/8 [00:00<00:00, 290.81it/s]
json_stats: {"epoch": 166, "elapsed": 0.026282500009983778, "loss": 2.801650784535741, }

  0%|          | 0/8 [00:00<?, ?it/s]
100%|██████████| 8/8 [00:00<00:00, 318.03it/s]
json_stats: {"epoch": 167, "elapsed": 0.024009208020288497, "loss": 2.7981932581239106, }

  0%|          | 0/8 [00:00<?, ?it/s]
100%|██████████| 8/8 [00:00<00:00, 317.51it/s]
json_stats: {"epoch": 168, "elapsed": 0.024089958053082228, "loss": 2.7865521945766494, }

  0%|          | 0/8 [00:00<?, ?it/s]
100%|██████████| 8/8 [00:00<00:00, 320.66it/s]
json_stats: {"epoch": 164, "elapsed": 0.02383991697570309, "loss": 2.823611826613206, "sqnorm_min": 0.06186286360025406, "sqnorm_avg": 0.4157516062259674, "sqnorm_max": 0.47342827916145325, "mean_rank": 5.6969072164948455, "map_rank": 0.3080149810209169, "best": true}

  0%|          | 0/8 [00:00<?, ?it/s]
100%|██████████| 8/8 [00:00<00:00, 295.33it/s]
json_stats: {"epoch": 170, "elapsed": 0.02589291601907462, "loss": 2.7736673025764023, }

  0%|          | 0/8 [00:00<?, ?it/s]
100%|██████████| 8/8 [00:00<00:00, 305.73it/s]
json_stats: {"epoch": 171, "elapsed": 0.025043125031515956, "loss": 2.7628228064845395, }

  0%|          | 0/8 [00:00<?, ?it/s]
100%|██████████| 8/8 [00:00<00:00, 298.13it/s]
json_stats: {"epoch": 172, "elapsed": 0.02573154104175046, "loss": 2.755396582501708, }

  0%|          | 0/8 [00:00<?, ?it/s]
100%|██████████| 8/8 [00:00<00:00, 320.86it/s]
json_stats: {"epoch": 173, "elapsed": 0.02381937502650544, "loss": 2.7430798802790375, }

  0%|          | 0/8 [00:00<?, ?it/s]
100%|██████████| 8/8 [00:00<00:00, 330.33it/s]
json_stats: {"epoch": 169, "elapsed": 0.023966791050042957, "loss": 2.7784116893915636, "sqnorm_min": 0.06537310034036636, "sqnorm_avg": 0.42870792746543884, "sqnorm_max": 0.4876759946346283, "mean_rank": 5.835051546391752, "map_rank": 0.2799417132256176, "best": true}

  0%|          | 0/8 [00:00<?, ?it/s]
100%|██████████| 8/8 [00:00<00:00, 316.63it/s]
json_stats: {"epoch": 175, "elapsed": 0.024171416007447988, "loss": 2.732827015364834, }

  0%|          | 0/8 [00:00<?, ?it/s]
100%|██████████| 8/8 [00:00<00:00, 281.68it/s]
json_stats: {"epoch": 176, "elapsed": 0.027218250033911318, "loss": 2.730676198007248, }

  0%|          | 0/8 [00:00<?, ?it/s]
100%|██████████| 8/8 [00:00<00:00, 313.53it/s]
json_stats: {"epoch": 177, "elapsed": 0.024421459005679935, "loss": 2.7177699988626394, }

  0%|          | 0/8 [00:00<?, ?it/s]
100%|██████████| 8/8 [00:00<00:00, 311.78it/s]
json_stats: {"epoch": 178, "elapsed": 0.024525457993149757, "loss": 2.7041874780139725, }

  0%|          | 0/8 [00:00<?, ?it/s]
100%|██████████| 8/8 [00:00<00:00, 329.23it/s]
json_stats: {"epoch": 174, "elapsed": 0.023088415968231857, "loss": 2.7448242649803443, "sqnorm_min": 0.06695947051048279, "sqnorm_avg": 0.44149672985076904, "sqnorm_max": 0.5013635158538818, "mean_rank": 5.589690721649484, "map_rank": 0.30397248496331913, "best": true}

  0%|          | 0/8 [00:00<?, ?it/s]
100%|██████████| 8/8 [00:00<00:00, 306.27it/s]
json_stats: {"epoch": 180, "elapsed": 0.024953250016551465, "loss": 2.6871181211304407, }

  0%|          | 0/8 [00:00<?, ?it/s]
100%|██████████| 8/8 [00:00<00:00, 312.40it/s]
json_stats: {"epoch": 181, "elapsed": 0.024293042020872235, "loss": 2.6828958135954624, }

  0%|          | 0/8 [00:00<?, ?it/s]
100%|██████████| 8/8 [00:00<00:00, 315.74it/s]
json_stats: {"epoch": 182, "elapsed": 0.02420420799171552, "loss": 2.6691267194003356, }

  0%|          | 0/8 [00:00<?, ?it/s]
100%|██████████| 8/8 [00:00<00:00, 297.34it/s]
json_stats: {"epoch": 183, "elapsed": 0.025688875000923872, "loss": 2.6630718394663404, }

  0%|          | 0/8 [00:00<?, ?it/s]
100%|██████████| 8/8 [00:00<00:00, 307.61it/s]
json_stats: {"epoch": 179, "elapsed": 0.023146500054281205, "loss": 2.6976489067206977, "sqnorm_min": 0.06807040423154831, "sqnorm_avg": 0.4540903866291046, "sqnorm_max": 0.5136486887931824, "mean_rank": 5.31340206185567, "map_rank": 0.31133441004124934, "best": true}

  0%|          | 0/8 [00:00<?, ?it/s]
100%|██████████| 8/8 [00:00<00:00, 274.77it/s]
json_stats: {"epoch": 185, "elapsed": 0.027771290973760188, "loss": 2.641184135894024, }

  0%|          | 0/8 [00:00<?, ?it/s]
100%|██████████| 8/8 [00:00<00:00, 298.52it/s]
json_stats: {"epoch": 186, "elapsed": 0.025587790994904935, "loss": 2.636825390870965, }

  0%|          | 0/8 [00:00<?, ?it/s]
100%|██████████| 8/8 [00:00<00:00, 316.18it/s]
json_stats: {"epoch": 187, "elapsed": 0.02417920797597617, "loss": 2.6283583336241962, }

  0%|          | 0/8 [00:00<?, ?it/s]
100%|██████████| 8/8 [00:00<00:00, 321.75it/s]
json_stats: {"epoch": 188, "elapsed": 0.023774624976795167, "loss": 2.6275261364803084, }

  0%|          | 0/8 [00:00<?, ?it/s]
100%|██████████| 8/8 [00:00<00:00, 317.78it/s]
json_stats: {"epoch": 184, "elapsed": 0.02490237500751391, "loss": 2.654113971509753, "sqnorm_min": 0.06889636069536209, "sqnorm_avg": 0.46656128764152527, "sqnorm_max": 0.5273069143295288, "mean_rank": 5.579381443298969, "map_rank": 0.3060829969730972, "best": true}

  0%|          | 0/8 [00:00<?, ?it/s]
100%|██████████| 8/8 [00:00<00:00, 287.97it/s]
json_stats: {"epoch": 190, "elapsed": 0.02660933299921453, "loss": 2.612441098592495, }

  0%|          | 0/8 [00:00<?, ?it/s]
100%|██████████| 8/8 [00:00<00:00, 296.23it/s]
json_stats: {"epoch": 191, "elapsed": 0.02583737502573058, "loss": 2.596655162195014, }

  0%|          | 0/8 [00:00<?, ?it/s]
100%|██████████| 8/8 [00:00<00:00, 315.65it/s]
json_stats: {"epoch": 192, "elapsed": 0.024227249959949404, "loss": 2.5957699584235794, }

  0%|          | 0/8 [00:00<?, ?it/s]
100%|██████████| 8/8 [00:00<00:00, 324.02it/s]
json_stats: {"epoch": 193, "elapsed": 0.023573792015668005, "loss": 2.5839905151273177, }

  0%|          | 0/8 [00:00<?, ?it/s]
100%|██████████| 8/8 [00:00<00:00, 321.56it/s]
json_stats: {"epoch": 189, "elapsed": 0.024024875019676983, "loss": 2.614841882853595, "sqnorm_min": 0.0709412470459938, "sqnorm_avg": 0.47884461283683777, "sqnorm_max": 0.5390270352363586, "mean_rank": 5.461855670103093, "map_rank": 0.3118926642023685, "best": true}

  0%|          | 0/8 [00:00<?, ?it/s]
100%|██████████| 8/8 [00:00<00:00, 317.22it/s]
json_stats: {"epoch": 195, "elapsed": 0.023900667030829936, "loss": 2.570833096458238, }

  0%|          | 0/8 [00:00<?, ?it/s]
100%|██████████| 8/8 [00:00<00:00, 282.39it/s]
json_stats: {"epoch": 196, "elapsed": 0.027075332996901125, "loss": 2.5582795652717714, }

  0%|          | 0/8 [00:00<?, ?it/s]
100%|██████████| 8/8 [00:00<00:00, 323.42it/s]
json_stats: {"epoch": 197, "elapsed": 0.023519334034062922, "loss": 2.5525252942513976, }

  0%|          | 0/8 [00:00<?, ?it/s]
100%|██████████| 8/8 [00:00<00:00, 317.25it/s]
json_stats: {"epoch": 198, "elapsed": 0.0239597920444794, "loss": 2.53858493000586, }

  0%|          | 0/8 [00:00<?, ?it/s]
100%|██████████| 8/8 [00:00<00:00, 305.02it/s]
json_stats: {"epoch": 194, "elapsed": 0.023216874978970736, "loss": 2.5745798180559207, "sqnorm_min": 0.07340782135725021, "sqnorm_avg": 0.4908984899520874, "sqnorm_max": 0.5509976148605347, "mean_rank": 5.2556701030927835, "map_rank": 0.32450819874325265, "best": true}

  0%|          | 0/8 [00:00<?, ?it/s]
100%|██████████| 8/8 [00:00<00:00, 266.57it/s]
json_stats: {"epoch": 200, "elapsed": 0.02875512494938448, "loss": 2.527429489240516, }

  0%|          | 0/8 [00:00<?, ?it/s]
100%|██████████| 8/8 [00:00<00:00, 274.70it/s]
json_stats: {"epoch": 201, "elapsed": 0.02784770797006786, "loss": 2.5211212240757446, }

  0%|          | 0/8 [00:00<?, ?it/s]
100%|██████████| 8/8 [00:00<00:00, 305.82it/s]
json_stats: {"epoch": 202, "elapsed": 0.024959916016086936, "loss": 2.508764610379575, }

  0%|          | 0/8 [00:00<?, ?it/s]
100%|██████████| 8/8 [00:00<00:00, 310.36it/s]
json_stats: {"epoch": 203, "elapsed": 0.024446040973998606, "loss": 2.4973879208918532, }

  0%|          | 0/8 [00:00<?, ?it/s]
100%|██████████| 8/8 [00:00<00:00, 296.22it/s]
json_stats: {"epoch": 199, "elapsed": 0.02482004201738164, "loss": 2.533167059517674, "sqnorm_min": 0.07591728121042252, "sqnorm_avg": 0.5027773380279541, "sqnorm_max": 0.5628869533538818, "mean_rank": 5.4, "map_rank": 0.3127907542938497, "best": true}

  0%|          | 0/8 [00:00<?, ?it/s]
100%|██████████| 8/8 [00:00<00:00, 291.86it/s]
json_stats: {"epoch": 205, "elapsed": 0.026225000037811697, "loss": 2.48062197145107, }

  0%|          | 0/8 [00:00<?, ?it/s]
100%|██████████| 8/8 [00:00<00:00, 300.54it/s]
json_stats: {"epoch": 206, "elapsed": 0.02551350003341213, "loss": 2.4674131528191996, }

  0%|          | 0/8 [00:00<?, ?it/s]
100%|██████████| 8/8 [00:00<00:00, 307.29it/s]
json_stats: {"epoch": 207, "elapsed": 0.02487604197813198, "loss": 2.46786121815287, }

  0%|          | 0/8 [00:00<?, ?it/s]
100%|██████████| 8/8 [00:00<00:00, 309.88it/s]
json_stats: {"epoch": 208, "elapsed": 0.02461545803816989, "loss": 2.449060046559159, }

  0%|          | 0/8 [00:00<?, ?it/s]
100%|██████████| 8/8 [00:00<00:00, 316.62it/s]
json_stats: {"epoch": 204, "elapsed": 0.025743207952473313, "loss": 2.4913907550708583, "sqnorm_min": 0.07810846716165543, "sqnorm_avg": 0.5144532918930054, "sqnorm_max": 0.5742046236991882, "mean_rank": 5.263917525773196, "map_rank": 0.3193103904737745, "best": true}

  0%|          | 0/8 [00:00<?, ?it/s]
100%|██████████| 8/8 [00:00<00:00, 265.93it/s]
json_stats: {"epoch": 210, "elapsed": 0.028875957999844104, "loss": 2.4446934181148086, }

  0%|          | 0/8 [00:00<?, ?it/s]
100%|██████████| 8/8 [00:00<00:00, 285.44it/s]
json_stats: {"epoch": 211, "elapsed": 0.02687050000531599, "loss": 2.4331781793017484, }

  0%|          | 0/8 [00:00<?, ?it/s]
100%|██████████| 8/8 [00:00<00:00, 305.04it/s]
json_stats: {"epoch": 212, "elapsed": 0.02502770902356133, "loss": 2.4210327286412348, }

  0%|          | 0/8 [00:00<?, ?it/s]
100%|██████████| 8/8 [00:00<00:00, 310.02it/s]
json_stats: {"epoch": 213, "elapsed": 0.024760124972090125, "loss": 2.4213498622321037, }

  0%|          | 0/8 [00:00<?, ?it/s]
100%|██████████| 8/8 [00:00<00:00, 297.37it/s]
json_stats: {"epoch": 209, "elapsed": 0.023858374974224716, "loss": 2.445408594250665, "sqnorm_min": 0.0787200853228569, "sqnorm_avg": 0.5259639620780945, "sqnorm_max": 0.5860952734947205, "mean_rank": 5.274226804123711, "map_rank": 0.3192869223520974, "best": true}

  0%|          | 0/8 [00:00<?, ?it/s]
100%|██████████| 8/8 [00:00<00:00, 276.41it/s]
json_stats: {"epoch": 215, "elapsed": 0.027754125010687858, "loss": 2.4019713486648007, }

  0%|          | 0/8 [00:00<?, ?it/s]
100%|██████████| 8/8 [00:00<00:00, 274.57it/s]
json_stats: {"epoch": 216, "elapsed": 0.02795108302962035, "loss": 2.3932748612436594, }

  0%|          | 0/8 [00:00<?, ?it/s]
100%|██████████| 8/8 [00:00<00:00, 307.52it/s]
json_stats: {"epoch": 217, "elapsed": 0.02488129195990041, "loss": 2.3849702871486214, }

  0%|          | 0/8 [00:00<?, ?it/s]
100%|██████████| 8/8 [00:00<00:00, 300.97it/s]
json_stats: {"epoch": 218, "elapsed": 0.025439124961849302, "loss": 2.3787210168008057, }

  0%|          | 0/8 [00:00<?, ?it/s]
100%|██████████| 8/8 [00:00<00:00, 306.01it/s]
json_stats: {"epoch": 214, "elapsed": 0.02566237497376278, "loss": 2.409653047257374, "sqnorm_min": 0.07999495416879654, "sqnorm_avg": 0.5372059345245361, "sqnorm_max": 0.5972153544425964, "mean_rank": 5.041237113402062, "map_rank": 0.3275721289362729, "best": true}

  0%|          | 0/8 [00:00<?, ?it/s]
100%|██████████| 8/8 [00:00<00:00, 273.46it/s]
json_stats: {"epoch": 220, "elapsed": 0.028065291000530124, "loss": 2.3582638616385068, }

  0%|          | 0/8 [00:00<?, ?it/s]
100%|██████████| 8/8 [00:00<00:00, 282.85it/s]
json_stats: {"epoch": 221, "elapsed": 0.02712625003186986, "loss": 2.3583515352519395, }

  0%|          | 0/8 [00:00<?, ?it/s]
100%|██████████| 8/8 [00:00<00:00, 300.07it/s]
json_stats: {"epoch": 222, "elapsed": 0.025507541955448687, "loss": 2.3399295084599387, }

  0%|          | 0/8 [00:00<?, ?it/s]
100%|██████████| 8/8 [00:00<00:00, 299.61it/s]
json_stats: {"epoch": 223, "elapsed": 0.025548458041157573, "loss": 2.3328691425056, }

  0%|          | 0/8 [00:00<?, ?it/s]
100%|██████████| 8/8 [00:00<00:00, 309.18it/s]
json_stats: {"epoch": 219, "elapsed": 0.024968083016574383, "loss": 2.3649393818666753, "sqnorm_min": 0.08239414542913437, "sqnorm_avg": 0.5482394099235535, "sqnorm_max": 0.6082859039306641, "mean_rank": 5.243298969072165, "map_rank": 0.30224692054405455, "best": true}

  0%|          | 0/8 [00:00<?, ?it/s]
100%|██████████| 8/8 [00:00<00:00, 276.41it/s]
json_stats: {"epoch": 225, "elapsed": 0.027762249985244125, "loss": 2.3097925747629606, }

  0%|          | 0/8 [00:00<?, ?it/s]
100%|██████████| 8/8 [00:00<00:00, 279.63it/s]
json_stats: {"epoch": 226, "elapsed": 0.027472374960780144, "loss": 2.3150038472439216, }

  0%|          | 0/8 [00:00<?, ?it/s]
100%|██████████| 8/8 [00:00<00:00, 303.54it/s]
json_stats: {"epoch": 227, "elapsed": 0.02518599998438731, "loss": 2.2971457011086738, }

  0%|          | 0/8 [00:00<?, ?it/s]
100%|██████████| 8/8 [00:00<00:00, 308.42it/s]
json_stats: {"epoch": 228, "elapsed": 0.024806125031318516, "loss": 2.2945344126486678, }

  0%|          | 0/8 [00:00<?, ?it/s]
100%|██████████| 8/8 [00:00<00:00, 307.55it/s]
json_stats: {"epoch": 224, "elapsed": 0.02471154200611636, "loss": 2.3242880148109313, "sqnorm_min": 0.08384416252374649, "sqnorm_avg": 0.5590676069259644, "sqnorm_max": 0.6182610392570496, "mean_rank": 4.921649484536083, "map_rank": 0.3286145324040697, "best": true}

  0%|          | 0/8 [00:00<?, ?it/s]
100%|██████████| 8/8 [00:00<00:00, 284.46it/s]
json_stats: {"epoch": 230, "elapsed": 0.026970582955982536, "loss": 2.2732157078922315, }

  0%|          | 0/8 [00:00<?, ?it/s]
100%|██████████| 8/8 [00:00<00:00, 276.97it/s]
json_stats: {"epoch": 231, "elapsed": 0.027671415999066085, "loss": 2.2671486054065757, }

  0%|          | 0/8 [00:00<?, ?it/s]
100%|██████████| 8/8 [00:00<00:00, 305.71it/s]
json_stats: {"epoch": 232, "elapsed": 0.02505270898109302, "loss": 2.2592486286150875, }

  0%|          | 0/8 [00:00<?, ?it/s]
100%|██████████| 8/8 [00:00<00:00, 297.64it/s]
json_stats: {"epoch": 233, "elapsed": 0.025741958990693092, "loss": 2.258025780365235, }

  0%|          | 0/8 [00:00<?, ?it/s]
100%|██████████| 8/8 [00:00<00:00, 288.94it/s]
json_stats: {"epoch": 229, "elapsed": 0.024882542027626187, "loss": 2.291999274368737, "sqnorm_min": 0.08571849763393402, "sqnorm_avg": 0.5696836709976196, "sqnorm_max": 0.6288166046142578, "mean_rank": 5.002061855670103, "map_rank": 0.3224307505501849, "best": true}

  0%|          | 0/8 [00:00<?, ?it/s]
100%|██████████| 8/8 [00:00<00:00, 270.92it/s]
json_stats: {"epoch": 235, "elapsed": 0.02833987504709512, "loss": 2.2344270861480986, }

  0%|          | 0/8 [00:00<?, ?it/s]
100%|██████████| 8/8 [00:00<00:00, 280.29it/s]
json_stats: {"epoch": 236, "elapsed": 0.027390833012759686, "loss": 2.2256083602128736, }

  0%|          | 0/8 [00:00<?, ?it/s]
100%|██████████| 8/8 [00:00<00:00, 299.60it/s]
json_stats: {"epoch": 237, "elapsed": 0.025477082992438227, "loss": 2.223195658566942, }

  0%|          | 0/8 [00:00<?, ?it/s]
100%|██████████| 8/8 [00:00<00:00, 306.86it/s]
json_stats: {"epoch": 238, "elapsed": 0.02476558298803866, "loss": 2.210921019491235, }

  0%|          | 0/8 [00:00<?, ?it/s]
100%|██████████| 8/8 [00:00<00:00, 293.60it/s]
json_stats: {"epoch": 234, "elapsed": 0.026467166026122868, "loss": 2.2465529753232656, "sqnorm_min": 0.08762754499912262, "sqnorm_avg": 0.5800653100013733, "sqnorm_max": 0.6382173299789429, "mean_rank": 5.010309278350515, "map_rank": 0.3371687788449142, "best": true}

  0%|          | 0/8 [00:00<?, ?it/s]
100%|██████████| 8/8 [00:00<00:00, 291.27it/s]
json_stats: {"epoch": 240, "elapsed": 0.02625495899701491, "loss": 2.201953940137215, }

  0%|          | 0/8 [00:00<?, ?it/s]
100%|██████████| 8/8 [00:00<00:00, 285.45it/s]
json_stats: {"epoch": 241, "elapsed": 0.02689383301185444, "loss": 2.184601429198757, }

  0%|          | 0/8 [00:00<?, ?it/s]
100%|██████████| 8/8 [00:00<00:00, 311.20it/s]
json_stats: {"epoch": 242, "elapsed": 0.024550334026571363, "loss": 2.178549491057516, }

  0%|          | 0/8 [00:00<?, ?it/s]
100%|██████████| 8/8 [00:00<00:00, 304.45it/s]
json_stats: {"epoch": 243, "elapsed": 0.0252291249926202, "loss": 2.187046478841152, }

  0%|          | 0/8 [00:00<?, ?it/s]
100%|██████████| 8/8 [00:00<00:00, 285.36it/s]
json_stats: {"epoch": 239, "elapsed": 0.02598991699051112, "loss": 2.2094763189764204, "sqnorm_min": 0.08686380088329315, "sqnorm_avg": 0.5902085900306702, "sqnorm_max": 0.6480612754821777, "mean_rank": 5.016494845360825, "map_rank": 0.3313847083907403, "best": true}

  0%|          | 0/8 [00:00<?, ?it/s]
100%|██████████| 8/8 [00:00<00:00, 284.90it/s]
json_stats: {"epoch": 245, "elapsed": 0.026709083002060652, "loss": 2.166793832262712, }

  0%|          | 0/8 [00:00<?, ?it/s]
100%|██████████| 8/8 [00:00<00:00, 291.08it/s]
json_stats: {"epoch": 246, "elapsed": 0.026268000015988946, "loss": 2.159284458012851, }

  0%|          | 0/8 [00:00<?, ?it/s]
100%|██████████| 8/8 [00:00<00:00, 290.73it/s]
json_stats: {"epoch": 247, "elapsed": 0.0264290000195615, "loss": 2.1473835164571735, }

  0%|          | 0/8 [00:00<?, ?it/s]
100%|██████████| 8/8 [00:00<00:00, 305.52it/s]
json_stats: {"epoch": 248, "elapsed": 0.025049124960787594, "loss": 2.1296366819453167, }

  0%|          | 0/8 [00:00<?, ?it/s]
100%|██████████| 8/8 [00:00<00:00, 295.62it/s]
json_stats: {"epoch": 244, "elapsed": 0.0268112089834176, "loss": 2.1658823897708626, "sqnorm_min": 0.08904563635587692, "sqnorm_avg": 0.6000803112983704, "sqnorm_max": 0.6579964756965637, "mean_rank": 5.134020618556701, "map_rank": 0.33363679283490344, "best": true}

  0%|          | 0/8 [00:00<?, ?it/s]
100%|██████████| 8/8 [00:00<00:00, 268.62it/s]
json_stats: {"epoch": 250, "elapsed": 0.028638291987590492, "loss": 2.1236354161621143, }

  0%|          | 0/8 [00:00<?, ?it/s]
100%|██████████| 8/8 [00:00<00:00, 288.63it/s]
json_stats: {"epoch": 251, "elapsed": 0.026532291958574206, "loss": 2.107128078952353, }

  0%|          | 0/8 [00:00<?, ?it/s]
100%|██████████| 8/8 [00:00<00:00, 291.53it/s]
json_stats: {"epoch": 252, "elapsed": 0.02624108298914507, "loss": 2.10228801825739, }

  0%|          | 0/8 [00:00<?, ?it/s]
100%|██████████| 8/8 [00:00<00:00, 307.84it/s]
json_stats: {"epoch": 253, "elapsed": 0.02481433399952948, "loss": 2.1071841385477477, }

  0%|          | 0/8 [00:00<?, ?it/s]
100%|██████████| 8/8 [00:00<00:00, 308.44it/s]
json_stats: {"epoch": 249, "elapsed": 0.025887124997098, "loss": 2.1361008359003573, "sqnorm_min": 0.08846616744995117, "sqnorm_avg": 0.6096860766410828, "sqnorm_max": 0.6669332981109619, "mean_rank": 5.191752577319588, "map_rank": 0.32063241372092, "best": true}

  0%|          | 0/8 [00:00<?, ?it/s]
100%|██████████| 8/8 [00:00<00:00, 292.57it/s]
json_stats: {"epoch": 255, "elapsed": 0.02608266699826345, "loss": 2.08115466415003, }

  0%|          | 0/8 [00:00<?, ?it/s]
100%|██████████| 8/8 [00:00<00:00, 287.79it/s]
json_stats: {"epoch": 256, "elapsed": 0.026667165977414697, "loss": 2.0708461370167837, }

  0%|          | 0/8 [00:00<?, ?it/s]
100%|██████████| 8/8 [00:00<00:00, 304.46it/s]
json_stats: {"epoch": 257, "elapsed": 0.025155332987196743, "loss": 2.0755221029242477, }

  0%|          | 0/8 [00:00<?, ?it/s]
100%|██████████| 8/8 [00:00<00:00, 299.82it/s]
json_stats: {"epoch": 258, "elapsed": 0.02555604203371331, "loss": 2.0685463202725964, }

  0%|          | 0/8 [00:00<?, ?it/s]
100%|██████████| 8/8 [00:00<00:00, 297.77it/s]
json_stats: {"epoch": 254, "elapsed": 0.0247610830119811, "loss": 2.089255693469752, "sqnorm_min": 0.09010547399520874, "sqnorm_avg": 0.6190751791000366, "sqnorm_max": 0.676028847694397, "mean_rank": 5.0371134020618555, "map_rank": 0.32433147906947, "best": true}

  0%|          | 0/8 [00:00<?, ?it/s]
100%|██████████| 8/8 [00:00<00:00, 289.76it/s]
json_stats: {"epoch": 260, "elapsed": 0.02637683297507465, "loss": 2.043028099167474, }

  0%|          | 0/8 [00:00<?, ?it/s]
100%|██████████| 8/8 [00:00<00:00, 293.02it/s]
json_stats: {"epoch": 261, "elapsed": 0.02598758297972381, "loss": 2.0416109844581487, }

  0%|          | 0/8 [00:00<?, ?it/s]
100%|██████████| 8/8 [00:00<00:00, 312.12it/s]
json_stats: {"epoch": 262, "elapsed": 0.024460416985675693, "loss": 2.030861675797846, }

  0%|          | 0/8 [00:00<?, ?it/s]
100%|██████████| 8/8 [00:00<00:00, 318.65it/s]
json_stats: {"epoch": 263, "elapsed": 0.024149416014552116, "loss": 2.0295439735542695, }

  0%|          | 0/8 [00:00<?, ?it/s]
100%|██████████| 8/8 [00:00<00:00, 283.73it/s]
json_stats: {"epoch": 259, "elapsed": 0.025716041040141135, "loss": 2.0544413187073496, "sqnorm_min": 0.09236287325620651, "sqnorm_avg": 0.6282244920730591, "sqnorm_max": 0.6845566630363464, "mean_rank": 4.911340206185567, "map_rank": 0.33201402809738, "best": true}

  0%|          | 0/8 [00:00<?, ?it/s]
100%|██████████| 8/8 [00:00<00:00, 288.50it/s]
json_stats: {"epoch": 265, "elapsed": 0.026357625029049814, "loss": 2.0173896012479493, }

  0%|          | 0/8 [00:00<?, ?it/s]
100%|██████████| 8/8 [00:00<00:00, 279.16it/s]
json_stats: {"epoch": 266, "elapsed": 0.027431082969997078, "loss": 2.0015951911458925, }

  0%|          | 0/8 [00:00<?, ?it/s]
100%|██████████| 8/8 [00:00<00:00, 312.95it/s]
json_stats: {"epoch": 267, "elapsed": 0.024348874983843416, "loss": 1.9956581570956629, }

  0%|          | 0/8 [00:00<?, ?it/s]
100%|██████████| 8/8 [00:00<00:00, 325.47it/s]
json_stats: {"epoch": 268, "elapsed": 0.023375124961603433, "loss": 1.9885178755732213, }

  0%|          | 0/8 [00:00<?, ?it/s]
100%|██████████| 8/8 [00:00<00:00, 322.32it/s]
json_stats: {"epoch": 264, "elapsed": 0.026858458993956447, "loss": 2.019385122592369, "sqnorm_min": 0.09329589456319809, "sqnorm_avg": 0.6371139287948608, "sqnorm_max": 0.6930304765701294, "mean_rank": 4.870103092783505, "map_rank": 0.3234315023756791, "best": true}

  0%|          | 0/8 [00:00<?, ?it/s]
100%|██████████| 8/8 [00:00<00:00, 280.64it/s]
json_stats: {"epoch": 270, "elapsed": 0.027228624967392534, "loss": 1.9677403622553293, }

  0%|          | 0/8 [00:00<?, ?it/s]
100%|██████████| 8/8 [00:00<00:00, 285.54it/s]
json_stats: {"epoch": 271, "elapsed": 0.026781374996062368, "loss": 1.9588484952250875, }

  0%|          | 0/8 [00:00<?, ?it/s]
100%|██████████| 8/8 [00:00<00:00, 322.89it/s]
json_stats: {"epoch": 272, "elapsed": 0.02357345900963992, "loss": 1.950832246676048, }

  0%|          | 0/8 [00:00<?, ?it/s]
100%|██████████| 8/8 [00:00<00:00, 317.81it/s]
json_stats: {"epoch": 273, "elapsed": 0.023994082992430776, "loss": 1.9467216594429124, }

  0%|          | 0/8 [00:00<?, ?it/s]
100%|██████████| 8/8 [00:00<00:00, 322.26it/s]
json_stats: {"epoch": 269, "elapsed": 0.023505750054027885, "loss": 1.9700573904732122, "sqnorm_min": 0.09561117738485336, "sqnorm_avg": 0.6457762122154236, "sqnorm_max": 0.7006542086601257, "mean_rank": 4.779381443298969, "map_rank": 0.33767518718908673, "best": true}

  0%|          | 0/8 [00:00<?, ?it/s]
100%|██████████| 8/8 [00:00<00:00, 273.19it/s]
json_stats: {"epoch": 275, "elapsed": 0.02806520799640566, "loss": 1.9344985735813813, }

  0%|          | 0/8 [00:00<?, ?it/s]
100%|██████████| 8/8 [00:00<00:00, 285.55it/s]
json_stats: {"epoch": 276, "elapsed": 0.026792999997269362, "loss": 1.9467183144290796, }

  0%|          | 0/8 [00:00<?, ?it/s]
100%|██████████| 8/8 [00:00<00:00, 300.03it/s]
json_stats: {"epoch": 277, "elapsed": 0.02547704102471471, "loss": 1.9207450517453293, }

  0%|          | 0/8 [00:00<?, ?it/s]
100%|██████████| 8/8 [00:00<00:00, 303.49it/s]
json_stats: {"epoch": 278, "elapsed": 0.025193541951011866, "loss": 1.9078022556426824, }

  0%|          | 0/8 [00:00<?, ?it/s]
100%|██████████| 8/8 [00:00<00:00, 308.89it/s]
json_stats: {"epoch": 274, "elapsed": 0.02352745900861919, "loss": 1.9468581355600292, "sqnorm_min": 0.09645891934633255, "sqnorm_avg": 0.6542567014694214, "sqnorm_max": 0.7085277438163757, "mean_rank": 4.8639175257731955, "map_rank": 0.33677306917085376, "best": true}

  0%|          | 0/8 [00:00<?, ?it/s]
100%|██████████| 8/8 [00:00<00:00, 283.77it/s]
json_stats: {"epoch": 280, "elapsed": 0.026932541048154235, "loss": 1.9013356250109126, }

  0%|          | 0/8 [00:00<?, ?it/s]
100%|██████████| 8/8 [00:00<00:00, 275.02it/s]
json_stats: {"epoch": 281, "elapsed": 0.027737166034057736, "loss": 1.9026961909954325, }

  0%|          | 0/8 [00:00<?, ?it/s]
100%|██████████| 8/8 [00:00<00:00, 298.06it/s]
json_stats: {"epoch": 282, "elapsed": 0.025642917025834322, "loss": 1.8963591214223383, }

  0%|          | 0/8 [00:00<?, ?it/s]
100%|██████████| 8/8 [00:00<00:00, 302.54it/s]
json_stats: {"epoch": 283, "elapsed": 0.025009250035509467, "loss": 1.8829824590172437, }

  0%|          | 0/8 [00:00<?, ?it/s]
100%|██████████| 8/8 [00:00<00:00, 286.13it/s]
json_stats: {"epoch": 279, "elapsed": 0.024689125013537705, "loss": 1.9061055777651346, "sqnorm_min": 0.09807728976011276, "sqnorm_avg": 0.6624283790588379, "sqnorm_max": 0.7158702611923218, "mean_rank": 4.783505154639175, "map_rank": 0.33657255948580844, "best": true}

  0%|          | 0/8 [00:00<?, ?it/s]
100%|██████████| 8/8 [00:00<00:00, 277.73it/s]
json_stats: {"epoch": 285, "elapsed": 0.027578166977036744, "loss": 1.8587307065203018, }

  0%|          | 0/8 [00:00<?, ?it/s]
100%|██████████| 8/8 [00:00<00:00, 276.18it/s]
json_stats: {"epoch": 286, "elapsed": 0.027732249989639968, "loss": 1.8556803992445752, }

  0%|          | 0/8 [00:00<?, ?it/s]
100%|██████████| 8/8 [00:00<00:00, 306.88it/s]
json_stats: {"epoch": 287, "elapsed": 0.024952958978246897, "loss": 1.8466440037014098, }

  0%|          | 0/8 [00:00<?, ?it/s]
100%|██████████| 8/8 [00:00<00:00, 304.63it/s]
json_stats: {"epoch": 288, "elapsed": 0.025082666019443423, "loss": 1.8424594829960346, }

  0%|          | 0/8 [00:00<?, ?it/s]
100%|██████████| 8/8 [00:00<00:00, 318.90it/s]
json_stats: {"epoch": 284, "elapsed": 0.02675499999895692, "loss": 1.8766917825678884, "sqnorm_min": 0.0992315337061882, "sqnorm_avg": 0.6703560948371887, "sqnorm_max": 0.7239994406700134, "mean_rank": 4.843298969072165, "map_rank": 0.3488628933013087, "best": true}

  0%|          | 0/8 [00:00<?, ?it/s]
100%|██████████| 8/8 [00:00<00:00, 287.47it/s]
json_stats: {"epoch": 290, "elapsed": 0.0267065410153009, "loss": 1.8229007276195102, }

  0%|          | 0/8 [00:00<?, ?it/s]
100%|██████████| 8/8 [00:00<00:00, 280.97it/s]
json_stats: {"epoch": 291, "elapsed": 0.0272592079709284, "loss": 1.8297747519759704, }

  0%|          | 0/8 [00:00<?, ?it/s]
100%|██████████| 8/8 [00:00<00:00, 308.14it/s]
json_stats: {"epoch": 292, "elapsed": 0.0247581250150688, "loss": 1.8325728269086476, }

  0%|          | 0/8 [00:00<?, ?it/s]
100%|██████████| 8/8 [00:00<00:00, 315.76it/s]
json_stats: {"epoch": 293, "elapsed": 0.02411829197080806, "loss": 1.8131607424130003, }

  0%|          | 0/8 [00:00<?, ?it/s]
100%|██████████| 8/8 [00:00<00:00, 309.80it/s]
json_stats: {"epoch": 289, "elapsed": 0.023947665991727263, "loss": 1.832635514223251, "sqnorm_min": 0.1009371355175972, "sqnorm_avg": 0.6781154274940491, "sqnorm_max": 0.7303599715232849, "mean_rank": 4.756701030927835, "map_rank": 0.33536718511487873, "best": true}

  0%|          | 0/8 [00:00<?, ?it/s]
100%|██████████| 8/8 [00:00<00:00, 263.61it/s]
json_stats: {"epoch": 295, "elapsed": 0.029154209012631327, "loss": 1.7941252406555654, }

  0%|          | 0/8 [00:00<?, ?it/s]
100%|██████████| 8/8 [00:00<00:00, 274.46it/s]
json_stats: {"epoch": 296, "elapsed": 0.027969833987299353, "loss": 1.801588936824524, }

  0%|          | 0/8 [00:00<?, ?it/s]
100%|██████████| 8/8 [00:00<00:00, 309.36it/s]
json_stats: {"epoch": 297, "elapsed": 0.024748708005063236, "loss": 1.7844274815993009, }

  0%|          | 0/8 [00:00<?, ?it/s]
100%|██████████| 8/8 [00:00<00:00, 302.78it/s]
json_stats: {"epoch": 298, "elapsed": 0.025205083016771823, "loss": 1.772408362738621, }

  0%|          | 0/8 [00:00<?, ?it/s]
100%|██████████| 8/8 [00:00<00:00, 317.40it/s]
json_stats: {"epoch": 294, "elapsed": 0.024677833018358797, "loss": 1.8040534448502044, "sqnorm_min": 0.10246365517377853, "sqnorm_avg": 0.6855781078338623, "sqnorm_max": 0.7368682026863098, "mean_rank": 4.657731958762887, "map_rank": 0.34842174043476265, "best": true}
json_stats: {"epoch": 299, "elapsed": 0.024081042036414146, "loss": 1.7706067132194867, "sqnorm_min": 0.10098262876272202, "sqnorm_avg": 0.6928425431251526, "sqnorm_max": 0.7438763976097107, "mean_rank": 4.802061855670103, "map_rank": 0.3279284422095058, "best": true}
